[ 2017-07-14T17:05:27+08:00 ] 127.0.0.1 /4yue/rikao/7.14/index.php
INFO: [ app_init ] --START--
INFO: Run Behavior\BuildLiteBehavior [ RunTime:0.000066s ]
INFO: [ app_init ] --END-- [ RunTime:0.001766s ]
INFO: [ app_begin ] --START--
INFO: Run Behavior\ReadHtmlCacheBehavior [ RunTime:0.001831s ]
INFO: [ app_begin ] --END-- [ RunTime:0.001979s ]
INFO: [ view_parse ] --START--
INFO: Run Behavior\ParseTemplateBehavior [ RunTime:0.001604s ]
INFO: [ view_parse ] --END-- [ RunTime:0.001772s ]
INFO: [ view_filter ] --START--
INFO: Run Behavior\WriteHtmlCacheBehavior [ RunTime:0.001346s ]
INFO: [ view_filter ] --END-- [ RunTime:0.001466s ]
INFO: [ app_end ] --START--
INFO: Run Behavior\ShowPageTraceBehavior [ RunTime:0.001967s ]
INFO: [ app_end ] --END-- [ RunTime:0.002097s ]

[ 2017-07-14T17:21:54+08:00 ] 127.0.0.1 /4yue/rikao/7.14/index.php/Home/Type/form
INFO: [ app_init ] --START--
INFO: Run Behavior\BuildLiteBehavior [ RunTime:0.000032s ]
INFO: [ app_init ] --END-- [ RunTime:0.001457s ]
INFO: [ app_begin ] --START--
INFO: Run Behavior\ReadHtmlCacheBehavior [ RunTime:0.003594s ]
INFO: [ app_begin ] --END-- [ RunTime:0.003838s ]
ERR: 无法加载控制器:Type

[ 2017-07-14T17:22:10+08:00 ] 127.0.0.1 /4yue/rikao/7.14/index.php/Home/Type/form
INFO: [ app_init ] --START--
INFO: Run Behavior\BuildLiteBehavior [ RunTime:0.000014s ]
INFO: [ app_init ] --END-- [ RunTime:0.000549s ]
INFO: [ app_begin ] --START--
INFO: Run Behavior\ReadHtmlCacheBehavior [ RunTime:0.000708s ]
INFO: [ app_begin ] --END-- [ RunTime:0.000778s ]
SQL: SHOW COLUMNS FROM `type` [ RunTime:0.0276s ]
ERR: Think\Model:findOne方法不存在！

[ 2017-07-14T17:22:19+08:00 ] 127.0.0.1 /4yue/rikao/7.14/index.php/Home/Type/form
INFO: [ app_init ] --START--
INFO: Run Behavior\BuildLiteBehavior [ RunTime:0.000017s ]
INFO: [ app_init ] --END-- [ RunTime:0.000635s ]
INFO: [ app_begin ] --START--
INFO: Run Behavior\ReadHtmlCacheBehavior [ RunTime:0.000648s ]
INFO: [ app_begin ] --END-- [ RunTime:0.000720s ]
SQL: SHOW COLUMNS FROM `type` [ RunTime:0.0261s ]
NOTIC: [8] Undefined variable: tableName E:\web\Apache\htdocs\4yue\rikao\7.14\Application\Home\Model\TypeModel.class.php 第 7 行.
ERR: SQLSTATE[42000]: Syntax error or access violation: 1103 Incorrect table name ''

[ 2017-07-14T17:22:21+08:00 ] 127.0.0.1 /4yue/rikao/7.14/index.php/Home/Type/form
INFO: [ app_init ] --START--
INFO: Run Behavior\BuildLiteBehavior [ RunTime:0.000016s ]
INFO: [ app_init ] --END-- [ RunTime:0.000627s ]
INFO: [ app_begin ] --START--
INFO: Run Behavior\ReadHtmlCacheBehavior [ RunTime:0.000662s ]
INFO: [ app_begin ] --END-- [ RunTime:0.000724s ]
SQL: SHOW COLUMNS FROM `type` [ RunTime:0.0263s ]
NOTIC: [8] Undefined variable: tableName E:\web\Apache\htdocs\4yue\rikao\7.14\Application\Home\Model\TypeModel.class.php 第 7 行.
ERR: SQLSTATE[42000]: Syntax error or access violation: 1103 Incorrect table name ''

[ 2017-07-14T17:22:42+08:00 ] 127.0.0.1 /4yue/rikao/7.14/index.php/Home/Type/form
INFO: [ app_init ] --START--
INFO: Run Behavior\BuildLiteBehavior [ RunTime:0.000015s ]
INFO: [ app_init ] --END-- [ RunTime:0.000588s ]
INFO: [ app_begin ] --START--
INFO: Run Behavior\ReadHtmlCacheBehavior [ RunTime:0.000763s ]
INFO: [ app_begin ] --END-- [ RunTime:0.000826s ]
SQL: SHOW COLUMNS FROM `type` [ RunTime:0.0302s ]
NOTIC: [8] Undefined variable: tableName E:\web\Apache\htdocs\4yue\rikao\7.14\Application\Home\Model\TypeModel.class.php 第 7 行.
ERR: SQLSTATE[42000]: Syntax error or access violation: 1103 Incorrect table name ''

[ 2017-07-14T17:22:44+08:00 ] 127.0.0.1 /4yue/rikao/7.14/index.php/Home/Type/form
INFO: [ app_init ] --START--
INFO: Run Behavior\BuildLiteBehavior [ RunTime:0.000016s ]
INFO: [ app_init ] --END-- [ RunTime:0.000700s ]
INFO: [ app_begin ] --START--
INFO: Run Behavior\ReadHtmlCacheBehavior [ RunTime:0.000824s ]
INFO: [ app_begin ] --END-- [ RunTime:0.000888s ]
SQL: SHOW COLUMNS FROM `type` [ RunTime:0.0280s ]
NOTIC: [8] Undefined variable: tableName E:\web\Apache\htdocs\4yue\rikao\7.14\Application\Home\Model\TypeModel.class.php 第 7 行.
ERR: SQLSTATE[42000]: Syntax error or access violation: 1103 Incorrect table name ''

[ 2017-07-14T17:24:19+08:00 ] 127.0.0.1 /4yue/rikao/7.14/index.php/Home/Type/form
INFO: [ app_init ] --START--
INFO: Run Behavior\BuildLiteBehavior [ RunTime:0.000015s ]
INFO: [ app_init ] --END-- [ RunTime:0.000621s ]
INFO: [ app_begin ] --START--
INFO: Run Behavior\ReadHtmlCacheBehavior [ RunTime:0.000905s ]
INFO: [ app_begin ] --END-- [ RunTime:0.000977s ]
SQL: SHOW COLUMNS FROM `type` [ RunTime:0.0246s ]
SQL: SHOW COLUMNS FROM `type` [ RunTime:0.0243s ]
SQL: SELECT * FROM `type`  [ RunTime:0.0034s ]
ERR: 模板不存在:./Application/Home/View/Type/form.html

[ 2017-07-14T17:24:51+08:00 ] 127.0.0.1 /4yue/rikao/7.14/index.php/Home/Type/form
INFO: [ app_init ] --START--
INFO: Run Behavior\BuildLiteBehavior [ RunTime:0.000014s ]
INFO: [ app_init ] --END-- [ RunTime:0.000514s ]
INFO: [ app_begin ] --START--
INFO: Run Behavior\ReadHtmlCacheBehavior [ RunTime:0.000709s ]
INFO: [ app_begin ] --END-- [ RunTime:0.000782s ]
SQL: SHOW COLUMNS FROM `type` [ RunTime:0.1265s ]
NOTIC: [8] Undefined variable: tableName E:\web\Apache\htdocs\4yue\rikao\7.14\Application\Home\Model\TypeModel.class.php 第 7 行.
ERR: SQLSTATE[42000]: Syntax error or access violation: 1103 Incorrect table name ''

[ 2017-07-14T17:24:54+08:00 ] 127.0.0.1 /4yue/rikao/7.14/index.php/Home/Type/form
INFO: [ app_init ] --START--
INFO: Run Behavior\BuildLiteBehavior [ RunTime:0.000014s ]
INFO: [ app_init ] --END-- [ RunTime:0.000665s ]
INFO: [ app_begin ] --START--
INFO: Run Behavior\ReadHtmlCacheBehavior [ RunTime:0.000622s ]
INFO: [ app_begin ] --END-- [ RunTime:0.000682s ]
SQL: SHOW COLUMNS FROM `type` [ RunTime:0.0258s ]
NOTIC: [8] Undefined variable: tableName E:\web\Apache\htdocs\4yue\rikao\7.14\Application\Home\Model\TypeModel.class.php 第 7 行.
ERR: SQLSTATE[42000]: Syntax error or access violation: 1103 Incorrect table name ''

[ 2017-07-14T17:25:02+08:00 ] 127.0.0.1 /4yue/rikao/7.14/index.php/Home/Type/form
INFO: [ app_init ] --START--
INFO: Run Behavior\BuildLiteBehavior [ RunTime:0.000015s ]
INFO: [ app_init ] --END-- [ RunTime:0.000684s ]
INFO: [ app_begin ] --START--
INFO: Run Behavior\ReadHtmlCacheBehavior [ RunTime:0.000796s ]
INFO: [ app_begin ] --END-- [ RunTime:0.000860s ]
SQL: SHOW COLUMNS FROM `type` [ RunTime:0.0256s ]
SQL: SHOW COLUMNS FROM `type` [ RunTime:0.0302s ]
SQL: SELECT * FROM `type`  [ RunTime:0.0056s ]
ERR: 模板不存在:./Application/Home/View/Type/form.html

[ 2017-07-14T17:25:08+08:00 ] 127.0.0.1 /4yue/rikao/7.14/index.php/Home/Type/form
INFO: [ app_init ] --START--
INFO: Run Behavior\BuildLiteBehavior [ RunTime:0.000015s ]
INFO: [ app_init ] --END-- [ RunTime:0.000569s ]
INFO: [ app_begin ] --START--
INFO: Run Behavior\ReadHtmlCacheBehavior [ RunTime:0.000726s ]
INFO: [ app_begin ] --END-- [ RunTime:0.000800s ]
SQL: SHOW COLUMNS FROM `type` [ RunTime:0.0271s ]
SQL: SHOW COLUMNS FROM `type` [ RunTime:0.0272s ]
SQL: SELECT * FROM `type`  [ RunTime:0.0048s ]
ERR: 模板不存在:./Application/Home/View/Type/form.html

[ 2017-07-14T17:25:21+08:00 ] 127.0.0.1 /4yue/rikao/7.14/index.php/Home/Type/form
INFO: [ app_init ] --START--
INFO: Run Behavior\BuildLiteBehavior [ RunTime:0.000015s ]
INFO: [ app_init ] --END-- [ RunTime:0.000666s ]
INFO: [ app_begin ] --START--
INFO: Run Behavior\ReadHtmlCacheBehavior [ RunTime:0.000756s ]
INFO: [ app_begin ] --END-- [ RunTime:0.000821s ]
SQL: SHOW COLUMNS FROM `type` [ RunTime:0.0271s ]
SQL: SHOW COLUMNS FROM `type` [ RunTime:0.0260s ]
SQL: SELECT * FROM `type`  [ RunTime:0.0032s ]
INFO: [ view_parse ] --START--
INFO: [ template_filter ] --START--
INFO: Run Behavior\ContentReplaceBehavior [ RunTime:0.000083s ]
INFO: [ template_filter ] --END-- [ RunTime:0.000158s ]
INFO: Run Behavior\ParseTemplateBehavior [ RunTime:0.294710s ]
INFO: [ view_parse ] --END-- [ RunTime:0.294806s ]
INFO: [ view_filter ] --START--
INFO: Run Behavior\WriteHtmlCacheBehavior [ RunTime:0.000646s ]
INFO: [ view_filter ] --END-- [ RunTime:0.000707s ]
INFO: [ app_end ] --START--
INFO: Run Behavior\ShowPageTraceBehavior [ RunTime:0.000996s ]
INFO: [ app_end ] --END-- [ RunTime:0.001056s ]

[ 2017-07-14T17:25:24+08:00 ] 127.0.0.1 /4yue/rikao/7.14/index.php/Home/Type/form?name=&content=
INFO: [ app_init ] --START--
INFO: Run Behavior\BuildLiteBehavior [ RunTime:0.000015s ]
INFO: [ app_init ] --END-- [ RunTime:0.000642s ]
INFO: [ app_begin ] --START--
INFO: Run Behavior\ReadHtmlCacheBehavior [ RunTime:0.000650s ]
INFO: [ app_begin ] --END-- [ RunTime:0.000714s ]
SQL: SHOW COLUMNS FROM `type` [ RunTime:0.0258s ]
SQL: SHOW COLUMNS FROM `type` [ RunTime:0.0262s ]
SQL: SELECT * FROM `type`  [ RunTime:0.0061s ]
INFO: [ view_parse ] --START--
INFO: [ template_filter ] --START--
INFO: Run Behavior\ContentReplaceBehavior [ RunTime:0.000052s ]
INFO: [ template_filter ] --END-- [ RunTime:0.000115s ]
INFO: Run Behavior\ParseTemplateBehavior [ RunTime:0.009110s ]
INFO: [ view_parse ] --END-- [ RunTime:0.009187s ]
INFO: [ view_filter ] --START--
INFO: Run Behavior\WriteHtmlCacheBehavior [ RunTime:0.000658s ]
INFO: [ view_filter ] --END-- [ RunTime:0.000741s ]
INFO: [ app_end ] --START--
INFO: Run Behavior\ShowPageTraceBehavior [ RunTime:0.001448s ]
INFO: [ app_end ] --END-- [ RunTime:0.001577s ]

[ 2017-07-14T17:25:43+08:00 ] 127.0.0.1 /4yue/rikao/7.14/index.php/Home/Type/form?name=&content=
INFO: [ app_init ] --START--
INFO: Run Behavior\BuildLiteBehavior [ RunTime:0.000014s ]
INFO: [ app_init ] --END-- [ RunTime:0.000581s ]
INFO: [ app_begin ] --START--
INFO: Run Behavior\ReadHtmlCacheBehavior [ RunTime:0.000739s ]
INFO: [ app_begin ] --END-- [ RunTime:0.000807s ]
SQL: SHOW COLUMNS FROM `type` [ RunTime:0.0344s ]
SQL: SHOW COLUMNS FROM `type` [ RunTime:0.0261s ]
SQL: SELECT * FROM `type`  [ RunTime:0.0028s ]
INFO: [ view_parse ] --START--
INFO: [ template_filter ] --START--
INFO: Run Behavior\ContentReplaceBehavior [ RunTime:0.000072s ]
INFO: [ template_filter ] --END-- [ RunTime:0.000133s ]
INFO: Run Behavior\ParseTemplateBehavior [ RunTime:0.009903s ]
INFO: [ view_parse ] --END-- [ RunTime:0.010112s ]
INFO: [ view_filter ] --START--
INFO: Run Behavior\WriteHtmlCacheBehavior [ RunTime:0.000501s ]
INFO: [ view_filter ] --END-- [ RunTime:0.000557s ]
INFO: [ app_end ] --START--
INFO: Run Behavior\ShowPageTraceBehavior [ RunTime:0.000991s ]
INFO: [ app_end ] --END-- [ RunTime:0.001048s ]

[ 2017-07-14T17:27:27+08:00 ] 127.0.0.1 /4yue/rikao/7.14/index.php/Home/Type/form?name=%E4%BB%8A%E5%A4%A9%E6%89%93%E9%9B%B7%E4%BA%86&%24v%5B%27type_id%27%5D=on&%24v%5B%27type_id%27%5D=on&content=%E9%9B%B7%E5%A4%A7%E9%9B%A8%E5%B0%8F
INFO: [ app_init ] --START--
INFO: Run Behavior\BuildLiteBehavior [ RunTime:0.000015s ]
INFO: [ app_init ] --END-- [ RunTime:0.000695s ]
INFO: [ app_begin ] --START--
INFO: Run Behavior\ReadHtmlCacheBehavior [ RunTime:0.000931s ]
INFO: [ app_begin ] --END-- [ RunTime:0.000997s ]
SQL: SHOW COLUMNS FROM `type` [ RunTime:0.0267s ]
SQL: SHOW COLUMNS FROM `type` [ RunTime:0.0280s ]
SQL: SELECT * FROM `type`  [ RunTime:0.0050s ]
INFO: [ view_parse ] --START--
INFO: [ template_filter ] --START--
INFO: Run Behavior\ContentReplaceBehavior [ RunTime:0.000061s ]
INFO: [ template_filter ] --END-- [ RunTime:0.000132s ]
INFO: Run Behavior\ParseTemplateBehavior [ RunTime:0.008155s ]
INFO: [ view_parse ] --END-- [ RunTime:0.008220s ]
INFO: [ view_filter ] --START--
INFO: Run Behavior\WriteHtmlCacheBehavior [ RunTime:0.000607s ]
INFO: [ view_filter ] --END-- [ RunTime:0.000663s ]
INFO: [ app_end ] --START--
INFO: Run Behavior\ShowPageTraceBehavior [ RunTime:0.000928s ]
INFO: [ app_end ] --END-- [ RunTime:0.000988s ]

[ 2017-07-14T17:27:48+08:00 ] 127.0.0.1 /4yue/rikao/7.14/index.php/Home/Type/form?name=%E4%BB%8A%E5%A4%A9%E6%89%93%E9%9B%B7%E4%BA%86&%24v%5B%27type_id%27%5D=on&%24v%5B%27type_id%27%5D=on&content=%E9%9B%B7%E5%A4%A7%E9%9B%A8%E5%B0%8F
INFO: [ app_init ] --START--
INFO: Run Behavior\BuildLiteBehavior [ RunTime:0.000016s ]
INFO: [ app_init ] --END-- [ RunTime:0.000645s ]
INFO: [ app_begin ] --START--
INFO: Run Behavior\ReadHtmlCacheBehavior [ RunTime:0.000676s ]
INFO: [ app_begin ] --END-- [ RunTime:0.000740s ]
SQL: SHOW COLUMNS FROM `type` [ RunTime:0.0250s ]
SQL: SHOW COLUMNS FROM `type` [ RunTime:0.0278s ]
SQL: SELECT * FROM `type`  [ RunTime:0.0041s ]
INFO: [ view_parse ] --START--
INFO: [ template_filter ] --START--
INFO: Run Behavior\ContentReplaceBehavior [ RunTime:0.000059s ]
INFO: [ template_filter ] --END-- [ RunTime:0.000126s ]
INFO: Run Behavior\ParseTemplateBehavior [ RunTime:0.008521s ]
INFO: [ view_parse ] --END-- [ RunTime:0.008591s ]
INFO: [ view_filter ] --START--
INFO: Run Behavior\WriteHtmlCacheBehavior [ RunTime:0.000496s ]
INFO: [ view_filter ] --END-- [ RunTime:0.000553s ]
INFO: [ app_end ] --START--
INFO: Run Behavior\ShowPageTraceBehavior [ RunTime:0.000998s ]
INFO: [ app_end ] --END-- [ RunTime:0.001071s ]

[ 2017-07-14T17:27:50+08:00 ] 127.0.0.1 /4yue/rikao/7.14/index.php/Home/Type/form?name=&content=
INFO: [ app_init ] --START--
INFO: Run Behavior\BuildLiteBehavior [ RunTime:0.000017s ]
INFO: [ app_init ] --END-- [ RunTime:0.000600s ]
INFO: [ app_begin ] --START--
INFO: Run Behavior\ReadHtmlCacheBehavior [ RunTime:0.001633s ]
INFO: [ app_begin ] --END-- [ RunTime:0.001795s ]
SQL: SHOW COLUMNS FROM `type` [ RunTime:0.0283s ]
SQL: SHOW COLUMNS FROM `type` [ RunTime:0.0294s ]
SQL: SELECT * FROM `type`  [ RunTime:0.0046s ]
INFO: [ view_parse ] --START--
INFO: [ template_filter ] --START--
INFO: Run Behavior\ContentReplaceBehavior [ RunTime:0.000049s ]
INFO: [ template_filter ] --END-- [ RunTime:0.000117s ]
INFO: Run Behavior\ParseTemplateBehavior [ RunTime:0.008402s ]
INFO: [ view_parse ] --END-- [ RunTime:0.008477s ]
INFO: [ view_filter ] --START--
INFO: Run Behavior\WriteHtmlCacheBehavior [ RunTime:0.000486s ]
INFO: [ view_filter ] --END-- [ RunTime:0.000547s ]
INFO: [ app_end ] --START--
INFO: Run Behavior\ShowPageTraceBehavior [ RunTime:0.000864s ]
INFO: [ app_end ] --END-- [ RunTime:0.000924s ]

[ 2017-07-14T17:27:51+08:00 ] 127.0.0.1 /4yue/rikao/7.14/index.php/Home/Big/data.html
INFO: [ app_init ] --START--
INFO: Run Behavior\BuildLiteBehavior [ RunTime:0.000019s ]
INFO: [ app_init ] --END-- [ RunTime:0.000549s ]
INFO: [ app_begin ] --START--
INFO: Run Behavior\ReadHtmlCacheBehavior [ RunTime:0.000751s ]
INFO: [ app_begin ] --END-- [ RunTime:0.000817s ]
INFO: [ app_end ] --START--
INFO: Run Behavior\ShowPageTraceBehavior [ RunTime:0.000891s ]
INFO: [ app_end ] --END-- [ RunTime:0.000958s ]

[ 2017-07-14T17:28:13+08:00 ] 127.0.0.1 /4yue/rikao/7.14/index.php/Home/Big/data.html
INFO: [ app_init ] --START--
INFO: Run Behavior\BuildLiteBehavior [ RunTime:0.000019s ]
INFO: [ app_init ] --END-- [ RunTime:0.000736s ]
INFO: [ app_begin ] --START--
INFO: Run Behavior\ReadHtmlCacheBehavior [ RunTime:0.001149s ]
INFO: [ app_begin ] --END-- [ RunTime:0.001288s ]
INFO: [ app_end ] --START--
INFO: Run Behavior\ShowPageTraceBehavior [ RunTime:0.001084s ]
INFO: [ app_end ] --END-- [ RunTime:0.001167s ]

[ 2017-07-14T17:29:18+08:00 ] 127.0.0.1 /4yue/rikao/7.14/index.php/Home/Big/data.html
INFO: [ app_init ] --START--
INFO: Run Behavior\BuildLiteBehavior [ RunTime:0.000016s ]
INFO: [ app_init ] --END-- [ RunTime:0.000609s ]
INFO: [ app_begin ] --START--
INFO: Run Behavior\ReadHtmlCacheBehavior [ RunTime:0.001777s ]
INFO: [ app_begin ] --END-- [ RunTime:0.001924s ]
INFO: [ app_end ] --START--
INFO: Run Behavior\ShowPageTraceBehavior [ RunTime:0.000880s ]
INFO: [ app_end ] --END-- [ RunTime:0.000952s ]

[ 2017-07-14T17:29:21+08:00 ] 127.0.0.1 /4yue/rikao/7.14/index.php/Home/Type/form?name=&content=
INFO: [ app_init ] --START--
INFO: Run Behavior\BuildLiteBehavior [ RunTime:0.000040s ]
INFO: [ app_init ] --END-- [ RunTime:0.000867s ]
INFO: [ app_begin ] --START--
INFO: Run Behavior\ReadHtmlCacheBehavior [ RunTime:0.000808s ]
INFO: [ app_begin ] --END-- [ RunTime:0.000885s ]
SQL: SHOW COLUMNS FROM `type` [ RunTime:0.1399s ]
SQL: SHOW COLUMNS FROM `type` [ RunTime:0.0290s ]
SQL: SELECT * FROM `type`  [ RunTime:0.0043s ]
INFO: [ view_parse ] --START--
INFO: [ template_filter ] --START--
INFO: Run Behavior\ContentReplaceBehavior [ RunTime:0.000168s ]
INFO: [ template_filter ] --END-- [ RunTime:0.000540s ]
INFO: Run Behavior\ParseTemplateBehavior [ RunTime:0.010732s ]
INFO: [ view_parse ] --END-- [ RunTime:0.010806s ]
INFO: [ view_filter ] --START--
INFO: Run Behavior\WriteHtmlCacheBehavior [ RunTime:0.000602s ]
INFO: [ view_filter ] --END-- [ RunTime:0.000657s ]
INFO: [ app_end ] --START--
INFO: Run Behavior\ShowPageTraceBehavior [ RunTime:0.000977s ]
INFO: [ app_end ] --END-- [ RunTime:0.001046s ]

[ 2017-07-14T17:29:21+08:00 ] 127.0.0.1 /4yue/rikao/7.14/index.php/Home/Big/data.html
INFO: [ app_init ] --START--
INFO: Run Behavior\BuildLiteBehavior [ RunTime:0.000016s ]
INFO: [ app_init ] --END-- [ RunTime:0.000767s ]
INFO: [ app_begin ] --START--
INFO: Run Behavior\ReadHtmlCacheBehavior [ RunTime:0.000742s ]
INFO: [ app_begin ] --END-- [ RunTime:0.000819s ]
INFO: [ app_end ] --START--
INFO: Run Behavior\ShowPageTraceBehavior [ RunTime:0.000884s ]
INFO: [ app_end ] --END-- [ RunTime:0.000949s ]

[ 2017-07-14T17:29:25+08:00 ] 127.0.0.1 /4yue/rikao/7.14/index.php/Home/Big/data.html
INFO: [ app_init ] --START--
INFO: Run Behavior\BuildLiteBehavior [ RunTime:0.000084s ]
INFO: [ app_init ] --END-- [ RunTime:0.000668s ]
INFO: [ app_begin ] --START--
INFO: Run Behavior\ReadHtmlCacheBehavior [ RunTime:0.002145s ]
INFO: [ app_begin ] --END-- [ RunTime:0.002621s ]
INFO: [ app_end ] --START--
INFO: Run Behavior\ShowPageTraceBehavior [ RunTime:0.001039s ]
INFO: [ app_end ] --END-- [ RunTime:0.001133s ]

[ 2017-07-14T19:04:17+08:00 ] 127.0.0.1 /4yue/rikao/7.14/index.php/Home/Type/form?name=&content=
INFO: [ app_init ] --START--
INFO: Run Behavior\BuildLiteBehavior [ RunTime:0.000014s ]
INFO: [ app_init ] --END-- [ RunTime:0.000745s ]
INFO: [ app_begin ] --START--
INFO: Run Behavior\ReadHtmlCacheBehavior [ RunTime:0.000776s ]
INFO: [ app_begin ] --END-- [ RunTime:0.000838s ]
SQL: SHOW COLUMNS FROM `type` [ RunTime:0.0230s ]
NOTIC: [8] Undefined variable: tableName E:\web\Apache\htdocs\4yue\rikao\7.14\Application\Home\Model\TypeModel.class.php 第 7 行.
ERR: SQLSTATE[42000]: Syntax error or access violation: 1103 Incorrect table name ''

[ 2017-07-14T19:04:38+08:00 ] 127.0.0.1 /4yue/rikao/7.14/index.php/Home/Type/form?name=&content=
INFO: [ app_init ] --START--
INFO: Run Behavior\BuildLiteBehavior [ RunTime:0.000015s ]
INFO: [ app_init ] --END-- [ RunTime:0.000627s ]
INFO: [ app_begin ] --START--
INFO: Run Behavior\ReadHtmlCacheBehavior [ RunTime:0.000727s ]
INFO: [ app_begin ] --END-- [ RunTime:0.000788s ]
SQL: SHOW COLUMNS FROM `type` [ RunTime:0.0227s ]
NOTIC: [8] Undefined variable: tableName E:\web\Apache\htdocs\4yue\rikao\7.14\Application\Home\Model\TypeModel.class.php 第 7 行.
ERR: SQLSTATE[42000]: Syntax error or access violation: 1103 Incorrect table name ''

[ 2017-07-14T19:05:45+08:00 ] 127.0.0.1 /4yue/rikao/7.14/index.php/Home/Type/form?name=&content=
INFO: [ app_init ] --START--
INFO: Run Behavior\BuildLiteBehavior [ RunTime:0.000016s ]
INFO: [ app_init ] --END-- [ RunTime:0.000594s ]
INFO: [ app_begin ] --START--
INFO: Run Behavior\ReadHtmlCacheBehavior [ RunTime:0.000772s ]
INFO: [ app_begin ] --END-- [ RunTime:0.000837s ]
SQL: SHOW COLUMNS FROM `type` [ RunTime:0.0232s ]
SQL: SHOW COLUMNS FROM `type` [ RunTime:0.0560s ]
SQL: SELECT * FROM `type`  [ RunTime:0.0095s ]
INFO: [ view_parse ] --START--
INFO: [ template_filter ] --START--
INFO: Run Behavior\ContentReplaceBehavior [ RunTime:0.000082s ]
INFO: [ template_filter ] --END-- [ RunTime:0.000187s ]
INFO: Run Behavior\ParseTemplateBehavior [ RunTime:0.019120s ]
INFO: [ view_parse ] --END-- [ RunTime:0.019320s ]
INFO: [ view_filter ] --START--
INFO: Run Behavior\WriteHtmlCacheBehavior [ RunTime:0.001128s ]
INFO: [ view_filter ] --END-- [ RunTime:0.001235s ]
INFO: [ app_end ] --START--
INFO: Run Behavior\ShowPageTraceBehavior [ RunTime:0.001487s ]
INFO: [ app_end ] --END-- [ RunTime:0.001610s ]

[ 2017-07-14T19:06:00+08:00 ] 127.0.0.1 /4yue/rikao/7.14/index.php/Home/Big/data.html
INFO: [ app_init ] --START--
INFO: Run Behavior\BuildLiteBehavior [ RunTime:0.000016s ]
INFO: [ app_init ] --END-- [ RunTime:0.000611s ]
INFO: [ app_begin ] --START--
INFO: Run Behavior\ReadHtmlCacheBehavior [ RunTime:0.000695s ]
INFO: [ app_begin ] --END-- [ RunTime:0.000758s ]
SQL: SHOW COLUMNS FROM `big` [ RunTime:0.0239s ]
ERR: Think\Model:addOne方法不存在！

[ 2017-07-14T19:08:55+08:00 ] 127.0.0.1 /4yue/rikao/7.14/index.php/Home/Big/data.html
INFO: [ app_init ] --START--
INFO: Run Behavior\BuildLiteBehavior [ RunTime:0.000018s ]
INFO: [ app_init ] --END-- [ RunTime:0.000762s ]
INFO: [ app_begin ] --START--
INFO: Run Behavior\ReadHtmlCacheBehavior [ RunTime:0.000921s ]
INFO: [ app_begin ] --END-- [ RunTime:0.000990s ]

[ 2017-07-14T19:09:19+08:00 ] 127.0.0.1 /4yue/rikao/7.14/index.php/Home/Big/data.html
INFO: [ app_init ] --START--
INFO: Run Behavior\BuildLiteBehavior [ RunTime:0.000036s ]
INFO: [ app_init ] --END-- [ RunTime:0.001046s ]
INFO: [ app_begin ] --START--
INFO: Run Behavior\ReadHtmlCacheBehavior [ RunTime:0.001414s ]
INFO: [ app_begin ] --END-- [ RunTime:0.001560s ]

[ 2017-07-14T19:09:45+08:00 ] 127.0.0.1 /4yue/rikao/7.14/index.php/Home/Big/data.html
INFO: [ app_init ] --START--
INFO: Run Behavior\BuildLiteBehavior [ RunTime:0.000014s ]
INFO: [ app_init ] --END-- [ RunTime:0.000584s ]
INFO: [ app_begin ] --START--
INFO: Run Behavior\ReadHtmlCacheBehavior [ RunTime:0.000752s ]
INFO: [ app_begin ] --END-- [ RunTime:0.000817s ]

[ 2017-07-14T19:09:56+08:00 ] 127.0.0.1 /4yue/rikao/7.14/index.php/Home/Big/data.html
INFO: [ app_init ] --START--
INFO: Run Behavior\BuildLiteBehavior [ RunTime:0.000029s ]
INFO: [ app_init ] --END-- [ RunTime:0.001332s ]
INFO: [ app_begin ] --START--
INFO: Run Behavior\ReadHtmlCacheBehavior [ RunTime:0.001276s ]
INFO: [ app_begin ] --END-- [ RunTime:0.001428s ]

[ 2017-07-14T19:10:05+08:00 ] 127.0.0.1 /4yue/rikao/7.14/index.php/Home/Big/data.html
INFO: [ app_init ] --START--
INFO: Run Behavior\BuildLiteBehavior [ RunTime:0.000015s ]
INFO: [ app_init ] --END-- [ RunTime:0.000601s ]
INFO: [ app_begin ] --START--
INFO: Run Behavior\ReadHtmlCacheBehavior [ RunTime:0.000767s ]
INFO: [ app_begin ] --END-- [ RunTime:0.000846s ]
SQL: SHOW COLUMNS FROM `big` [ RunTime:0.0396s ]

[ 2017-07-14T19:10:38+08:00 ] 127.0.0.1 /4yue/rikao/7.14/index.php/Home/Big/data.html
INFO: [ app_init ] --START--
INFO: Run Behavior\BuildLiteBehavior [ RunTime:0.000023s ]
INFO: [ app_init ] --END-- [ RunTime:0.000869s ]
INFO: [ app_begin ] --START--
INFO: Run Behavior\ReadHtmlCacheBehavior [ RunTime:0.001068s ]
INFO: [ app_begin ] --END-- [ RunTime:0.001169s ]
SQL: SHOW COLUMNS FROM `big` [ RunTime:0.0365s ]

[ 2017-07-14T19:10:46+08:00 ] 127.0.0.1 /4yue/rikao/7.14/index.php/Home/Big/data.html
INFO: [ app_init ] --START--
INFO: Run Behavior\BuildLiteBehavior [ RunTime:0.000015s ]
INFO: [ app_init ] --END-- [ RunTime:0.000541s ]
INFO: [ app_begin ] --START--
INFO: Run Behavior\ReadHtmlCacheBehavior [ RunTime:0.000688s ]
INFO: [ app_begin ] --END-- [ RunTime:0.000761s ]
SQL: SHOW COLUMNS FROM `big` [ RunTime:0.0286s ]

[ 2017-07-14T19:12:35+08:00 ] 127.0.0.1 /4yue/rikao/7.14/index.php/Home/Big/data.html
INFO: [ app_init ] --START--
INFO: Run Behavior\BuildLiteBehavior [ RunTime:0.000027s ]
INFO: [ app_init ] --END-- [ RunTime:0.001282s ]
INFO: [ app_begin ] --START--
INFO: Run Behavior\ReadHtmlCacheBehavior [ RunTime:0.001409s ]
INFO: [ app_begin ] --END-- [ RunTime:0.001539s ]

[ 2017-07-14T19:12:46+08:00 ] 127.0.0.1 /4yue/rikao/7.14/index.php/Home/Big/data.html
INFO: [ app_init ] --START--
INFO: Run Behavior\BuildLiteBehavior [ RunTime:0.000023s ]
INFO: [ app_init ] --END-- [ RunTime:0.000902s ]
INFO: [ app_begin ] --START--
INFO: Run Behavior\ReadHtmlCacheBehavior [ RunTime:0.001076s ]
INFO: [ app_begin ] --END-- [ RunTime:0.001187s ]
SQL: SHOW COLUMNS FROM `big` [ RunTime:0.4972s ]
NOTIC: [2] implode(): Invalid arguments passed E:\web\Apache\htdocs\4yue\rikao\7.14\Application\Home\Model\BigModel.class.php 第 7 行.

[ 2017-07-14T19:13:02+08:00 ] 127.0.0.1 /4yue/rikao/7.14/index.php/Home/Big/data.html
INFO: [ app_init ] --START--
INFO: Run Behavior\BuildLiteBehavior [ RunTime:0.000030s ]
INFO: [ app_init ] --END-- [ RunTime:0.001118s ]
INFO: [ app_begin ] --START--
INFO: Run Behavior\ReadHtmlCacheBehavior [ RunTime:0.001543s ]
INFO: [ app_begin ] --END-- [ RunTime:0.001733s ]
SQL: SHOW COLUMNS FROM `big` [ RunTime:0.0610s ]
NOTIC: [2] implode(): Invalid arguments passed E:\web\Apache\htdocs\4yue\rikao\7.14\Application\Home\Model\BigModel.class.php 第 8 行.

[ 2017-07-14T19:14:00+08:00 ] 127.0.0.1 /4yue/rikao/7.14/index.php/Home/Big/data.html
INFO: [ app_init ] --START--
INFO: Run Behavior\BuildLiteBehavior [ RunTime:0.000025s ]
INFO: [ app_init ] --END-- [ RunTime:0.000757s ]
INFO: [ app_begin ] --START--
INFO: Run Behavior\ReadHtmlCacheBehavior [ RunTime:0.000793s ]
INFO: [ app_begin ] --END-- [ RunTime:0.000892s ]
SQL: SHOW COLUMNS FROM `big` [ RunTime:0.0290s ]
NOTIC: [2] implode(): Invalid arguments passed E:\web\Apache\htdocs\4yue\rikao\7.14\Application\Home\Model\BigModel.class.php 第 7 行.

[ 2017-07-14T19:14:07+08:00 ] 127.0.0.1 /4yue/rikao/7.14/index.php/Home/Type/form?name=&content=
INFO: [ app_init ] --START--
INFO: Run Behavior\BuildLiteBehavior [ RunTime:0.000020s ]
INFO: [ app_init ] --END-- [ RunTime:0.000668s ]
INFO: [ app_begin ] --START--
INFO: Run Behavior\ReadHtmlCacheBehavior [ RunTime:0.000608s ]
INFO: [ app_begin ] --END-- [ RunTime:0.000668s ]
SQL: SHOW COLUMNS FROM `type` [ RunTime:0.0253s ]
SQL: SHOW COLUMNS FROM `type` [ RunTime:0.0840s ]
SQL: SELECT * FROM `type`  [ RunTime:0.0083s ]
INFO: [ view_parse ] --START--
INFO: [ template_filter ] --START--
INFO: Run Behavior\ContentReplaceBehavior [ RunTime:0.000104s ]
INFO: [ template_filter ] --END-- [ RunTime:0.000251s ]
INFO: Run Behavior\ParseTemplateBehavior [ RunTime:0.019156s ]
INFO: [ view_parse ] --END-- [ RunTime:0.019334s ]
INFO: [ view_filter ] --START--
INFO: Run Behavior\WriteHtmlCacheBehavior [ RunTime:0.001453s ]
INFO: [ view_filter ] --END-- [ RunTime:0.001620s ]
INFO: [ app_end ] --START--
INFO: Run Behavior\ShowPageTraceBehavior [ RunTime:0.002172s ]
INFO: [ app_end ] --END-- [ RunTime:0.002305s ]

[ 2017-07-14T19:14:09+08:00 ] 127.0.0.1 /4yue/rikao/7.14/index.php/Home/Big/data.html
INFO: [ app_init ] --START--
INFO: Run Behavior\BuildLiteBehavior [ RunTime:0.000040s ]
INFO: [ app_init ] --END-- [ RunTime:0.001023s ]
INFO: [ app_begin ] --START--
INFO: Run Behavior\ReadHtmlCacheBehavior [ RunTime:0.000700s ]
INFO: [ app_begin ] --END-- [ RunTime:0.000782s ]
SQL: SHOW COLUMNS FROM `big` [ RunTime:0.0257s ]
NOTIC: [2] implode(): Invalid arguments passed E:\web\Apache\htdocs\4yue\rikao\7.14\Application\Home\Model\BigModel.class.php 第 7 行.

[ 2017-07-14T19:14:35+08:00 ] 127.0.0.1 /4yue/rikao/7.14/index.php/Home/Big/data.html
INFO: [ app_init ] --START--
INFO: Run Behavior\BuildLiteBehavior [ RunTime:0.000014s ]
INFO: [ app_init ] --END-- [ RunTime:0.000578s ]
INFO: [ app_begin ] --START--
INFO: Run Behavior\ReadHtmlCacheBehavior [ RunTime:0.000749s ]
INFO: [ app_begin ] --END-- [ RunTime:0.000814s ]
SQL: SHOW COLUMNS FROM `big` [ RunTime:0.0521s ]
NOTIC: [2] implode(): Invalid arguments passed E:\web\Apache\htdocs\4yue\rikao\7.14\Application\Home\Model\BigModel.class.php 第 7 行.

[ 2017-07-14T19:14:50+08:00 ] 127.0.0.1 /4yue/rikao/7.14/index.php/Home/Big/data.html
INFO: [ app_init ] --START--
INFO: Run Behavior\BuildLiteBehavior [ RunTime:0.000014s ]
INFO: [ app_init ] --END-- [ RunTime:0.000619s ]
INFO: [ app_begin ] --START--
INFO: Run Behavior\ReadHtmlCacheBehavior [ RunTime:0.000931s ]
INFO: [ app_begin ] --END-- [ RunTime:0.001005s ]

[ 2017-07-14T19:14:57+08:00 ] 127.0.0.1 /4yue/rikao/7.14/index.php/Home/Big/data.html
INFO: [ app_init ] --START--
INFO: Run Behavior\BuildLiteBehavior [ RunTime:0.000016s ]
INFO: [ app_init ] --END-- [ RunTime:0.000779s ]
INFO: [ app_begin ] --START--
INFO: Run Behavior\ReadHtmlCacheBehavior [ RunTime:0.000719s ]
INFO: [ app_begin ] --END-- [ RunTime:0.000784s ]

[ 2017-07-14T19:15:02+08:00 ] 127.0.0.1 /4yue/rikao/7.14/index.php/Home/Big/data.html
INFO: [ app_init ] --START--
INFO: Run Behavior\BuildLiteBehavior [ RunTime:0.000018s ]
INFO: [ app_init ] --END-- [ RunTime:0.000603s ]
INFO: [ app_begin ] --START--
INFO: Run Behavior\ReadHtmlCacheBehavior [ RunTime:0.000675s ]
INFO: [ app_begin ] --END-- [ RunTime:0.000746s ]

[ 2017-07-14T19:15:07+08:00 ] 127.0.0.1 /4yue/rikao/7.14/index.php/Home/Big/data.html
INFO: [ app_init ] --START--
INFO: Run Behavior\BuildLiteBehavior [ RunTime:0.000013s ]
INFO: [ app_init ] --END-- [ RunTime:0.000545s ]
INFO: [ app_begin ] --START--
INFO: Run Behavior\ReadHtmlCacheBehavior [ RunTime:0.000604s ]
INFO: [ app_begin ] --END-- [ RunTime:0.000667s ]

[ 2017-07-14T19:15:34+08:00 ] 127.0.0.1 /4yue/rikao/7.14/index.php/Home/Type/form?name=&content=
INFO: [ app_init ] --START--
INFO: Run Behavior\BuildLiteBehavior [ RunTime:0.000017s ]
INFO: [ app_init ] --END-- [ RunTime:0.000652s ]
INFO: [ app_begin ] --START--
INFO: Run Behavior\ReadHtmlCacheBehavior [ RunTime:0.000698s ]
INFO: [ app_begin ] --END-- [ RunTime:0.000766s ]
SQL: SHOW COLUMNS FROM `type` [ RunTime:0.0483s ]
SQL: SHOW COLUMNS FROM `type` [ RunTime:0.0429s ]
SQL: SELECT * FROM `type`  [ RunTime:0.0053s ]

[ 2017-07-14T19:15:50+08:00 ] 127.0.0.1 /4yue/rikao/7.14/index.php/Home/Type/form?name=&content=
INFO: [ app_init ] --START--
INFO: Run Behavior\BuildLiteBehavior [ RunTime:0.000016s ]
INFO: [ app_init ] --END-- [ RunTime:0.000784s ]
INFO: [ app_begin ] --START--
INFO: Run Behavior\ReadHtmlCacheBehavior [ RunTime:0.000663s ]
INFO: [ app_begin ] --END-- [ RunTime:0.000724s ]
SQL: SHOW COLUMNS FROM `type` [ RunTime:0.0257s ]
SQL: SHOW COLUMNS FROM `type` [ RunTime:0.0250s ]
SQL: SELECT * FROM `type`  [ RunTime:0.0038s ]

[ 2017-07-14T19:16:07+08:00 ] 127.0.0.1 /4yue/rikao/7.14/index.php/Home/Type/form?name=&content=
INFO: [ app_init ] --START--
INFO: Run Behavior\BuildLiteBehavior [ RunTime:0.000015s ]
INFO: [ app_init ] --END-- [ RunTime:0.000534s ]
INFO: [ app_begin ] --START--
INFO: Run Behavior\ReadHtmlCacheBehavior [ RunTime:0.000620s ]
INFO: [ app_begin ] --END-- [ RunTime:0.000679s ]
SQL: SHOW COLUMNS FROM `type` [ RunTime:0.0339s ]
SQL: SHOW COLUMNS FROM `type` [ RunTime:0.0507s ]
SQL: SELECT * FROM `type`  [ RunTime:0.0103s ]

[ 2017-07-14T19:16:11+08:00 ] 127.0.0.1 /4yue/rikao/7.14/index.php/Home/Type/form?name=&content=
INFO: [ app_init ] --START--
INFO: Run Behavior\BuildLiteBehavior [ RunTime:0.000020s ]
INFO: [ app_init ] --END-- [ RunTime:0.000606s ]
INFO: [ app_begin ] --START--
INFO: Run Behavior\ReadHtmlCacheBehavior [ RunTime:0.000774s ]
INFO: [ app_begin ] --END-- [ RunTime:0.000848s ]
SQL: SHOW COLUMNS FROM `type` [ RunTime:0.0236s ]
SQL: SHOW COLUMNS FROM `type` [ RunTime:0.0233s ]
SQL: SELECT * FROM `type`  [ RunTime:0.0038s ]
INFO: [ view_parse ] --START--
INFO: [ template_filter ] --START--
INFO: Run Behavior\ContentReplaceBehavior [ RunTime:0.000046s ]
INFO: [ template_filter ] --END-- [ RunTime:0.000104s ]
INFO: Run Behavior\ParseTemplateBehavior [ RunTime:0.008260s ]
INFO: [ view_parse ] --END-- [ RunTime:0.008328s ]
INFO: [ view_filter ] --START--
INFO: Run Behavior\WriteHtmlCacheBehavior [ RunTime:0.000646s ]
INFO: [ view_filter ] --END-- [ RunTime:0.000698s ]
INFO: [ app_end ] --START--
INFO: Run Behavior\ShowPageTraceBehavior [ RunTime:0.000850s ]
INFO: [ app_end ] --END-- [ RunTime:0.000904s ]

[ 2017-07-14T19:16:26+08:00 ] 127.0.0.1 /4yue/rikao/7.14/index.php/Home/Type/form?name=&content=
INFO: [ app_init ] --START--
INFO: Run Behavior\BuildLiteBehavior [ RunTime:0.000015s ]
INFO: [ app_init ] --END-- [ RunTime:0.000608s ]
INFO: [ app_begin ] --START--
INFO: Run Behavior\ReadHtmlCacheBehavior [ RunTime:0.000738s ]
INFO: [ app_begin ] --END-- [ RunTime:0.000802s ]
SQL: SHOW COLUMNS FROM `type` [ RunTime:0.0243s ]
SQL: SHOW COLUMNS FROM `type` [ RunTime:0.0499s ]
SQL: SELECT * FROM `type`  [ RunTime:0.0076s ]
INFO: [ view_parse ] --START--
INFO: [ template_filter ] --START--
INFO: Run Behavior\ContentReplaceBehavior [ RunTime:0.000095s ]
INFO: [ template_filter ] --END-- [ RunTime:0.000239s ]
INFO: Run Behavior\ParseTemplateBehavior [ RunTime:0.015126s ]
INFO: [ view_parse ] --END-- [ RunTime:0.015259s ]
INFO: [ view_filter ] --START--
INFO: Run Behavior\WriteHtmlCacheBehavior [ RunTime:0.000912s ]
INFO: [ view_filter ] --END-- [ RunTime:0.001046s ]
INFO: [ app_end ] --START--
INFO: Run Behavior\ShowPageTraceBehavior [ RunTime:0.001406s ]
INFO: [ app_end ] --END-- [ RunTime:0.001521s ]

[ 2017-07-14T19:16:27+08:00 ] 127.0.0.1 /4yue/rikao/7.14/index.php/Home/Big/data.html
INFO: [ app_init ] --START--
INFO: Run Behavior\BuildLiteBehavior [ RunTime:0.000015s ]
INFO: [ app_init ] --END-- [ RunTime:0.000524s ]
INFO: [ app_begin ] --START--
INFO: Run Behavior\ReadHtmlCacheBehavior [ RunTime:0.000600s ]
INFO: [ app_begin ] --END-- [ RunTime:0.000657s ]
SQL: SHOW COLUMNS FROM `big` [ RunTime:0.0231s ]
NOTIC: [8] Undefined index: box E:\web\Apache\htdocs\4yue\rikao\7.14\Application\Home\Model\BigModel.class.php 第 7 行.
NOTIC: [2] implode(): Invalid arguments passed E:\web\Apache\htdocs\4yue\rikao\7.14\Application\Home\Model\BigModel.class.php 第 7 行.

[ 2017-07-14T19:16:30+08:00 ] 127.0.0.1 /4yue/rikao/7.14/index.php/Home/Big/data.html
INFO: [ app_init ] --START--
INFO: Run Behavior\BuildLiteBehavior [ RunTime:0.000014s ]
INFO: [ app_init ] --END-- [ RunTime:0.000580s ]
INFO: [ app_begin ] --START--
INFO: Run Behavior\ReadHtmlCacheBehavior [ RunTime:0.000746s ]
INFO: [ app_begin ] --END-- [ RunTime:0.000810s ]
SQL: SHOW COLUMNS FROM `big` [ RunTime:0.0537s ]

[ 2017-07-14T19:17:19+08:00 ] 127.0.0.1 /4yue/rikao/7.14/index.php/Home/Big/data.html
INFO: [ app_init ] --START--
INFO: Run Behavior\BuildLiteBehavior [ RunTime:0.000043s ]
INFO: [ app_init ] --END-- [ RunTime:0.001931s ]
INFO: [ app_begin ] --START--
INFO: Run Behavior\ReadHtmlCacheBehavior [ RunTime:0.002353s ]
INFO: [ app_begin ] --END-- [ RunTime:0.002587s ]
SQL: SHOW COLUMNS FROM `big` [ RunTime:0.0485s ]

[ 2017-07-14T19:17:33+08:00 ] 127.0.0.1 /4yue/rikao/7.14/index.php/Home/Big/data.html
INFO: [ app_init ] --START--
INFO: Run Behavior\BuildLiteBehavior [ RunTime:0.000035s ]
INFO: [ app_init ] --END-- [ RunTime:0.001143s ]
INFO: [ app_begin ] --START--
INFO: Run Behavior\ReadHtmlCacheBehavior [ RunTime:0.001165s ]
INFO: [ app_begin ] --END-- [ RunTime:0.001287s ]
SQL: SHOW COLUMNS FROM `big` [ RunTime:0.0384s ]
SQL: SHOW COLUMNS FROM `big` [ RunTime:0.0695s ]
ERR: 1364:Field 'id' doesn't have a default value
 [ SQL语句 ] : INSERT INTO `big` (`name`,`content`) VALUES ('今天打雷了','今天打雷了')
ERR: 1364:Field 'id' doesn't have a default value
 [ SQL语句 ] : INSERT INTO `big` (`name`,`content`) VALUES ('今天打雷了','今天打雷了')

[ 2017-07-14T19:18:43+08:00 ] 127.0.0.1 /4yue/rikao/7.14/index.php/Home/Big/data.html
INFO: [ app_init ] --START--
INFO: Run Behavior\BuildLiteBehavior [ RunTime:0.000026s ]
INFO: [ app_init ] --END-- [ RunTime:0.001069s ]
INFO: [ app_begin ] --START--
INFO: Run Behavior\ReadHtmlCacheBehavior [ RunTime:0.001270s ]
INFO: [ app_begin ] --END-- [ RunTime:0.001398s ]
SQL: SHOW COLUMNS FROM `big` [ RunTime:0.0415s ]

[ 2017-07-14T19:20:09+08:00 ] 127.0.0.1 /4yue/rikao/7.14/index.php/Home/Big/data.html
INFO: [ app_init ] --START--
INFO: Run Behavior\BuildLiteBehavior [ RunTime:0.000015s ]
INFO: [ app_init ] --END-- [ RunTime:0.000661s ]
INFO: [ app_begin ] --START--
INFO: Run Behavior\ReadHtmlCacheBehavior [ RunTime:0.000852s ]
INFO: [ app_begin ] --END-- [ RunTime:0.000922s ]
SQL: SHOW COLUMNS FROM `big` [ RunTime:0.0250s ]
SQL: SHOW COLUMNS FROM `big` [ RunTime:0.0255s ]
ERR: 1364:Field 'id' doesn't have a default value
 [ SQL语句 ] : INSERT INTO `big` () VALUES ()
ERR: 1364:Field 'id' doesn't have a default value
 [ SQL语句 ] : INSERT INTO `big` () VALUES ()

[ 2017-07-14T19:20:13+08:00 ] 127.0.0.1 /4yue/rikao/7.14/index.php/Home/Type/form?name=&content=
INFO: [ app_init ] --START--
INFO: Run Behavior\BuildLiteBehavior [ RunTime:0.000016s ]
INFO: [ app_init ] --END-- [ RunTime:0.000579s ]
INFO: [ app_begin ] --START--
INFO: Run Behavior\ReadHtmlCacheBehavior [ RunTime:0.000703s ]
INFO: [ app_begin ] --END-- [ RunTime:0.000768s ]
SQL: SHOW COLUMNS FROM `type` [ RunTime:0.0247s ]
SQL: SHOW COLUMNS FROM `type` [ RunTime:0.0268s ]
SQL: SELECT * FROM `type`  [ RunTime:0.0041s ]
INFO: [ view_parse ] --START--
INFO: [ template_filter ] --START--
INFO: Run Behavior\ContentReplaceBehavior [ RunTime:0.000049s ]
INFO: [ template_filter ] --END-- [ RunTime:0.000111s ]
INFO: Run Behavior\ParseTemplateBehavior [ RunTime:0.008209s ]
INFO: [ view_parse ] --END-- [ RunTime:0.008277s ]
INFO: [ view_filter ] --START--
INFO: Run Behavior\WriteHtmlCacheBehavior [ RunTime:0.000561s ]
INFO: [ view_filter ] --END-- [ RunTime:0.000613s ]
INFO: [ app_end ] --START--
INFO: Run Behavior\ShowPageTraceBehavior [ RunTime:0.000771s ]
INFO: [ app_end ] --END-- [ RunTime:0.000824s ]

[ 2017-07-14T19:20:23+08:00 ] 127.0.0.1 /4yue/rikao/7.14/index.php/Home/Type/form?name=&content=
INFO: [ app_init ] --START--
INFO: Run Behavior\BuildLiteBehavior [ RunTime:0.000017s ]
INFO: [ app_init ] --END-- [ RunTime:0.000594s ]
INFO: [ app_begin ] --START--
INFO: Run Behavior\ReadHtmlCacheBehavior [ RunTime:0.000761s ]
INFO: [ app_begin ] --END-- [ RunTime:0.000834s ]
SQL: SHOW COLUMNS FROM `type` [ RunTime:0.0302s ]
SQL: SHOW COLUMNS FROM `type` [ RunTime:0.0265s ]
SQL: SELECT * FROM `type`  [ RunTime:0.0046s ]
INFO: [ view_parse ] --START--
INFO: [ template_filter ] --START--
INFO: Run Behavior\ContentReplaceBehavior [ RunTime:0.000048s ]
INFO: [ template_filter ] --END-- [ RunTime:0.000117s ]
INFO: Run Behavior\ParseTemplateBehavior [ RunTime:0.007429s ]
INFO: [ view_parse ] --END-- [ RunTime:0.007497s ]
INFO: [ view_filter ] --START--
INFO: Run Behavior\WriteHtmlCacheBehavior [ RunTime:0.000477s ]
INFO: [ view_filter ] --END-- [ RunTime:0.000547s ]
INFO: [ app_end ] --START--
INFO: Run Behavior\ShowPageTraceBehavior [ RunTime:0.000702s ]
INFO: [ app_end ] --END-- [ RunTime:0.000758s ]

[ 2017-07-14T19:20:24+08:00 ] 127.0.0.1 /4yue/rikao/7.14/index.php/Home/Big/data.html
INFO: [ app_init ] --START--
INFO: Run Behavior\BuildLiteBehavior [ RunTime:0.000014s ]
INFO: [ app_init ] --END-- [ RunTime:0.000635s ]
INFO: [ app_begin ] --START--
INFO: Run Behavior\ReadHtmlCacheBehavior [ RunTime:0.000738s ]
INFO: [ app_begin ] --END-- [ RunTime:0.000818s ]
SQL: SHOW COLUMNS FROM `big` [ RunTime:0.0272s ]
NOTIC: [8] Undefined variable: post E:\web\Apache\htdocs\4yue\rikao\7.14\Application\Home\Model\BigModel.class.php 第 7 行.
NOTIC: [2] implode(): Invalid arguments passed E:\web\Apache\htdocs\4yue\rikao\7.14\Application\Home\Model\BigModel.class.php 第 7 行.
SQL: SHOW COLUMNS FROM `big` [ RunTime:0.0264s ]
ERR: 1364:Field 'id' doesn't have a default value
 [ SQL语句 ] : INSERT INTO `big` (`name`,`content`) VALUES ('今天打雷了','今天打雷了')
ERR: 1364:Field 'id' doesn't have a default value
 [ SQL语句 ] : INSERT INTO `big` (`name`,`content`) VALUES ('今天打雷了','今天打雷了')

[ 2017-07-14T19:20:53+08:00 ] 127.0.0.1 /4yue/rikao/7.14/index.php/Home/Type/form?name=&content=
INFO: [ app_init ] --START--
INFO: Run Behavior\BuildLiteBehavior [ RunTime:0.000016s ]
INFO: [ app_init ] --END-- [ RunTime:0.000582s ]
INFO: [ app_begin ] --START--
INFO: Run Behavior\ReadHtmlCacheBehavior [ RunTime:0.000631s ]
INFO: [ app_begin ] --END-- [ RunTime:0.000695s ]
SQL: SHOW COLUMNS FROM `type` [ RunTime:0.0253s ]
SQL: SHOW COLUMNS FROM `type` [ RunTime:0.0273s ]
SQL: SELECT * FROM `type`  [ RunTime:0.0053s ]
INFO: [ view_parse ] --START--
INFO: [ template_filter ] --START--
INFO: Run Behavior\ContentReplaceBehavior [ RunTime:0.000045s ]
INFO: [ template_filter ] --END-- [ RunTime:0.000103s ]
INFO: Run Behavior\ParseTemplateBehavior [ RunTime:0.007594s ]
INFO: [ view_parse ] --END-- [ RunTime:0.007659s ]
INFO: [ view_filter ] --START--
INFO: Run Behavior\WriteHtmlCacheBehavior [ RunTime:0.000468s ]
INFO: [ view_filter ] --END-- [ RunTime:0.000523s ]
INFO: [ app_end ] --START--
INFO: Run Behavior\ShowPageTraceBehavior [ RunTime:0.000699s ]
INFO: [ app_end ] --END-- [ RunTime:0.000756s ]

[ 2017-07-14T19:21:01+08:00 ] 127.0.0.1 /4yue/rikao/7.14/index.php/Home/Big/data.html
INFO: [ app_init ] --START--
INFO: Run Behavior\BuildLiteBehavior [ RunTime:0.000015s ]
INFO: [ app_init ] --END-- [ RunTime:0.000525s ]
INFO: [ app_begin ] --START--
INFO: Run Behavior\ReadHtmlCacheBehavior [ RunTime:0.000631s ]
INFO: [ app_begin ] --END-- [ RunTime:0.000693s ]
SQL: SHOW COLUMNS FROM `big` [ RunTime:0.0370s ]
NOTIC: [8] Undefined variable: post E:\web\Apache\htdocs\4yue\rikao\7.14\Application\Home\Model\BigModel.class.php 第 7 行.
NOTIC: [2] implode(): Invalid arguments passed E:\web\Apache\htdocs\4yue\rikao\7.14\Application\Home\Model\BigModel.class.php 第 7 行.
SQL: SHOW COLUMNS FROM `big` [ RunTime:0.0390s ]
ERR: 1364:Field 'id' doesn't have a default value
 [ SQL语句 ] : INSERT INTO `big` (`name`,`content`) VALUES ('今天打雷了','今天下雨了')
ERR: 1364:Field 'id' doesn't have a default value
 [ SQL语句 ] : INSERT INTO `big` (`name`,`content`) VALUES ('今天打雷了','今天下雨了')

[ 2017-07-14T19:21:41+08:00 ] 127.0.0.1 /4yue/rikao/7.14/index.php/Home/Big/data.html
INFO: [ app_init ] --START--
INFO: Run Behavior\BuildLiteBehavior [ RunTime:0.000041s ]
INFO: [ app_init ] --END-- [ RunTime:0.001617s ]
INFO: [ app_begin ] --START--
INFO: Run Behavior\ReadHtmlCacheBehavior [ RunTime:0.001811s ]
INFO: [ app_begin ] --END-- [ RunTime:0.001994s ]
SQL: SHOW COLUMNS FROM `big` [ RunTime:0.0653s ]
SQL: SHOW COLUMNS FROM `big` [ RunTime:0.0697s ]
ERR: 1364:Field 'id' doesn't have a default value
 [ SQL语句 ] : INSERT INTO `big` (`name`,`content`) VALUES ('今天打雷了','今天下雨了')
ERR: 1364:Field 'id' doesn't have a default value
 [ SQL语句 ] : INSERT INTO `big` (`name`,`content`) VALUES ('今天打雷了','今天下雨了')

[ 2017-07-14T19:22:09+08:00 ] 127.0.0.1 /4yue/rikao/7.14/index.php/Home/Big/data.html
INFO: [ app_init ] --START--
INFO: Run Behavior\BuildLiteBehavior [ RunTime:0.000041s ]
INFO: [ app_init ] --END-- [ RunTime:0.001554s ]
INFO: [ app_begin ] --START--
INFO: Run Behavior\ReadHtmlCacheBehavior [ RunTime:0.002179s ]
INFO: [ app_begin ] --END-- [ RunTime:0.002653s ]
SQL: SHOW COLUMNS FROM `big` [ RunTime:0.0630s ]
SQL: SHOW COLUMNS FROM `big` [ RunTime:0.0709s ]
ERR: 1364:Field 'id' doesn't have a default value
 [ SQL语句 ] : INSERT INTO `big` (`name`,`content`,`t_id`) VALUES ('今天打雷了','今天下雨了','1,2')
ERR: 1364:Field 'id' doesn't have a default value
 [ SQL语句 ] : INSERT INTO `big` (`name`,`content`,`t_id`) VALUES ('今天打雷了','今天下雨了','1,2')

[ 2017-07-14T19:22:11+08:00 ] 127.0.0.1 /4yue/rikao/7.14/index.php/Home/Type/form?name=&content=
INFO: [ app_init ] --START--
INFO: Run Behavior\BuildLiteBehavior [ RunTime:0.000015s ]
INFO: [ app_init ] --END-- [ RunTime:0.000640s ]
INFO: [ app_begin ] --START--
INFO: Run Behavior\ReadHtmlCacheBehavior [ RunTime:0.000832s ]
INFO: [ app_begin ] --END-- [ RunTime:0.000894s ]
SQL: SHOW COLUMNS FROM `type` [ RunTime:0.0324s ]
SQL: SHOW COLUMNS FROM `type` [ RunTime:0.0600s ]
SQL: SELECT * FROM `type`  [ RunTime:0.0061s ]
INFO: [ view_parse ] --START--
INFO: [ template_filter ] --START--
INFO: Run Behavior\ContentReplaceBehavior [ RunTime:0.000126s ]
INFO: [ template_filter ] --END-- [ RunTime:0.000259s ]
INFO: Run Behavior\ParseTemplateBehavior [ RunTime:0.015400s ]
INFO: [ view_parse ] --END-- [ RunTime:0.015555s ]
INFO: [ view_filter ] --START--
INFO: Run Behavior\WriteHtmlCacheBehavior [ RunTime:0.000984s ]
INFO: [ view_filter ] --END-- [ RunTime:0.001114s ]
INFO: [ app_end ] --START--
INFO: Run Behavior\ShowPageTraceBehavior [ RunTime:0.001368s ]
INFO: [ app_end ] --END-- [ RunTime:0.001479s ]

[ 2017-07-14T19:22:11+08:00 ] 127.0.0.1 /4yue/rikao/7.14/index.php/Home/Big/data.html
INFO: [ app_init ] --START--
INFO: Run Behavior\BuildLiteBehavior [ RunTime:0.000024s ]
INFO: [ app_init ] --END-- [ RunTime:0.001006s ]
INFO: [ app_begin ] --START--
INFO: Run Behavior\ReadHtmlCacheBehavior [ RunTime:0.000974s ]
INFO: [ app_begin ] --END-- [ RunTime:0.001134s ]
SQL: SHOW COLUMNS FROM `big` [ RunTime:0.0269s ]
SQL: SHOW COLUMNS FROM `big` [ RunTime:0.0258s ]
ERR: 1364:Field 'id' doesn't have a default value
 [ SQL语句 ] : INSERT INTO `big` (`name`,`content`,`t_id`) VALUES ('今天打雷了','今天下雨了','1,2')
ERR: 1364:Field 'id' doesn't have a default value
 [ SQL语句 ] : INSERT INTO `big` (`name`,`content`,`t_id`) VALUES ('今天打雷了','今天下雨了','1,2')

[ 2017-07-14T19:22:44+08:00 ] 127.0.0.1 /4yue/rikao/7.14/index.php/Home/Big/data.html
INFO: [ app_init ] --START--
INFO: Run Behavior\BuildLiteBehavior [ RunTime:0.000026s ]
INFO: [ app_init ] --END-- [ RunTime:0.001194s ]
INFO: [ app_begin ] --START--
INFO: Run Behavior\ReadHtmlCacheBehavior [ RunTime:0.001312s ]
INFO: [ app_begin ] --END-- [ RunTime:0.001435s ]
SQL: SHOW COLUMNS FROM `big` [ RunTime:0.0410s ]
SQL: SHOW COLUMNS FROM `big` [ RunTime:0.0426s ]
ERR: 1364:Field 'id' doesn't have a default value
 [ SQL语句 ] : INSERT INTO `big` (`name`,`t_id`,`content`) VALUES ('今天打雷了','1,2','今天下雨了')
ERR: 1364:Field 'id' doesn't have a default value
 [ SQL语句 ] : INSERT INTO `big` (`name`,`t_id`,`content`) VALUES ('今天打雷了','1,2','今天下雨了')

[ 2017-07-14T19:23:16+08:00 ] 127.0.0.1 /4yue/rikao/7.14/index.php/Home/Big/data.html
INFO: [ app_init ] --START--
INFO: Run Behavior\BuildLiteBehavior [ RunTime:0.000016s ]
INFO: [ app_init ] --END-- [ RunTime:0.000645s ]
INFO: [ app_begin ] --START--
INFO: Run Behavior\ReadHtmlCacheBehavior [ RunTime:0.000655s ]
INFO: [ app_begin ] --END-- [ RunTime:0.000719s ]
SQL: SHOW COLUMNS FROM `big` [ RunTime:0.0264s ]
SQL: SHOW COLUMNS FROM `big` [ RunTime:0.0259s ]
SQL: INSERT INTO `big` (`name`,`content`,`t_id`) VALUES ('今天打雷了','今天下雨了','1,2') [ RunTime:0.0215s ]

[ 2017-07-14T19:25:13+08:00 ] 127.0.0.1 /4yue/rikao/7.14/index.php/Home/Big/data.html
INFO: [ app_init ] --START--
INFO: Run Behavior\BuildLiteBehavior [ RunTime:0.000019s ]
INFO: [ app_init ] --END-- [ RunTime:0.000659s ]
INFO: [ app_begin ] --START--
INFO: Run Behavior\ReadHtmlCacheBehavior [ RunTime:0.001339s ]
INFO: [ app_begin ] --END-- [ RunTime:0.001464s ]
NOTIC: [2048] Declaration of Home\Controller\BigController::show() should be compatible with that of Think\Controller::show() E:\web\Apache\htdocs\4yue\rikao\7.14\Application\Home\Controller\BigController.class.php 第 17 行.
SQL: SHOW COLUMNS FROM `big` [ RunTime:0.0225s ]
SQL: SHOW COLUMNS FROM `big` [ RunTime:0.0236s ]
SQL: INSERT INTO `big` (`name`,`content`,`t_id`) VALUES ('今天打雷了','今天下雨了','1,2') [ RunTime:0.0073s ]
INFO: [ view_parse ] --START--
INFO: [ template_filter ] --START--
INFO: Run Behavior\ContentReplaceBehavior [ RunTime:0.000047s ]
INFO: [ template_filter ] --END-- [ RunTime:0.000107s ]
INFO: Run Behavior\ParseTemplateBehavior [ RunTime:0.023165s ]
INFO: [ view_parse ] --END-- [ RunTime:0.023308s ]
INFO: [ view_filter ] --START--
INFO: Run Behavior\WriteHtmlCacheBehavior [ RunTime:0.001304s ]
INFO: [ view_filter ] --END-- [ RunTime:0.001448s ]
INFO: [ app_end ] --START--
INFO: Run Behavior\ShowPageTraceBehavior [ RunTime:0.001737s ]
INFO: [ app_end ] --END-- [ RunTime:0.001873s ]

[ 2017-07-14T19:25:15+08:00 ] 127.0.0.1 /4yue/rikao/7.14/index.php/Home/Big/show.html
INFO: [ app_init ] --START--
INFO: Run Behavior\BuildLiteBehavior [ RunTime:0.000041s ]
INFO: [ app_init ] --END-- [ RunTime:0.001670s ]
INFO: [ app_begin ] --START--
INFO: Run Behavior\ReadHtmlCacheBehavior [ RunTime:0.001924s ]
INFO: [ app_begin ] --END-- [ RunTime:0.002117s ]
NOTIC: [2048] Declaration of Home\Controller\BigController::show() should be compatible with that of Think\Controller::show() E:\web\Apache\htdocs\4yue\rikao\7.14\Application\Home\Controller\BigController.class.php 第 17 行.
INFO: [ app_end ] --START--
INFO: Run Behavior\ShowPageTraceBehavior [ RunTime:0.002556s ]
INFO: [ app_end ] --END-- [ RunTime:0.002797s ]

[ 2017-07-14T19:34:55+08:00 ] 127.0.0.1 /4yue/rikao/7.14/index.php/Home/Big/show.html
INFO: [ app_init ] --START--
INFO: Run Behavior\BuildLiteBehavior [ RunTime:0.000013s ]
INFO: [ app_init ] --END-- [ RunTime:0.000535s ]
INFO: [ app_begin ] --START--
INFO: Run Behavior\ReadHtmlCacheBehavior [ RunTime:0.000839s ]
INFO: [ app_begin ] --END-- [ RunTime:0.000901s ]
NOTIC: [2048] Declaration of Home\Controller\BigController::show() should be compatible with that of Think\Controller::show() E:\web\Apache\htdocs\4yue\rikao\7.14\Application\Home\Controller\BigController.class.php 第 20 行.
NOTIC: [2048] Declaration of Home\Model\BigModel::select() should be compatible with that of Think\Model::select() E:\web\Apache\htdocs\4yue\rikao\7.14\Application\Home\Model\BigModel.class.php 第 4 行.
SQL: SHOW COLUMNS FROM `big` [ RunTime:0.0234s ]
SQL: SHOW COLUMNS FROM `big` [ RunTime:0.0251s ]
ERR: SQLSTATE[42S22]: Column not found: 1054 Unknown column 'type.id' in 'on clause'

[ 2017-07-14T19:36:29+08:00 ] 127.0.0.1 /4yue/rikao/7.14/index.php/Home/Big/show.html
INFO: [ app_init ] --START--
INFO: Run Behavior\BuildLiteBehavior [ RunTime:0.000015s ]
INFO: [ app_init ] --END-- [ RunTime:0.000648s ]
INFO: [ app_begin ] --START--
INFO: Run Behavior\ReadHtmlCacheBehavior [ RunTime:0.000733s ]
INFO: [ app_begin ] --END-- [ RunTime:0.000792s ]
NOTIC: [2048] Declaration of Home\Controller\BigController::show() should be compatible with that of Think\Controller::show() E:\web\Apache\htdocs\4yue\rikao\7.14\Application\Home\Controller\BigController.class.php 第 20 行.
NOTIC: [2048] Declaration of Home\Model\BigModel::select() should be compatible with that of Think\Model::select() E:\web\Apache\htdocs\4yue\rikao\7.14\Application\Home\Model\BigModel.class.php 第 4 行.
SQL: SHOW COLUMNS FROM `big` [ RunTime:0.0325s ]
SQL: SHOW COLUMNS FROM `big` [ RunTime:0.0250s ]
ERR: SQLSTATE[42S22]: Column not found: 1054 Unknown column 'type.id' in 'on clause'

[ 2017-07-14T19:36:32+08:00 ] 127.0.0.1 /4yue/rikao/7.14/index.php/Home/Big/show.html
INFO: [ app_init ] --START--
INFO: Run Behavior\BuildLiteBehavior [ RunTime:0.000014s ]
INFO: [ app_init ] --END-- [ RunTime:0.000628s ]
INFO: [ app_begin ] --START--
INFO: Run Behavior\ReadHtmlCacheBehavior [ RunTime:0.000735s ]
INFO: [ app_begin ] --END-- [ RunTime:0.000794s ]
NOTIC: [2048] Declaration of Home\Controller\BigController::show() should be compatible with that of Think\Controller::show() E:\web\Apache\htdocs\4yue\rikao\7.14\Application\Home\Controller\BigController.class.php 第 20 行.
NOTIC: [2048] Declaration of Home\Model\BigModel::select() should be compatible with that of Think\Model::select() E:\web\Apache\htdocs\4yue\rikao\7.14\Application\Home\Model\BigModel.class.php 第 4 行.
SQL: SHOW COLUMNS FROM `big` [ RunTime:0.0269s ]
SQL: SHOW COLUMNS FROM `big` [ RunTime:0.0296s ]
ERR: SQLSTATE[42S22]: Column not found: 1054 Unknown column 'type.id' in 'on clause'

[ 2017-07-14T19:36:57+08:00 ] 127.0.0.1 /4yue/rikao/7.14/index.php/Home/Big/show.html
INFO: [ app_init ] --START--
INFO: Run Behavior\BuildLiteBehavior [ RunTime:0.000015s ]
INFO: [ app_init ] --END-- [ RunTime:0.000712s ]
INFO: [ app_begin ] --START--
INFO: Run Behavior\ReadHtmlCacheBehavior [ RunTime:0.000815s ]
INFO: [ app_begin ] --END-- [ RunTime:0.000877s ]
NOTIC: [2048] Declaration of Home\Controller\BigController::show() should be compatible with that of Think\Controller::show() E:\web\Apache\htdocs\4yue\rikao\7.14\Application\Home\Controller\BigController.class.php 第 20 行.
SQL: SHOW COLUMNS FROM `big` [ RunTime:0.0217s ]
SQL: SHOW COLUMNS FROM `big` [ RunTime:0.0477s ]
ERR: SQLSTATE[42S22]: Column not found: 1054 Unknown column 'type.id' in 'on clause'

[ 2017-07-14T19:37:00+08:00 ] 127.0.0.1 /4yue/rikao/7.14/index.php/Home/Big/show
INFO: [ app_init ] --START--
INFO: Run Behavior\BuildLiteBehavior [ RunTime:0.000015s ]
INFO: [ app_init ] --END-- [ RunTime:0.000594s ]
INFO: [ app_begin ] --START--
INFO: Run Behavior\ReadHtmlCacheBehavior [ RunTime:0.000713s ]
INFO: [ app_begin ] --END-- [ RunTime:0.000774s ]
NOTIC: [2048] Declaration of Home\Controller\BigController::show() should be compatible with that of Think\Controller::show() E:\web\Apache\htdocs\4yue\rikao\7.14\Application\Home\Controller\BigController.class.php 第 20 行.
SQL: SHOW COLUMNS FROM `big` [ RunTime:0.0335s ]
SQL: SHOW COLUMNS FROM `big` [ RunTime:0.0515s ]
ERR: SQLSTATE[42S22]: Column not found: 1054 Unknown column 'type.id' in 'on clause'

[ 2017-07-14T19:37:17+08:00 ] 127.0.0.1 /4yue/rikao/7.14/index.php/Home/Big/show
INFO: [ app_init ] --START--
INFO: Run Behavior\BuildLiteBehavior [ RunTime:0.000014s ]
INFO: [ app_init ] --END-- [ RunTime:0.000529s ]
INFO: [ app_begin ] --START--
INFO: Run Behavior\ReadHtmlCacheBehavior [ RunTime:0.000823s ]
INFO: [ app_begin ] --END-- [ RunTime:0.000930s ]
NOTIC: [2048] Declaration of Home\Controller\BigController::show() should be compatible with that of Think\Controller::show() E:\web\Apache\htdocs\4yue\rikao\7.14\Application\Home\Controller\BigController.class.php 第 20 行.
SQL: SHOW COLUMNS FROM `big` [ RunTime:0.0276s ]
SQL: SHOW COLUMNS FROM `big` [ RunTime:0.0507s ]
SQL: SELECT * FROM `big` INNER JOIN type on big.t_id=type.type_id   [ RunTime:0.0080s ]

[ 2017-07-14T19:37:43+08:00 ] 127.0.0.1 /4yue/rikao/7.14/index.php/Home/Big/show
INFO: [ app_init ] --START--
INFO: Run Behavior\BuildLiteBehavior [ RunTime:0.000029s ]
INFO: [ app_init ] --END-- [ RunTime:0.000819s ]
INFO: [ app_begin ] --START--
INFO: Run Behavior\ReadHtmlCacheBehavior [ RunTime:0.000956s ]
INFO: [ app_begin ] --END-- [ RunTime:0.001046s ]
NOTIC: [2048] Declaration of Home\Controller\BigController::show() should be compatible with that of Think\Controller::show() E:\web\Apache\htdocs\4yue\rikao\7.14\Application\Home\Controller\BigController.class.php 第 20 行.

[ 2017-07-14T19:37:52+08:00 ] 127.0.0.1 /4yue/rikao/7.14/index.php/Home/Big/show
INFO: [ app_init ] --START--
INFO: Run Behavior\BuildLiteBehavior [ RunTime:0.000016s ]
INFO: [ app_init ] --END-- [ RunTime:0.000731s ]
INFO: [ app_begin ] --START--
INFO: Run Behavior\ReadHtmlCacheBehavior [ RunTime:0.001334s ]
INFO: [ app_begin ] --END-- [ RunTime:0.001487s ]
NOTIC: [2048] Declaration of Home\Controller\BigController::show() should be compatible with that of Think\Controller::show() E:\web\Apache\htdocs\4yue\rikao\7.14\Application\Home\Controller\BigController.class.php 第 20 行.
SQL: SHOW COLUMNS FROM `big` [ RunTime:0.0259s ]
SQL: SHOW COLUMNS FROM `big` [ RunTime:0.0253s ]
SQL: SELECT * FROM `big` INNER JOIN type on big.t_id=type.type_id   [ RunTime:0.0036s ]

[ 2017-07-14T19:38:20+08:00 ] 127.0.0.1 /4yue/rikao/7.14/index.php/Home/Big/show
INFO: [ app_init ] --START--
INFO: Run Behavior\BuildLiteBehavior [ RunTime:0.000016s ]
INFO: [ app_init ] --END-- [ RunTime:0.000658s ]
INFO: [ app_begin ] --START--
INFO: Run Behavior\ReadHtmlCacheBehavior [ RunTime:0.001615s ]
INFO: [ app_begin ] --END-- [ RunTime:0.001827s ]
NOTIC: [2048] Declaration of Home\Controller\BigController::show() should be compatible with that of Think\Controller::show() E:\web\Apache\htdocs\4yue\rikao\7.14\Application\Home\Controller\BigController.class.php 第 20 行.
SQL: SHOW COLUMNS FROM `big` [ RunTime:0.0270s ]
SQL: SHOW COLUMNS FROM `big` [ RunTime:0.0250s ]

[ 2017-07-14T19:38:38+08:00 ] 127.0.0.1 /4yue/rikao/7.14/index.php/Home/Big/show
INFO: [ app_init ] --START--
INFO: Run Behavior\BuildLiteBehavior [ RunTime:0.000021s ]
INFO: [ app_init ] --END-- [ RunTime:0.000657s ]
INFO: [ app_begin ] --START--
INFO: Run Behavior\ReadHtmlCacheBehavior [ RunTime:0.000776s ]
INFO: [ app_begin ] --END-- [ RunTime:0.000846s ]
NOTIC: [2048] Declaration of Home\Controller\BigController::show() should be compatible with that of Think\Controller::show() E:\web\Apache\htdocs\4yue\rikao\7.14\Application\Home\Controller\BigController.class.php 第 20 行.
SQL: SHOW COLUMNS FROM `big` [ RunTime:0.0262s ]
SQL: SHOW COLUMNS FROM `big` [ RunTime:0.0268s ]

[ 2017-07-14T19:38:39+08:00 ] 127.0.0.1 /4yue/rikao/7.14/index.php/Home/Big/show
INFO: [ app_init ] --START--
INFO: Run Behavior\BuildLiteBehavior [ RunTime:0.000015s ]
INFO: [ app_init ] --END-- [ RunTime:0.000542s ]
INFO: [ app_begin ] --START--
INFO: Run Behavior\ReadHtmlCacheBehavior [ RunTime:0.000792s ]
INFO: [ app_begin ] --END-- [ RunTime:0.000913s ]
NOTIC: [2048] Declaration of Home\Controller\BigController::show() should be compatible with that of Think\Controller::show() E:\web\Apache\htdocs\4yue\rikao\7.14\Application\Home\Controller\BigController.class.php 第 20 行.
SQL: SHOW COLUMNS FROM `big` [ RunTime:0.0264s ]
SQL: SHOW COLUMNS FROM `big` [ RunTime:0.0269s ]

[ 2017-07-14T19:39:29+08:00 ] 127.0.0.1 /4yue/rikao/7.14/index.php/Home/Big/show
INFO: [ app_init ] --START--
INFO: Run Behavior\BuildLiteBehavior [ RunTime:0.000014s ]
INFO: [ app_init ] --END-- [ RunTime:0.000640s ]
INFO: [ app_begin ] --START--
INFO: Run Behavior\ReadHtmlCacheBehavior [ RunTime:0.000655s ]
INFO: [ app_begin ] --END-- [ RunTime:0.000717s ]
NOTIC: [2048] Declaration of Home\Controller\BigController::show() should be compatible with that of Think\Controller::show() E:\web\Apache\htdocs\4yue\rikao\7.14\Application\Home\Controller\BigController.class.php 第 20 行.
SQL: SHOW COLUMNS FROM `big` [ RunTime:0.0236s ]
SQL: SHOW COLUMNS FROM `big` [ RunTime:0.0230s ]

[ 2017-07-14T19:39:32+08:00 ] 127.0.0.1 /4yue/rikao/7.14/index.php/Home/Big/show
INFO: [ app_init ] --START--
INFO: Run Behavior\BuildLiteBehavior [ RunTime:0.000019s ]
INFO: [ app_init ] --END-- [ RunTime:0.000570s ]
INFO: [ app_begin ] --START--
INFO: Run Behavior\ReadHtmlCacheBehavior [ RunTime:0.000758s ]
INFO: [ app_begin ] --END-- [ RunTime:0.000820s ]
NOTIC: [2048] Declaration of Home\Controller\BigController::show() should be compatible with that of Think\Controller::show() E:\web\Apache\htdocs\4yue\rikao\7.14\Application\Home\Controller\BigController.class.php 第 20 行.
SQL: SHOW COLUMNS FROM `big` [ RunTime:0.0235s ]
SQL: SHOW COLUMNS FROM `big` [ RunTime:0.0234s ]
SQL: SELECT * FROM `big` INNER JOIN type on big.t_id=type.type_id   [ RunTime:0.0027s ]

[ 2017-07-14T19:41:03+08:00 ] 127.0.0.1 /4yue/rikao/7.14/index.php/Home/Big/show
INFO: [ app_init ] --START--
INFO: Run Behavior\BuildLiteBehavior [ RunTime:0.000014s ]
INFO: [ app_init ] --END-- [ RunTime:0.000689s ]
INFO: [ app_begin ] --START--
INFO: Run Behavior\ReadHtmlCacheBehavior [ RunTime:0.000821s ]
INFO: [ app_begin ] --END-- [ RunTime:0.000881s ]
NOTIC: [2048] Declaration of Home\Controller\BigController::show() should be compatible with that of Think\Controller::show() E:\web\Apache\htdocs\4yue\rikao\7.14\Application\Home\Controller\BigController.class.php 第 20 行.
SQL: SHOW COLUMNS FROM `big` [ RunTime:0.0227s ]
SQL: SHOW COLUMNS FROM `big` [ RunTime:0.0277s ]
SQL: SELECT * FROM `big` INNER JOIN type on big.t_id=type.type_id   [ RunTime:0.0060s ]

[ 2017-07-14T19:41:04+08:00 ] 127.0.0.1 /4yue/rikao/7.14/index.php/Home/Big/show
INFO: [ app_init ] --START--
INFO: Run Behavior\BuildLiteBehavior [ RunTime:0.000014s ]
INFO: [ app_init ] --END-- [ RunTime:0.000632s ]
INFO: [ app_begin ] --START--
INFO: Run Behavior\ReadHtmlCacheBehavior [ RunTime:0.000732s ]
INFO: [ app_begin ] --END-- [ RunTime:0.000791s ]
NOTIC: [2048] Declaration of Home\Controller\BigController::show() should be compatible with that of Think\Controller::show() E:\web\Apache\htdocs\4yue\rikao\7.14\Application\Home\Controller\BigController.class.php 第 20 行.
SQL: SHOW COLUMNS FROM `big` [ RunTime:0.0444s ]
SQL: SHOW COLUMNS FROM `big` [ RunTime:0.0542s ]
SQL: SELECT * FROM `big` INNER JOIN type on big.t_id=type.type_id   [ RunTime:0.0069s ]

[ 2017-07-14T19:42:31+08:00 ] 127.0.0.1 /4yue/rikao/7.14/index.php/Home/Big/show
INFO: [ app_init ] --START--
INFO: Run Behavior\BuildLiteBehavior [ RunTime:0.000014s ]
INFO: [ app_init ] --END-- [ RunTime:0.000584s ]
INFO: [ app_begin ] --START--
INFO: Run Behavior\ReadHtmlCacheBehavior [ RunTime:0.000624s ]
INFO: [ app_begin ] --END-- [ RunTime:0.000684s ]
NOTIC: [2048] Declaration of Home\Controller\BigController::show() should be compatible with that of Think\Controller::show() E:\web\Apache\htdocs\4yue\rikao\7.14\Application\Home\Controller\BigController.class.php 第 20 行.
SQL: SHOW COLUMNS FROM `big` [ RunTime:0.0238s ]
SQL: SHOW COLUMNS FROM `big` [ RunTime:0.0245s ]
SQL: SELECT * FROM `big` INNER JOIN type ON big.t_id = type.type_id   [ RunTime:0.0035s ]

[ 2017-07-14T19:42:33+08:00 ] 127.0.0.1 /4yue/rikao/7.14/index.php/Home/Big/show
INFO: [ app_init ] --START--
INFO: Run Behavior\BuildLiteBehavior [ RunTime:0.000015s ]
INFO: [ app_init ] --END-- [ RunTime:0.000616s ]
INFO: [ app_begin ] --START--
INFO: Run Behavior\ReadHtmlCacheBehavior [ RunTime:0.000662s ]
INFO: [ app_begin ] --END-- [ RunTime:0.000722s ]
NOTIC: [2048] Declaration of Home\Controller\BigController::show() should be compatible with that of Think\Controller::show() E:\web\Apache\htdocs\4yue\rikao\7.14\Application\Home\Controller\BigController.class.php 第 20 行.
SQL: SHOW COLUMNS FROM `big` [ RunTime:0.0390s ]
SQL: SHOW COLUMNS FROM `big` [ RunTime:0.0476s ]
SQL: SELECT * FROM `big` INNER JOIN type ON big.t_id = type.type_id   [ RunTime:0.0067s ]

[ 2017-07-14T19:42:52+08:00 ] 127.0.0.1 /4yue/rikao/7.14/index.php/Home/Big/show
INFO: [ app_init ] --START--
INFO: Run Behavior\BuildLiteBehavior [ RunTime:0.000014s ]
INFO: [ app_init ] --END-- [ RunTime:0.000541s ]
INFO: [ app_begin ] --START--
INFO: Run Behavior\ReadHtmlCacheBehavior [ RunTime:0.000642s ]
INFO: [ app_begin ] --END-- [ RunTime:0.000705s ]
NOTIC: [2048] Declaration of Home\Controller\BigController::show() should be compatible with that of Think\Controller::show() E:\web\Apache\htdocs\4yue\rikao\7.14\Application\Home\Controller\BigController.class.php 第 20 行.
SQL: SHOW COLUMNS FROM `big` [ RunTime:0.0220s ]
SQL: SHOW COLUMNS FROM `big` [ RunTime:0.0226s ]
SQL: SELECT * FROM `big` INNER JOIN type on big.t_id=type.type_id   [ RunTime:0.0034s ]

[ 2017-07-14T19:43:05+08:00 ] 127.0.0.1 /4yue/rikao/7.14/index.php/Home/Big/show
INFO: [ app_init ] --START--
INFO: Run Behavior\BuildLiteBehavior [ RunTime:0.000044s ]
INFO: [ app_init ] --END-- [ RunTime:0.001402s ]
INFO: [ app_begin ] --START--
INFO: Run Behavior\ReadHtmlCacheBehavior [ RunTime:0.000839s ]
INFO: [ app_begin ] --END-- [ RunTime:0.000907s ]
NOTIC: [2048] Declaration of Home\Controller\BigController::show() should be compatible with that of Think\Controller::show() E:\web\Apache\htdocs\4yue\rikao\7.14\Application\Home\Controller\BigController.class.php 第 20 行.
SQL: SHOW COLUMNS FROM `big` [ RunTime:0.0306s ]
SQL: SHOW COLUMNS FROM `big` [ RunTime:0.0441s ]
SQL: SELECT * FROM `big` INNER JOIN type on big.t_id=type.type_id   [ RunTime:0.0065s ]

[ 2017-07-14T19:43:12+08:00 ] 127.0.0.1 /4yue/rikao/7.14/index.php/Home/Big/show
INFO: [ app_init ] --START--
INFO: Run Behavior\BuildLiteBehavior [ RunTime:0.000014s ]
INFO: [ app_init ] --END-- [ RunTime:0.000659s ]
INFO: [ app_begin ] --START--
INFO: Run Behavior\ReadHtmlCacheBehavior [ RunTime:0.000759s ]
INFO: [ app_begin ] --END-- [ RunTime:0.000819s ]
NOTIC: [2048] Declaration of Home\Controller\BigController::show() should be compatible with that of Think\Controller::show() E:\web\Apache\htdocs\4yue\rikao\7.14\Application\Home\Controller\BigController.class.php 第 20 行.
SQL: SHOW COLUMNS FROM `big` [ RunTime:0.0567s ]
SQL: SHOW COLUMNS FROM `big` [ RunTime:0.0582s ]
SQL: SELECT * FROM `big` INNER JOIN type on big.t_id=type.type_id   [ RunTime:0.0110s ]

[ 2017-07-14T19:43:24+08:00 ] 127.0.0.1 /4yue/rikao/7.14/index.php/Home/Big/show
INFO: [ app_init ] --START--
INFO: Run Behavior\BuildLiteBehavior [ RunTime:0.000014s ]
INFO: [ app_init ] --END-- [ RunTime:0.000695s ]
INFO: [ app_begin ] --START--
INFO: Run Behavior\ReadHtmlCacheBehavior [ RunTime:0.000998s ]
INFO: [ app_begin ] --END-- [ RunTime:0.001088s ]
NOTIC: [2048] Declaration of Home\Controller\BigController::show() should be compatible with that of Think\Controller::show() E:\web\Apache\htdocs\4yue\rikao\7.14\Application\Home\Controller\BigController.class.php 第 20 行.
SQL: SHOW COLUMNS FROM `big` [ RunTime:0.0224s ]
SQL: SHOW COLUMNS FROM `type` [ RunTime:0.0241s ]
ERR: SQLSTATE[42000]: Syntax error or access violation: 1066 Not unique table/alias: 'type'

[ 2017-07-14T19:43:31+08:00 ] 127.0.0.1 /4yue/rikao/7.14/index.php/Home/Big/show
INFO: [ app_init ] --START--
INFO: Run Behavior\BuildLiteBehavior [ RunTime:0.000013s ]
INFO: [ app_init ] --END-- [ RunTime:0.000549s ]
INFO: [ app_begin ] --START--
INFO: Run Behavior\ReadHtmlCacheBehavior [ RunTime:0.000730s ]
INFO: [ app_begin ] --END-- [ RunTime:0.000790s ]
NOTIC: [2048] Declaration of Home\Controller\BigController::show() should be compatible with that of Think\Controller::show() E:\web\Apache\htdocs\4yue\rikao\7.14\Application\Home\Controller\BigController.class.php 第 20 行.
SQL: SHOW COLUMNS FROM `big` [ RunTime:0.0237s ]
SQL: SHOW COLUMNS FROM `big` [ RunTime:0.0417s ]
SQL: SELECT * FROM `big` INNER JOIN type on big.t_id=type.type_id   [ RunTime:0.0071s ]

[ 2017-07-14T19:44:35+08:00 ] 127.0.0.1 /4yue/rikao/7.14/index.php/Home/Big/show
INFO: [ app_init ] --START--
INFO: Run Behavior\BuildLiteBehavior [ RunTime:0.000019s ]
INFO: [ app_init ] --END-- [ RunTime:0.000599s ]
INFO: [ app_begin ] --START--
INFO: Run Behavior\ReadHtmlCacheBehavior [ RunTime:0.001119s ]
INFO: [ app_begin ] --END-- [ RunTime:0.001220s ]
NOTIC: [2048] Declaration of Home\Controller\BigController::show() should be compatible with that of Think\Controller::show() E:\web\Apache\htdocs\4yue\rikao\7.14\Application\Home\Controller\BigController.class.php 第 20 行.
SQL: SHOW COLUMNS FROM `big` [ RunTime:0.0258s ]
SQL: SHOW COLUMNS FROM `big` [ RunTime:0.0256s ]
ERR: SQLSTATE[42S22]: Column not found: 1054 Unknown column 'big.t_id' in 'on clause'

[ 2017-07-14T19:45:52+08:00 ] 127.0.0.1 /4yue/rikao/7.14/index.php/Home/Big/show
INFO: [ app_init ] --START--
INFO: Run Behavior\BuildLiteBehavior [ RunTime:0.000016s ]
INFO: [ app_init ] --END-- [ RunTime:0.000624s ]
INFO: [ app_begin ] --START--
INFO: Run Behavior\ReadHtmlCacheBehavior [ RunTime:0.000828s ]
INFO: [ app_begin ] --END-- [ RunTime:0.000888s ]
NOTIC: [2048] Declaration of Home\Controller\BigController::show() should be compatible with that of Think\Controller::show() E:\web\Apache\htdocs\4yue\rikao\7.14\Application\Home\Controller\BigController.class.php 第 20 行.
SQL: SHOW COLUMNS FROM `big` [ RunTime:0.0264s ]
SQL: SHOW COLUMNS FROM `big` [ RunTime:0.0501s ]
SQL: SELECT * FROM `big` INNER JOIN type on big.t_id=type.type_id   [ RunTime:0.0068s ]

[ 2017-07-14T19:47:54+08:00 ] 127.0.0.1 /4yue/rikao/7.14/index.php/Home/Big/show
INFO: [ app_init ] --START--
INFO: Run Behavior\BuildLiteBehavior [ RunTime:0.000015s ]
INFO: [ app_init ] --END-- [ RunTime:0.000637s ]
INFO: [ app_begin ] --START--
INFO: Run Behavior\ReadHtmlCacheBehavior [ RunTime:0.000835s ]
INFO: [ app_begin ] --END-- [ RunTime:0.000900s ]
NOTIC: [2048] Declaration of Home\Controller\BigController::show() should be compatible with that of Think\Controller::show() E:\web\Apache\htdocs\4yue\rikao\7.14\Application\Home\Controller\BigController.class.php 第 20 行.
SQL: SHOW COLUMNS FROM `big` [ RunTime:0.0280s ]
SQL: SHOW COLUMNS FROM `big` [ RunTime:0.0266s ]
SQL: SELECT * FROM `big` INNER JOIN type on big.t_id=type.type_id   [ RunTime:0.0051s ]

[ 2017-07-14T19:47:56+08:00 ] 127.0.0.1 /4yue/rikao/7.14/index.php/Home/Big/show
INFO: [ app_init ] --START--
INFO: Run Behavior\BuildLiteBehavior [ RunTime:0.000014s ]
INFO: [ app_init ] --END-- [ RunTime:0.000562s ]
INFO: [ app_begin ] --START--
INFO: Run Behavior\ReadHtmlCacheBehavior [ RunTime:0.000627s ]
INFO: [ app_begin ] --END-- [ RunTime:0.000687s ]
NOTIC: [2048] Declaration of Home\Controller\BigController::show() should be compatible with that of Think\Controller::show() E:\web\Apache\htdocs\4yue\rikao\7.14\Application\Home\Controller\BigController.class.php 第 20 行.
SQL: SHOW COLUMNS FROM `big` [ RunTime:0.0248s ]
SQL: SHOW COLUMNS FROM `big` [ RunTime:0.0264s ]
SQL: SELECT * FROM `big` INNER JOIN type on big.t_id=type.type_id   [ RunTime:0.0052s ]

[ 2017-07-14T19:48:01+08:00 ] 127.0.0.1 /4yue/rikao/7.14/index.php/Home/Big/show
INFO: [ app_init ] --START--
INFO: Run Behavior\BuildLiteBehavior [ RunTime:0.000014s ]
INFO: [ app_init ] --END-- [ RunTime:0.000621s ]
INFO: [ app_begin ] --START--
INFO: Run Behavior\ReadHtmlCacheBehavior [ RunTime:0.000677s ]
INFO: [ app_begin ] --END-- [ RunTime:0.000738s ]
NOTIC: [2048] Declaration of Home\Controller\BigController::show() should be compatible with that of Think\Controller::show() E:\web\Apache\htdocs\4yue\rikao\7.14\Application\Home\Controller\BigController.class.php 第 19 行.
SQL: SHOW COLUMNS FROM `big` [ RunTime:0.0295s ]
SQL: SHOW COLUMNS FROM `big` [ RunTime:0.0468s ]
SQL: SELECT * FROM `big` INNER JOIN type on big.t_id=type.type_id   [ RunTime:0.0078s ]
INFO: [ view_parse ] --START--
INFO: [ template_filter ] --START--
INFO: Run Behavior\ContentReplaceBehavior [ RunTime:0.000101s ]
INFO: [ template_filter ] --END-- [ RunTime:0.000272s ]
INFO: Run Behavior\ParseTemplateBehavior [ RunTime:0.036043s ]
INFO: [ view_parse ] --END-- [ RunTime:0.036271s ]
INFO: [ view_filter ] --START--
INFO: Run Behavior\WriteHtmlCacheBehavior [ RunTime:0.001294s ]
INFO: [ view_filter ] --END-- [ RunTime:0.001416s ]
INFO: [ app_end ] --START--
INFO: Run Behavior\ShowPageTraceBehavior [ RunTime:0.001707s ]
INFO: [ app_end ] --END-- [ RunTime:0.001865s ]

[ 2017-07-14T19:51:34+08:00 ] 127.0.0.1 /4yue/rikao/7.14/index.php/Home/Big/show
INFO: [ app_init ] --START--
INFO: Run Behavior\BuildLiteBehavior [ RunTime:0.000044s ]
INFO: [ app_init ] --END-- [ RunTime:0.003615s ]
INFO: [ app_begin ] --START--
INFO: Run Behavior\ReadHtmlCacheBehavior [ RunTime:0.002435s ]
INFO: [ app_begin ] --END-- [ RunTime:0.002671s ]
NOTIC: [2048] Declaration of Home\Controller\BigController::show() should be compatible with that of Think\Controller::show() E:\web\Apache\htdocs\4yue\rikao\7.14\Application\Home\Controller\BigController.class.php 第 19 行.
SQL: SHOW COLUMNS FROM `big` [ RunTime:0.0678s ]
SQL: SHOW COLUMNS FROM `big` [ RunTime:0.0469s ]
SQL: SELECT * FROM `big` INNER JOIN type on big.t_id=type.type_id   [ RunTime:0.0079s ]
INFO: [ view_parse ] --START--
INFO: [ template_filter ] --START--
INFO: Run Behavior\ContentReplaceBehavior [ RunTime:0.000132s ]
INFO: [ template_filter ] --END-- [ RunTime:0.000281s ]
INFO: Run Behavior\ParseTemplateBehavior [ RunTime:0.015705s ]
INFO: [ view_parse ] --END-- [ RunTime:0.015878s ]
INFO: [ view_filter ] --START--
INFO: Run Behavior\WriteHtmlCacheBehavior [ RunTime:0.001183s ]
INFO: [ view_filter ] --END-- [ RunTime:0.001307s ]
INFO: [ app_end ] --START--
INFO: Run Behavior\ShowPageTraceBehavior [ RunTime:0.001567s ]
INFO: [ app_end ] --END-- [ RunTime:0.001674s ]

[ 2017-07-14T19:51:35+08:00 ] 127.0.0.1 /4yue/rikao/7.14/index.php/Home/Big/show
INFO: [ app_init ] --START--
INFO: Run Behavior\BuildLiteBehavior [ RunTime:0.000019s ]
INFO: [ app_init ] --END-- [ RunTime:0.000546s ]
INFO: [ app_begin ] --START--
INFO: Run Behavior\ReadHtmlCacheBehavior [ RunTime:0.000603s ]
INFO: [ app_begin ] --END-- [ RunTime:0.000665s ]
NOTIC: [2048] Declaration of Home\Controller\BigController::show() should be compatible with that of Think\Controller::show() E:\web\Apache\htdocs\4yue\rikao\7.14\Application\Home\Controller\BigController.class.php 第 19 行.
SQL: SHOW COLUMNS FROM `big` [ RunTime:0.0275s ]
SQL: SHOW COLUMNS FROM `big` [ RunTime:0.0831s ]
SQL: SELECT * FROM `big` INNER JOIN type on big.t_id=type.type_id   [ RunTime:0.0030s ]
INFO: [ view_parse ] --START--
INFO: [ template_filter ] --START--
INFO: Run Behavior\ContentReplaceBehavior [ RunTime:0.000078s ]
INFO: [ template_filter ] --END-- [ RunTime:0.000144s ]
INFO: Run Behavior\ParseTemplateBehavior [ RunTime:0.008045s ]
INFO: [ view_parse ] --END-- [ RunTime:0.008118s ]
INFO: [ view_filter ] --START--
INFO: Run Behavior\WriteHtmlCacheBehavior [ RunTime:0.000465s ]
INFO: [ view_filter ] --END-- [ RunTime:0.000522s ]
INFO: [ app_end ] --START--
INFO: Run Behavior\ShowPageTraceBehavior [ RunTime:0.000684s ]
INFO: [ app_end ] --END-- [ RunTime:0.000735s ]

[ 2017-07-14T21:17:19+08:00 ] 127.0.0.1 /4yue/rikao/7.14/index.php/Home/Big/show.html
INFO: [ app_init ] --START--
INFO: Run Behavior\BuildLiteBehavior [ RunTime:0.000069s ]
INFO: [ app_init ] --END-- [ RunTime:0.001730s ]
INFO: [ app_begin ] --START--
INFO: Run Behavior\ReadHtmlCacheBehavior [ RunTime:0.001362s ]
INFO: [ app_begin ] --END-- [ RunTime:0.001544s ]
NOTIC: [2048] Declaration of Home\Controller\BigController::show() should be compatible with that of Think\Controller::show() E:\web\Apache\htdocs\4yue\rikao\7.14\Application\Home\Controller\BigController.class.php 第 19 行.
SQL: SHOW COLUMNS FROM `big` [ RunTime:0.0472s ]
SQL: SHOW COLUMNS FROM `big` [ RunTime:0.0672s ]
SQL: SELECT * FROM `big` INNER JOIN type on big.t_id=type.type_id   [ RunTime:0.0382s ]
INFO: [ view_parse ] --START--
INFO: [ template_filter ] --START--
INFO: Run Behavior\ContentReplaceBehavior [ RunTime:0.000120s ]
INFO: [ template_filter ] --END-- [ RunTime:0.000275s ]
INFO: Run Behavior\ParseTemplateBehavior [ RunTime:0.015949s ]
INFO: [ view_parse ] --END-- [ RunTime:0.016137s ]
INFO: [ view_filter ] --START--
INFO: Run Behavior\WriteHtmlCacheBehavior [ RunTime:0.000664s ]
INFO: [ view_filter ] --END-- [ RunTime:0.000738s ]
INFO: [ app_end ] --START--
INFO: Run Behavior\ShowPageTraceBehavior [ RunTime:0.001091s ]
INFO: [ app_end ] --END-- [ RunTime:0.001153s ]

[ 2017-07-14T21:17:23+08:00 ] 127.0.0.1 /4yue/rikao/7.14/index.php/Home/Type/form?name=&content=
INFO: [ app_init ] --START--
INFO: Run Behavior\BuildLiteBehavior [ RunTime:0.000015s ]
INFO: [ app_init ] --END-- [ RunTime:0.000467s ]
INFO: [ app_begin ] --START--
INFO: Run Behavior\ReadHtmlCacheBehavior [ RunTime:0.000682s ]
INFO: [ app_begin ] --END-- [ RunTime:0.000763s ]
SQL: SHOW COLUMNS FROM `type` [ RunTime:0.0514s ]
SQL: SHOW COLUMNS FROM `type` [ RunTime:0.0403s ]
SQL: SELECT * FROM `type`  [ RunTime:0.0344s ]
INFO: [ view_parse ] --START--
INFO: [ template_filter ] --START--
INFO: Run Behavior\ContentReplaceBehavior [ RunTime:0.000048s ]
INFO: [ template_filter ] --END-- [ RunTime:0.000111s ]
INFO: Run Behavior\ParseTemplateBehavior [ RunTime:0.010351s ]
INFO: [ view_parse ] --END-- [ RunTime:0.010481s ]
INFO: [ view_filter ] --START--
INFO: Run Behavior\WriteHtmlCacheBehavior [ RunTime:0.000462s ]
INFO: [ view_filter ] --END-- [ RunTime:0.000512s ]
INFO: [ app_end ] --START--
INFO: Run Behavior\ShowPageTraceBehavior [ RunTime:0.000648s ]
INFO: [ app_end ] --END-- [ RunTime:0.000706s ]

[ 2017-07-14T21:17:25+08:00 ] 127.0.0.1 /4yue/rikao/7.14/index.php/Home/Big/data.html
INFO: [ app_init ] --START--
INFO: Run Behavior\BuildLiteBehavior [ RunTime:0.000027s ]
INFO: [ app_init ] --END-- [ RunTime:0.000643s ]
INFO: [ app_begin ] --START--
INFO: Run Behavior\ReadHtmlCacheBehavior [ RunTime:0.000647s ]
INFO: [ app_begin ] --END-- [ RunTime:0.000734s ]
NOTIC: [2048] Declaration of Home\Controller\BigController::show() should be compatible with that of Think\Controller::show() E:\web\Apache\htdocs\4yue\rikao\7.14\Application\Home\Controller\BigController.class.php 第 19 行.
SQL: SHOW COLUMNS FROM `big` [ RunTime:0.0803s ]
SQL: SHOW COLUMNS FROM `big` [ RunTime:0.0569s ]
SQL: INSERT INTO `big` (`name`,`content`) VALUES ('今天打雷了','今天下雨了') [ RunTime:0.0686s ]

[ 2017-07-14T21:17:53+08:00 ] 127.0.0.1 /4yue/rikao/7.14/index.php/Home/Big/show
INFO: [ app_init ] --START--
INFO: Run Behavior\BuildLiteBehavior [ RunTime:0.000015s ]
INFO: [ app_init ] --END-- [ RunTime:0.000791s ]
INFO: [ app_begin ] --START--
INFO: Run Behavior\ReadHtmlCacheBehavior [ RunTime:0.001090s ]
INFO: [ app_begin ] --END-- [ RunTime:0.001155s ]
NOTIC: [2048] Declaration of Home\Controller\BigController::show() should be compatible with that of Think\Controller::show() E:\web\Apache\htdocs\4yue\rikao\7.14\Application\Home\Controller\BigController.class.php 第 19 行.
SQL: SHOW COLUMNS FROM `big` [ RunTime:0.0649s ]
SQL: SHOW COLUMNS FROM `big` [ RunTime:0.0523s ]
SQL: SELECT * FROM `big` INNER JOIN type on big.t_id=type.type_id   [ RunTime:0.0039s ]
INFO: [ view_parse ] --START--
INFO: [ template_filter ] --START--
INFO: Run Behavior\ContentReplaceBehavior [ RunTime:0.000080s ]
INFO: [ template_filter ] --END-- [ RunTime:0.000174s ]
INFO: Run Behavior\ParseTemplateBehavior [ RunTime:0.009669s ]
INFO: [ view_parse ] --END-- [ RunTime:0.009748s ]
INFO: [ view_filter ] --START--
INFO: Run Behavior\WriteHtmlCacheBehavior [ RunTime:0.000419s ]
INFO: [ view_filter ] --END-- [ RunTime:0.000472s ]
INFO: [ app_end ] --START--
INFO: Run Behavior\ShowPageTraceBehavior [ RunTime:0.000792s ]
INFO: [ app_end ] --END-- [ RunTime:0.000881s ]

[ 2017-07-14T21:18:31+08:00 ] 127.0.0.1 /4yue/rikao/7.14/index.php/Home/Big/show
INFO: [ app_init ] --START--
INFO: Run Behavior\BuildLiteBehavior [ RunTime:0.000035s ]
INFO: [ app_init ] --END-- [ RunTime:0.000729s ]
INFO: [ app_begin ] --START--
INFO: Run Behavior\ReadHtmlCacheBehavior [ RunTime:0.000750s ]
INFO: [ app_begin ] --END-- [ RunTime:0.000842s ]
NOTIC: [2048] Declaration of Home\Controller\BigController::show() should be compatible with that of Think\Controller::show() E:\web\Apache\htdocs\4yue\rikao\7.14\Application\Home\Controller\BigController.class.php 第 19 行.
SQL: SHOW COLUMNS FROM `big` [ RunTime:0.0652s ]
SQL: SHOW COLUMNS FROM `big` [ RunTime:0.0406s ]
SQL: SELECT * FROM `big` INNER JOIN type on big.t_id=type.type_id   [ RunTime:0.0469s ]
INFO: [ view_parse ] --START--
INFO: [ template_filter ] --START--
INFO: Run Behavior\ContentReplaceBehavior [ RunTime:0.000092s ]
INFO: [ template_filter ] --END-- [ RunTime:0.000231s ]
INFO: Run Behavior\ParseTemplateBehavior [ RunTime:0.013387s ]
INFO: [ view_parse ] --END-- [ RunTime:0.013543s ]
INFO: [ view_filter ] --START--
INFO: Run Behavior\WriteHtmlCacheBehavior [ RunTime:0.000748s ]
INFO: [ view_filter ] --END-- [ RunTime:0.000848s ]
INFO: [ app_end ] --START--
INFO: Run Behavior\ShowPageTraceBehavior [ RunTime:0.000908s ]
INFO: [ app_end ] --END-- [ RunTime:0.000976s ]

[ 2017-07-14T21:18:33+08:00 ] 127.0.0.1 /4yue/rikao/7.14/index.php/Home/Big/show
INFO: [ app_init ] --START--
INFO: Run Behavior\BuildLiteBehavior [ RunTime:0.000023s ]
INFO: [ app_init ] --END-- [ RunTime:0.000964s ]
INFO: [ app_begin ] --START--
INFO: Run Behavior\ReadHtmlCacheBehavior [ RunTime:0.000727s ]
INFO: [ app_begin ] --END-- [ RunTime:0.000794s ]
NOTIC: [2048] Declaration of Home\Controller\BigController::show() should be compatible with that of Think\Controller::show() E:\web\Apache\htdocs\4yue\rikao\7.14\Application\Home\Controller\BigController.class.php 第 19 行.
SQL: SHOW COLUMNS FROM `big` [ RunTime:0.0406s ]
SQL: SHOW COLUMNS FROM `big` [ RunTime:0.0492s ]
SQL: SELECT * FROM `big` INNER JOIN type on big.t_id=type.type_id   [ RunTime:0.0057s ]
INFO: [ view_parse ] --START--
INFO: [ template_filter ] --START--
INFO: Run Behavior\ContentReplaceBehavior [ RunTime:0.000077s ]
INFO: [ template_filter ] --END-- [ RunTime:0.000173s ]
INFO: Run Behavior\ParseTemplateBehavior [ RunTime:0.009669s ]
INFO: [ view_parse ] --END-- [ RunTime:0.009811s ]
INFO: [ view_filter ] --START--
INFO: Run Behavior\WriteHtmlCacheBehavior [ RunTime:0.000665s ]
INFO: [ view_filter ] --END-- [ RunTime:0.000741s ]
INFO: [ app_end ] --START--
INFO: Run Behavior\ShowPageTraceBehavior [ RunTime:0.000905s ]
INFO: [ app_end ] --END-- [ RunTime:0.000990s ]

[ 2017-07-14T21:19:20+08:00 ] 127.0.0.1 /4yue/rikao/7.14/index.php/Home/Type/form?name=&content=
INFO: [ app_init ] --START--
INFO: Run Behavior\BuildLiteBehavior [ RunTime:0.000049s ]
INFO: [ app_init ] --END-- [ RunTime:0.000777s ]
INFO: [ app_begin ] --START--
INFO: Run Behavior\ReadHtmlCacheBehavior [ RunTime:0.000729s ]
INFO: [ app_begin ] --END-- [ RunTime:0.000782s ]
SQL: SHOW COLUMNS FROM `type` [ RunTime:0.0504s ]
SQL: SHOW COLUMNS FROM `type` [ RunTime:0.0633s ]
SQL: SELECT * FROM `type`  [ RunTime:0.0133s ]
INFO: [ view_parse ] --START--
INFO: [ template_filter ] --START--
INFO: Run Behavior\ContentReplaceBehavior [ RunTime:0.000060s ]
INFO: [ template_filter ] --END-- [ RunTime:0.000153s ]
INFO: Run Behavior\ParseTemplateBehavior [ RunTime:0.011135s ]
INFO: [ view_parse ] --END-- [ RunTime:0.011250s ]
INFO: [ view_filter ] --START--
INFO: Run Behavior\WriteHtmlCacheBehavior [ RunTime:0.001511s ]
INFO: [ view_filter ] --END-- [ RunTime:0.001679s ]
INFO: [ app_end ] --START--
INFO: Run Behavior\ShowPageTraceBehavior [ RunTime:0.002196s ]
INFO: [ app_end ] --END-- [ RunTime:0.002394s ]

[ 2017-07-14T21:19:22+08:00 ] 127.0.0.1 /4yue/rikao/7.14/index.php/Home/Big/data.html
INFO: [ app_init ] --START--
INFO: Run Behavior\BuildLiteBehavior [ RunTime:0.000024s ]
INFO: [ app_init ] --END-- [ RunTime:0.000633s ]
INFO: [ app_begin ] --START--
INFO: Run Behavior\ReadHtmlCacheBehavior [ RunTime:0.000859s ]
INFO: [ app_begin ] --END-- [ RunTime:0.000960s ]
NOTIC: [2048] Declaration of Home\Controller\BigController::show() should be compatible with that of Think\Controller::show() E:\web\Apache\htdocs\4yue\rikao\7.14\Application\Home\Controller\BigController.class.php 第 19 行.
SQL: SHOW COLUMNS FROM `big` [ RunTime:0.1034s ]

[ 2017-07-14T21:19:43+08:00 ] 127.0.0.1 /4yue/rikao/7.14/index.php/Home/Type/form?name=&content=
INFO: [ app_init ] --START--
INFO: Run Behavior\BuildLiteBehavior [ RunTime:0.000033s ]
INFO: [ app_init ] --END-- [ RunTime:0.000816s ]
INFO: [ app_begin ] --START--
INFO: Run Behavior\ReadHtmlCacheBehavior [ RunTime:0.002577s ]
INFO: [ app_begin ] --END-- [ RunTime:0.002972s ]
SQL: SHOW COLUMNS FROM `type` [ RunTime:0.0510s ]
SQL: SHOW COLUMNS FROM `type` [ RunTime:0.0463s ]
SQL: SELECT * FROM `type`  [ RunTime:0.0042s ]
INFO: [ view_parse ] --START--
INFO: [ template_filter ] --START--
INFO: Run Behavior\ContentReplaceBehavior [ RunTime:0.000056s ]
INFO: [ template_filter ] --END-- [ RunTime:0.000130s ]
INFO: Run Behavior\ParseTemplateBehavior [ RunTime:0.015103s ]
INFO: [ view_parse ] --END-- [ RunTime:0.015246s ]
INFO: [ view_filter ] --START--
INFO: Run Behavior\WriteHtmlCacheBehavior [ RunTime:0.000826s ]
INFO: [ view_filter ] --END-- [ RunTime:0.000917s ]
INFO: [ app_end ] --START--
INFO: Run Behavior\ShowPageTraceBehavior [ RunTime:0.001213s ]
INFO: [ app_end ] --END-- [ RunTime:0.001373s ]

[ 2017-07-14T21:19:44+08:00 ] 127.0.0.1 /4yue/rikao/7.14/index.php/Home/Big/data.html
INFO: [ app_init ] --START--
INFO: Run Behavior\BuildLiteBehavior [ RunTime:0.000019s ]
INFO: [ app_init ] --END-- [ RunTime:0.000523s ]
INFO: [ app_begin ] --START--
INFO: Run Behavior\ReadHtmlCacheBehavior [ RunTime:0.000704s ]
INFO: [ app_begin ] --END-- [ RunTime:0.000775s ]
NOTIC: [2048] Declaration of Home\Controller\BigController::show() should be compatible with that of Think\Controller::show() E:\web\Apache\htdocs\4yue\rikao\7.14\Application\Home\Controller\BigController.class.php 第 19 行.
SQL: SHOW COLUMNS FROM `big` [ RunTime:0.0607s ]
SQL: SHOW COLUMNS FROM `big` [ RunTime:0.0496s ]
SQL: INSERT INTO `big` (`name`,`content`,`t_id`) VALUES ('今天打雷了','今天下雨了','1') [ RunTime:0.0363s ]
INFO: [ view_parse ] --START--
INFO: [ template_filter ] --START--
INFO: Run Behavior\ContentReplaceBehavior [ RunTime:0.000044s ]
INFO: [ template_filter ] --END-- [ RunTime:0.000108s ]
INFO: Run Behavior\ParseTemplateBehavior [ RunTime:0.011594s ]
INFO: [ view_parse ] --END-- [ RunTime:0.011792s ]
INFO: [ view_filter ] --START--
INFO: Run Behavior\WriteHtmlCacheBehavior [ RunTime:0.000849s ]
INFO: [ view_filter ] --END-- [ RunTime:0.000943s ]
INFO: [ app_end ] --START--
INFO: Run Behavior\ShowPageTraceBehavior [ RunTime:0.000997s ]
INFO: [ app_end ] --END-- [ RunTime:0.001093s ]

[ 2017-07-14T21:19:47+08:00 ] 127.0.0.1 /4yue/rikao/7.14/index.php/Home/Big/show.html
INFO: [ app_init ] --START--
INFO: Run Behavior\BuildLiteBehavior [ RunTime:0.000014s ]
INFO: [ app_init ] --END-- [ RunTime:0.000529s ]
INFO: [ app_begin ] --START--
INFO: Run Behavior\ReadHtmlCacheBehavior [ RunTime:0.000649s ]
INFO: [ app_begin ] --END-- [ RunTime:0.000716s ]
NOTIC: [2048] Declaration of Home\Controller\BigController::show() should be compatible with that of Think\Controller::show() E:\web\Apache\htdocs\4yue\rikao\7.14\Application\Home\Controller\BigController.class.php 第 19 行.
SQL: SHOW COLUMNS FROM `big` [ RunTime:0.0453s ]
SQL: SHOW COLUMNS FROM `big` [ RunTime:0.0748s ]
SQL: SELECT * FROM `big` INNER JOIN type on big.t_id=type.type_id   [ RunTime:0.0085s ]
INFO: [ view_parse ] --START--
INFO: [ template_filter ] --START--
INFO: Run Behavior\ContentReplaceBehavior [ RunTime:0.000066s ]
INFO: [ template_filter ] --END-- [ RunTime:0.000158s ]
INFO: Run Behavior\ParseTemplateBehavior [ RunTime:0.007902s ]
INFO: [ view_parse ] --END-- [ RunTime:0.007977s ]
INFO: [ view_filter ] --START--
INFO: Run Behavior\WriteHtmlCacheBehavior [ RunTime:0.000671s ]
INFO: [ view_filter ] --END-- [ RunTime:0.000754s ]
INFO: [ app_end ] --START--
INFO: Run Behavior\ShowPageTraceBehavior [ RunTime:0.001050s ]
INFO: [ app_end ] --END-- [ RunTime:0.001159s ]

