[ 2018-01-10T15:57:49+08:00 ] ::1 /10yue/weiphp4.0-master/
NOTIC: [2] Cannot declare class Think\Action, because the name is already in use E:\phpstyudy\PHPTutorial\WWW\10yue\weiphp4.0-master\ThinkPHP\Library\Think\ManageBaseController.class.php 第 316 行.
NOTIC: [2] unlink(./Runtime/Temp/weiphp4_0-master_4958e123f81776b413821f455c4e717f.php): No such file or directory E:\phpstyudy\PHPTutorial\WWW\10yue\weiphp4.0-master\ThinkPHP\Library\Think\Cache\Driver\File.class.php 第 157 行.
NOTIC: [2] Invalid argument supplied for foreach() E:\phpstyudy\PHPTutorial\WWW\10yue\weiphp4.0-master\Addons\Card\Model\CardCustomModel.class.php 第 20 行.
NOTIC: [8] Undefined variable: addons E:\phpstyudy\PHPTutorial\WWW\10yue\weiphp4.0-master\Application\Common\Common\function.php 第 501 行.
NOTIC: [8] Undefined variable: addons E:\phpstyudy\PHPTutorial\WWW\10yue\weiphp4.0-master\Application\Common\Common\function.php 第 501 行.
NOTIC: [8] Undefined variable: addons E:\phpstyudy\PHPTutorial\WWW\10yue\weiphp4.0-master\Application\Common\Common\function.php 第 501 行.
NOTIC: [8] Undefined variable: addons E:\phpstyudy\PHPTutorial\WWW\10yue\weiphp4.0-master\Application\Common\Common\function.php 第 501 行.
NOTIC: [8] Undefined variable: addons E:\phpstyudy\PHPTutorial\WWW\10yue\weiphp4.0-master\Application\Common\Common\function.php 第 501 行.
NOTIC: [8] Undefined variable: addons E:\phpstyudy\PHPTutorial\WWW\10yue\weiphp4.0-master\Application\Common\Common\function.php 第 501 行.
NOTIC: [8] Undefined variable: addons E:\phpstyudy\PHPTutorial\WWW\10yue\weiphp4.0-master\Application\Common\Common\function.php 第 501 行.
NOTIC: [8] Undefined variable: addons E:\phpstyudy\PHPTutorial\WWW\10yue\weiphp4.0-master\Application\Common\Common\function.php 第 501 行.
NOTIC: [8] Undefined variable: addons E:\phpstyudy\PHPTutorial\WWW\10yue\weiphp4.0-master\Application\Common\Common\function.php 第 501 行.
NOTIC: [8] Undefined variable: addons E:\phpstyudy\PHPTutorial\WWW\10yue\weiphp4.0-master\Application\Common\Common\function.php 第 501 行.
NOTIC: [8] Undefined variable: addons E:\phpstyudy\PHPTutorial\WWW\10yue\weiphp4.0-master\Application\Common\Common\function.php 第 501 行.
NOTIC: [8] Undefined variable: addons E:\phpstyudy\PHPTutorial\WWW\10yue\weiphp4.0-master\Application\Common\Common\function.php 第 501 行.
NOTIC: [8] Undefined variable: addons E:\phpstyudy\PHPTutorial\WWW\10yue\weiphp4.0-master\Application\Common\Common\function.php 第 501 行.
NOTIC: [8] Undefined variable: addons E:\phpstyudy\PHPTutorial\WWW\10yue\weiphp4.0-master\Application\Common\Common\function.php 第 501 行.
NOTIC: [8] Undefined variable: addons E:\phpstyudy\PHPTutorial\WWW\10yue\weiphp4.0-master\Application\Common\Common\function.php 第 501 行.
NOTIC: [8] Undefined variable: addons E:\phpstyudy\PHPTutorial\WWW\10yue\weiphp4.0-master\Application\Common\Common\function.php 第 501 行.
NOTIC: [8] Undefined variable: addons E:\phpstyudy\PHPTutorial\WWW\10yue\weiphp4.0-master\Application\Common\Common\function.php 第 501 行.
NOTIC: [8] Undefined variable: addons E:\phpstyudy\PHPTutorial\WWW\10yue\weiphp4.0-master\Application\Common\Common\function.php 第 501 行.
NOTIC: [8] Undefined variable: addons E:\phpstyudy\PHPTutorial\WWW\10yue\weiphp4.0-master\Application\Common\Common\function.php 第 501 行.
NOTIC: [8] Undefined variable: addons E:\phpstyudy\PHPTutorial\WWW\10yue\weiphp4.0-master\Application\Common\Common\function.php 第 501 行.
NOTIC: [8] Undefined variable: addons E:\phpstyudy\PHPTutorial\WWW\10yue\weiphp4.0-master\Application\Common\Common\function.php 第 501 行.
NOTIC: [8] Undefined variable: addons E:\phpstyudy\PHPTutorial\WWW\10yue\weiphp4.0-master\Application\Common\Common\function.php 第 501 行.
NOTIC: [8] Undefined variable: addons E:\phpstyudy\PHPTutorial\WWW\10yue\weiphp4.0-master\Application\Common\Common\function.php 第 501 行.
NOTIC: [8] Undefined variable: addons E:\phpstyudy\PHPTutorial\WWW\10yue\weiphp4.0-master\Application\Common\Common\function.php 第 501 行.
NOTIC: [8] Undefined variable: addons E:\phpstyudy\PHPTutorial\WWW\10yue\weiphp4.0-master\Application\Common\Common\function.php 第 501 行.
NOTIC: [8] Undefined variable: addons E:\phpstyudy\PHPTutorial\WWW\10yue\weiphp4.0-master\Application\Common\Common\function.php 第 501 行.
NOTIC: [8] Undefined variable: addons E:\phpstyudy\PHPTutorial\WWW\10yue\weiphp4.0-master\Application\Common\Common\function.php 第 501 行.
NOTIC: [8] Undefined variable: addons E:\phpstyudy\PHPTutorial\WWW\10yue\weiphp4.0-master\Application\Common\Common\function.php 第 501 行.
NOTIC: [8] Undefined variable: addons E:\phpstyudy\PHPTutorial\WWW\10yue\weiphp4.0-master\Application\Common\Common\function.php 第 501 行.
NOTIC: [8] Undefined variable: addons E:\phpstyudy\PHPTutorial\WWW\10yue\weiphp4.0-master\Application\Common\Common\function.php 第 501 行.
NOTIC: [8] Undefined variable: addons E:\phpstyudy\PHPTutorial\WWW\10yue\weiphp4.0-master\Application\Common\Common\function.php 第 501 行.
NOTIC: [8] Undefined variable: addons E:\phpstyudy\PHPTutorial\WWW\10yue\weiphp4.0-master\Application\Common\Common\function.php 第 501 行.
NOTIC: [8] Undefined variable: addons E:\phpstyudy\PHPTutorial\WWW\10yue\weiphp4.0-master\Application\Common\Common\function.php 第 501 行.
NOTIC: [8] Undefined variable: addons E:\phpstyudy\PHPTutorial\WWW\10yue\weiphp4.0-master\Application\Common\Common\function.php 第 501 行.
NOTIC: [8] Undefined variable: addons E:\phpstyudy\PHPTutorial\WWW\10yue\weiphp4.0-master\Application\Common\Common\function.php 第 501 行.
NOTIC: [8] Undefined variable: addons E:\phpstyudy\PHPTutorial\WWW\10yue\weiphp4.0-master\Application\Common\Common\function.php 第 501 行.
NOTIC: [8] Undefined variable: addons E:\phpstyudy\PHPTutorial\WWW\10yue\weiphp4.0-master\Application\Common\Common\function.php 第 501 行.
NOTIC: [8] Undefined variable: addons E:\phpstyudy\PHPTutorial\WWW\10yue\weiphp4.0-master\Application\Common\Common\function.php 第 501 行.
NOTIC: [8] Undefined variable: addons E:\phpstyudy\PHPTutorial\WWW\10yue\weiphp4.0-master\Application\Common\Common\function.php 第 501 行.
NOTIC: [8] Undefined variable: addons E:\phpstyudy\PHPTutorial\WWW\10yue\weiphp4.0-master\Application\Common\Common\function.php 第 501 行.
NOTIC: [8] Undefined variable: addons E:\phpstyudy\PHPTutorial\WWW\10yue\weiphp4.0-master\Application\Common\Common\function.php 第 501 行.
NOTIC: [8] Undefined variable: addons E:\phpstyudy\PHPTutorial\WWW\10yue\weiphp4.0-master\Application\Common\Common\function.php 第 501 行.
NOTIC: [8] Undefined variable: addons E:\phpstyudy\PHPTutorial\WWW\10yue\weiphp4.0-master\Application\Common\Common\function.php 第 501 行.
NOTIC: [8] Undefined variable: addons E:\phpstyudy\PHPTutorial\WWW\10yue\weiphp4.0-master\Application\Common\Common\function.php 第 501 行.
NOTIC: [8] Undefined variable: addons E:\phpstyudy\PHPTutorial\WWW\10yue\weiphp4.0-master\Application\Common\Common\function.php 第 501 行.
NOTIC: [8] Undefined variable: addons E:\phpstyudy\PHPTutorial\WWW\10yue\weiphp4.0-master\Application\Common\Common\function.php 第 501 行.
NOTIC: [8] Undefined variable: addons E:\phpstyudy\PHPTutorial\WWW\10yue\weiphp4.0-master\Application\Common\Common\function.php 第 501 行.
NOTIC: [8] Undefined variable: addons E:\phpstyudy\PHPTutorial\WWW\10yue\weiphp4.0-master\Application\Common\Common\function.php 第 501 行.
NOTIC: [8] Undefined variable: addons E:\phpstyudy\PHPTutorial\WWW\10yue\weiphp4.0-master\Application\Common\Common\function.php 第 501 行.
NOTIC: [8] Undefined offset: 14 E:\phpstyudy\PHPTutorial\WWW\10yue\weiphp4.0-master\Application\Common\Model\MenuModel.class.php 第 98 行.
NOTIC: [8] Undefined offset: 14 E:\phpstyudy\PHPTutorial\WWW\10yue\weiphp4.0-master\Application\Common\Model\MenuModel.class.php 第 109 行.
NOTIC: [8] Undefined offset: 60 E:\phpstyudy\PHPTutorial\WWW\10yue\weiphp4.0-master\Application\Common\Model\MenuModel.class.php 第 98 行.
NOTIC: [8] Undefined offset: 60 E:\phpstyudy\PHPTutorial\WWW\10yue\weiphp4.0-master\Application\Common\Model\MenuModel.class.php 第 109 行.
NOTIC: [8] Undefined index: side E:\phpstyudy\PHPTutorial\WWW\10yue\weiphp4.0-master\Application\Common\Model\MenuModel.class.php 第 167 行.
NOTIC: [8] Undefined index: side E:\phpstyudy\PHPTutorial\WWW\10yue\weiphp4.0-master\Application\Common\Model\MenuModel.class.php 第 167 行.
NOTIC: [8] Undefined index: side E:\phpstyudy\PHPTutorial\WWW\10yue\weiphp4.0-master\Application\Common\Model\MenuModel.class.php 第 167 行.
NOTIC: [8] Undefined index: side E:\phpstyudy\PHPTutorial\WWW\10yue\weiphp4.0-master\Application\Common\Model\MenuModel.class.php 第 167 行.
NOTIC: [8] Undefined index: side E:\phpstyudy\PHPTutorial\WWW\10yue\weiphp4.0-master\Application\Common\Model\MenuModel.class.php 第 167 行.
NOTIC: [8] Undefined index: side E:\phpstyudy\PHPTutorial\WWW\10yue\weiphp4.0-master\Application\Common\Model\MenuModel.class.php 第 167 行.
NOTIC: [8] Undefined index: side E:\phpstyudy\PHPTutorial\WWW\10yue\weiphp4.0-master\Application\Common\Model\MenuModel.class.php 第 167 行.
NOTIC: [8] Undefined index: side E:\phpstyudy\PHPTutorial\WWW\10yue\weiphp4.0-master\Application\Common\Model\MenuModel.class.php 第 167 行.
NOTIC: [8] Undefined index: side E:\phpstyudy\PHPTutorial\WWW\10yue\weiphp4.0-master\Application\Common\Model\MenuModel.class.php 第 167 行.
NOTIC: [8] Undefined index: side E:\phpstyudy\PHPTutorial\WWW\10yue\weiphp4.0-master\Application\Common\Model\MenuModel.class.php 第 167 行.
NOTIC: [8] Undefined index: side E:\phpstyudy\PHPTutorial\WWW\10yue\weiphp4.0-master\Application\Common\Model\MenuModel.class.php 第 167 行.
NOTIC: [8] Undefined index: side E:\phpstyudy\PHPTutorial\WWW\10yue\weiphp4.0-master\Application\Common\Model\MenuModel.class.php 第 167 行.
NOTIC: [8] Undefined index: side E:\phpstyudy\PHPTutorial\WWW\10yue\weiphp4.0-master\Application\Common\Model\MenuModel.class.php 第 167 行.
NOTIC: [8] Undefined index: side E:\phpstyudy\PHPTutorial\WWW\10yue\weiphp4.0-master\Application\Common\Model\MenuModel.class.php 第 167 行.
NOTIC: [8] Undefined index: side E:\phpstyudy\PHPTutorial\WWW\10yue\weiphp4.0-master\Application\Common\Model\MenuModel.class.php 第 167 行.
NOTIC: [8] Undefined index: side E:\phpstyudy\PHPTutorial\WWW\10yue\weiphp4.0-master\Application\Common\Model\MenuModel.class.php 第 167 行.
NOTIC: [8] Undefined index: side E:\phpstyudy\PHPTutorial\WWW\10yue\weiphp4.0-master\Application\Common\Model\MenuModel.class.php 第 167 行.
NOTIC: [8] Undefined index: side E:\phpstyudy\PHPTutorial\WWW\10yue\weiphp4.0-master\Application\Common\Model\MenuModel.class.php 第 167 行.
NOTIC: [8] Undefined index: side E:\phpstyudy\PHPTutorial\WWW\10yue\weiphp4.0-master\Application\Common\Model\MenuModel.class.php 第 167 行.
NOTIC: [8] Undefined index: side E:\phpstyudy\PHPTutorial\WWW\10yue\weiphp4.0-master\Application\Common\Model\MenuModel.class.php 第 167 行.
NOTIC: [8] Undefined index: side E:\phpstyudy\PHPTutorial\WWW\10yue\weiphp4.0-master\Application\Common\Model\MenuModel.class.php 第 167 行.
NOTIC: [8] Undefined index: side E:\phpstyudy\PHPTutorial\WWW\10yue\weiphp4.0-master\Application\Common\Model\MenuModel.class.php 第 167 行.
NOTIC: [8] Undefined index: side E:\phpstyudy\PHPTutorial\WWW\10yue\weiphp4.0-master\Application\Common\Model\MenuModel.class.php 第 167 行.
NOTIC: [8] Undefined index: side E:\phpstyudy\PHPTutorial\WWW\10yue\weiphp4.0-master\Application\Common\Model\MenuModel.class.php 第 167 行.
NOTIC: [8] Undefined index: side E:\phpstyudy\PHPTutorial\WWW\10yue\weiphp4.0-master\Application\Common\Model\MenuModel.class.php 第 167 行.
NOTIC: [8] Undefined index: side E:\phpstyudy\PHPTutorial\WWW\10yue\weiphp4.0-master\Application\Common\Model\MenuModel.class.php 第 167 行.
NOTIC: [8] Undefined index: side E:\phpstyudy\PHPTutorial\WWW\10yue\weiphp4.0-master\Application\Common\Model\MenuModel.class.php 第 167 行.
NOTIC: [8] Undefined index: side E:\phpstyudy\PHPTutorial\WWW\10yue\weiphp4.0-master\Application\Common\Model\MenuModel.class.php 第 167 行.
NOTIC: [8] Undefined index: side E:\phpstyudy\PHPTutorial\WWW\10yue\weiphp4.0-master\Application\Common\Model\MenuModel.class.php 第 167 行.
NOTIC: [8] Undefined index: side E:\phpstyudy\PHPTutorial\WWW\10yue\weiphp4.0-master\Application\Common\Model\MenuModel.class.php 第 167 行.
NOTIC: [8] Undefined index: side E:\phpstyudy\PHPTutorial\WWW\10yue\weiphp4.0-master\Application\Common\Model\MenuModel.class.php 第 167 行.
NOTIC: [8] Undefined index: side E:\phpstyudy\PHPTutorial\WWW\10yue\weiphp4.0-master\Application\Common\Model\MenuModel.class.php 第 167 行.
NOTIC: [8] Undefined index: side E:\phpstyudy\PHPTutorial\WWW\10yue\weiphp4.0-master\Application\Common\Model\MenuModel.class.php 第 167 行.
NOTIC: [8] Undefined index: side E:\phpstyudy\PHPTutorial\WWW\10yue\weiphp4.0-master\Application\Common\Model\MenuModel.class.php 第 167 行.
NOTIC: [8] Undefined index: side E:\phpstyudy\PHPTutorial\WWW\10yue\weiphp4.0-master\Application\Common\Model\MenuModel.class.php 第 167 行.
NOTIC: [8] Undefined index: side E:\phpstyudy\PHPTutorial\WWW\10yue\weiphp4.0-master\Application\Common\Model\MenuModel.class.php 第 167 行.
NOTIC: [8] Undefined index: side E:\phpstyudy\PHPTutorial\WWW\10yue\weiphp4.0-master\Application\Common\Model\MenuModel.class.php 第 167 行.
NOTIC: [8] Undefined index: side E:\phpstyudy\PHPTutorial\WWW\10yue\weiphp4.0-master\Application\Common\Model\MenuModel.class.php 第 167 行.
NOTIC: [8] Undefined index: side E:\phpstyudy\PHPTutorial\WWW\10yue\weiphp4.0-master\Application\Common\Model\MenuModel.class.php 第 167 行.
NOTIC: [8] Undefined offset: 14 E:\phpstyudy\PHPTutorial\WWW\10yue\weiphp4.0-master\Application\Common\Model\MenuModel.class.php 第 173 行.
NOTIC: [8] Undefined index: Home E:\phpstyudy\PHPTutorial\WWW\10yue\weiphp4.0-master\Application\Home\Model\AddonsModel.class.php 第 67 行.

[ 2018-01-10T15:57:50+08:00 ] ::1 /10yue/weiphp4.0-master/index.php?s=/w0/Home/User/login/from/1.html
NOTIC: [2] Cannot declare class Think\Action, because the name is already in use E:\phpstyudy\PHPTutorial\WWW\10yue\weiphp4.0-master\ThinkPHP\Library\Think\ManageBaseController.class.php 第 316 行.
NOTIC: [2] unlink(./Runtime/Temp/weiphp4_0-master_4958e123f81776b413821f455c4e717f.php): No such file or directory E:\phpstyudy\PHPTutorial\WWW\10yue\weiphp4.0-master\ThinkPHP\Library\Think\Cache\Driver\File.class.php 第 157 行.
NOTIC: [2] Invalid argument supplied for foreach() E:\phpstyudy\PHPTutorial\WWW\10yue\weiphp4.0-master\Addons\Card\Model\CardCustomModel.class.php 第 20 行.
NOTIC: [8] Undefined variable: addons E:\phpstyudy\PHPTutorial\WWW\10yue\weiphp4.0-master\Application\Common\Common\function.php 第 501 行.
NOTIC: [8] Undefined variable: addons E:\phpstyudy\PHPTutorial\WWW\10yue\weiphp4.0-master\Application\Common\Common\function.php 第 501 行.
NOTIC: [8] Undefined variable: addons E:\phpstyudy\PHPTutorial\WWW\10yue\weiphp4.0-master\Application\Common\Common\function.php 第 501 行.
NOTIC: [8] Undefined variable: addons E:\phpstyudy\PHPTutorial\WWW\10yue\weiphp4.0-master\Application\Common\Common\function.php 第 501 行.
NOTIC: [8] Undefined variable: addons E:\phpstyudy\PHPTutorial\WWW\10yue\weiphp4.0-master\Application\Common\Common\function.php 第 501 行.
NOTIC: [8] Undefined variable: addons E:\phpstyudy\PHPTutorial\WWW\10yue\weiphp4.0-master\Application\Common\Common\function.php 第 501 行.
NOTIC: [8] Undefined variable: addons E:\phpstyudy\PHPTutorial\WWW\10yue\weiphp4.0-master\Application\Common\Common\function.php 第 501 行.
NOTIC: [8] Undefined variable: addons E:\phpstyudy\PHPTutorial\WWW\10yue\weiphp4.0-master\Application\Common\Common\function.php 第 501 行.
NOTIC: [8] Undefined variable: addons E:\phpstyudy\PHPTutorial\WWW\10yue\weiphp4.0-master\Application\Common\Common\function.php 第 501 行.
NOTIC: [8] Undefined variable: addons E:\phpstyudy\PHPTutorial\WWW\10yue\weiphp4.0-master\Application\Common\Common\function.php 第 501 行.
NOTIC: [8] Undefined variable: addons E:\phpstyudy\PHPTutorial\WWW\10yue\weiphp4.0-master\Application\Common\Common\function.php 第 501 行.
NOTIC: [8] Undefined variable: addons E:\phpstyudy\PHPTutorial\WWW\10yue\weiphp4.0-master\Application\Common\Common\function.php 第 501 行.
NOTIC: [8] Undefined variable: addons E:\phpstyudy\PHPTutorial\WWW\10yue\weiphp4.0-master\Application\Common\Common\function.php 第 501 行.
NOTIC: [8] Undefined variable: addons E:\phpstyudy\PHPTutorial\WWW\10yue\weiphp4.0-master\Application\Common\Common\function.php 第 501 行.
NOTIC: [8] Undefined variable: addons E:\phpstyudy\PHPTutorial\WWW\10yue\weiphp4.0-master\Application\Common\Common\function.php 第 501 行.
NOTIC: [8] Undefined variable: addons E:\phpstyudy\PHPTutorial\WWW\10yue\weiphp4.0-master\Application\Common\Common\function.php 第 501 行.
NOTIC: [8] Undefined variable: addons E:\phpstyudy\PHPTutorial\WWW\10yue\weiphp4.0-master\Application\Common\Common\function.php 第 501 行.
NOTIC: [8] Undefined variable: addons E:\phpstyudy\PHPTutorial\WWW\10yue\weiphp4.0-master\Application\Common\Common\function.php 第 501 行.
NOTIC: [8] Undefined variable: addons E:\phpstyudy\PHPTutorial\WWW\10yue\weiphp4.0-master\Application\Common\Common\function.php 第 501 行.
NOTIC: [8] Undefined variable: addons E:\phpstyudy\PHPTutorial\WWW\10yue\weiphp4.0-master\Application\Common\Common\function.php 第 501 行.
NOTIC: [8] Undefined variable: addons E:\phpstyudy\PHPTutorial\WWW\10yue\weiphp4.0-master\Application\Common\Common\function.php 第 501 行.
NOTIC: [8] Undefined variable: addons E:\phpstyudy\PHPTutorial\WWW\10yue\weiphp4.0-master\Application\Common\Common\function.php 第 501 行.
NOTIC: [8] Undefined variable: addons E:\phpstyudy\PHPTutorial\WWW\10yue\weiphp4.0-master\Application\Common\Common\function.php 第 501 行.
NOTIC: [8] Undefined variable: addons E:\phpstyudy\PHPTutorial\WWW\10yue\weiphp4.0-master\Application\Common\Common\function.php 第 501 行.
NOTIC: [8] Undefined variable: addons E:\phpstyudy\PHPTutorial\WWW\10yue\weiphp4.0-master\Application\Common\Common\function.php 第 501 行.
NOTIC: [8] Undefined variable: addons E:\phpstyudy\PHPTutorial\WWW\10yue\weiphp4.0-master\Application\Common\Common\function.php 第 501 行.
NOTIC: [8] Undefined variable: addons E:\phpstyudy\PHPTutorial\WWW\10yue\weiphp4.0-master\Application\Common\Common\function.php 第 501 行.
NOTIC: [8] Undefined variable: addons E:\phpstyudy\PHPTutorial\WWW\10yue\weiphp4.0-master\Application\Common\Common\function.php 第 501 行.
NOTIC: [8] Undefined variable: addons E:\phpstyudy\PHPTutorial\WWW\10yue\weiphp4.0-master\Application\Common\Common\function.php 第 501 行.
NOTIC: [8] Undefined variable: addons E:\phpstyudy\PHPTutorial\WWW\10yue\weiphp4.0-master\Application\Common\Common\function.php 第 501 行.
NOTIC: [8] Undefined variable: addons E:\phpstyudy\PHPTutorial\WWW\10yue\weiphp4.0-master\Application\Common\Common\function.php 第 501 行.
NOTIC: [8] Undefined variable: addons E:\phpstyudy\PHPTutorial\WWW\10yue\weiphp4.0-master\Application\Common\Common\function.php 第 501 行.
NOTIC: [8] Undefined variable: addons E:\phpstyudy\PHPTutorial\WWW\10yue\weiphp4.0-master\Application\Common\Common\function.php 第 501 行.
NOTIC: [8] Undefined variable: addons E:\phpstyudy\PHPTutorial\WWW\10yue\weiphp4.0-master\Application\Common\Common\function.php 第 501 行.
NOTIC: [8] Undefined variable: addons E:\phpstyudy\PHPTutorial\WWW\10yue\weiphp4.0-master\Application\Common\Common\function.php 第 501 行.
NOTIC: [8] Undefined variable: addons E:\phpstyudy\PHPTutorial\WWW\10yue\weiphp4.0-master\Application\Common\Common\function.php 第 501 行.
NOTIC: [8] Undefined variable: addons E:\phpstyudy\PHPTutorial\WWW\10yue\weiphp4.0-master\Application\Common\Common\function.php 第 501 行.
NOTIC: [8] Undefined variable: addons E:\phpstyudy\PHPTutorial\WWW\10yue\weiphp4.0-master\Application\Common\Common\function.php 第 501 行.
NOTIC: [8] Undefined variable: addons E:\phpstyudy\PHPTutorial\WWW\10yue\weiphp4.0-master\Application\Common\Common\function.php 第 501 行.
NOTIC: [8] Undefined variable: addons E:\phpstyudy\PHPTutorial\WWW\10yue\weiphp4.0-master\Application\Common\Common\function.php 第 501 行.
NOTIC: [8] Undefined variable: addons E:\phpstyudy\PHPTutorial\WWW\10yue\weiphp4.0-master\Application\Common\Common\function.php 第 501 行.
NOTIC: [8] Undefined variable: addons E:\phpstyudy\PHPTutorial\WWW\10yue\weiphp4.0-master\Application\Common\Common\function.php 第 501 行.
NOTIC: [8] Undefined variable: addons E:\phpstyudy\PHPTutorial\WWW\10yue\weiphp4.0-master\Application\Common\Common\function.php 第 501 行.
NOTIC: [8] Undefined variable: addons E:\phpstyudy\PHPTutorial\WWW\10yue\weiphp4.0-master\Application\Common\Common\function.php 第 501 行.
NOTIC: [8] Undefined variable: addons E:\phpstyudy\PHPTutorial\WWW\10yue\weiphp4.0-master\Application\Common\Common\function.php 第 501 行.
NOTIC: [8] Undefined variable: addons E:\phpstyudy\PHPTutorial\WWW\10yue\weiphp4.0-master\Application\Common\Common\function.php 第 501 行.
NOTIC: [8] Undefined variable: addons E:\phpstyudy\PHPTutorial\WWW\10yue\weiphp4.0-master\Application\Common\Common\function.php 第 501 行.
NOTIC: [8] Undefined variable: addons E:\phpstyudy\PHPTutorial\WWW\10yue\weiphp4.0-master\Application\Common\Common\function.php 第 501 行.
NOTIC: [8] Undefined variable: addons E:\phpstyudy\PHPTutorial\WWW\10yue\weiphp4.0-master\Application\Common\Common\function.php 第 501 行.
NOTIC: [8] Undefined offset: 14 E:\phpstyudy\PHPTutorial\WWW\10yue\weiphp4.0-master\Application\Common\Model\MenuModel.class.php 第 98 行.
NOTIC: [8] Undefined offset: 14 E:\phpstyudy\PHPTutorial\WWW\10yue\weiphp4.0-master\Application\Common\Model\MenuModel.class.php 第 109 行.
NOTIC: [8] Undefined offset: 60 E:\phpstyudy\PHPTutorial\WWW\10yue\weiphp4.0-master\Application\Common\Model\MenuModel.class.php 第 98 行.
NOTIC: [8] Undefined offset: 60 E:\phpstyudy\PHPTutorial\WWW\10yue\weiphp4.0-master\Application\Common\Model\MenuModel.class.php 第 109 行.
NOTIC: [8] Undefined index: side E:\phpstyudy\PHPTutorial\WWW\10yue\weiphp4.0-master\Application\Common\Model\MenuModel.class.php 第 167 行.
NOTIC: [8] Undefined index: side E:\phpstyudy\PHPTutorial\WWW\10yue\weiphp4.0-master\Application\Common\Model\MenuModel.class.php 第 167 行.
NOTIC: [8] Undefined index: side E:\phpstyudy\PHPTutorial\WWW\10yue\weiphp4.0-master\Application\Common\Model\MenuModel.class.php 第 167 行.
NOTIC: [8] Undefined index: side E:\phpstyudy\PHPTutorial\WWW\10yue\weiphp4.0-master\Application\Common\Model\MenuModel.class.php 第 167 行.
NOTIC: [8] Undefined index: side E:\phpstyudy\PHPTutorial\WWW\10yue\weiphp4.0-master\Application\Common\Model\MenuModel.class.php 第 167 行.
NOTIC: [8] Undefined index: side E:\phpstyudy\PHPTutorial\WWW\10yue\weiphp4.0-master\Application\Common\Model\MenuModel.class.php 第 167 行.
NOTIC: [8] Undefined index: side E:\phpstyudy\PHPTutorial\WWW\10yue\weiphp4.0-master\Application\Common\Model\MenuModel.class.php 第 167 行.
NOTIC: [8] Undefined index: side E:\phpstyudy\PHPTutorial\WWW\10yue\weiphp4.0-master\Application\Common\Model\MenuModel.class.php 第 167 行.
NOTIC: [8] Undefined index: side E:\phpstyudy\PHPTutorial\WWW\10yue\weiphp4.0-master\Application\Common\Model\MenuModel.class.php 第 167 行.
NOTIC: [8] Undefined index: side E:\phpstyudy\PHPTutorial\WWW\10yue\weiphp4.0-master\Application\Common\Model\MenuModel.class.php 第 167 行.
NOTIC: [8] Undefined index: side E:\phpstyudy\PHPTutorial\WWW\10yue\weiphp4.0-master\Application\Common\Model\MenuModel.class.php 第 167 行.
NOTIC: [8] Undefined index: side E:\phpstyudy\PHPTutorial\WWW\10yue\weiphp4.0-master\Application\Common\Model\MenuModel.class.php 第 167 行.
NOTIC: [8] Undefined index: side E:\phpstyudy\PHPTutorial\WWW\10yue\weiphp4.0-master\Application\Common\Model\MenuModel.class.php 第 167 行.
NOTIC: [8] Undefined index: side E:\phpstyudy\PHPTutorial\WWW\10yue\weiphp4.0-master\Application\Common\Model\MenuModel.class.php 第 167 行.
NOTIC: [8] Undefined index: side E:\phpstyudy\PHPTutorial\WWW\10yue\weiphp4.0-master\Application\Common\Model\MenuModel.class.php 第 167 行.
NOTIC: [8] Undefined index: side E:\phpstyudy\PHPTutorial\WWW\10yue\weiphp4.0-master\Application\Common\Model\MenuModel.class.php 第 167 行.
NOTIC: [8] Undefined index: side E:\phpstyudy\PHPTutorial\WWW\10yue\weiphp4.0-master\Application\Common\Model\MenuModel.class.php 第 167 行.
NOTIC: [8] Undefined index: side E:\phpstyudy\PHPTutorial\WWW\10yue\weiphp4.0-master\Application\Common\Model\MenuModel.class.php 第 167 行.
NOTIC: [8] Undefined index: side E:\phpstyudy\PHPTutorial\WWW\10yue\weiphp4.0-master\Application\Common\Model\MenuModel.class.php 第 167 行.
NOTIC: [8] Undefined index: side E:\phpstyudy\PHPTutorial\WWW\10yue\weiphp4.0-master\Application\Common\Model\MenuModel.class.php 第 167 行.
NOTIC: [8] Undefined index: side E:\phpstyudy\PHPTutorial\WWW\10yue\weiphp4.0-master\Application\Common\Model\MenuModel.class.php 第 167 行.
NOTIC: [8] Undefined index: side E:\phpstyudy\PHPTutorial\WWW\10yue\weiphp4.0-master\Application\Common\Model\MenuModel.class.php 第 167 行.
NOTIC: [8] Undefined index: side E:\phpstyudy\PHPTutorial\WWW\10yue\weiphp4.0-master\Application\Common\Model\MenuModel.class.php 第 167 行.
NOTIC: [8] Undefined index: side E:\phpstyudy\PHPTutorial\WWW\10yue\weiphp4.0-master\Application\Common\Model\MenuModel.class.php 第 167 行.
NOTIC: [8] Undefined index: side E:\phpstyudy\PHPTutorial\WWW\10yue\weiphp4.0-master\Application\Common\Model\MenuModel.class.php 第 167 行.
NOTIC: [8] Undefined index: side E:\phpstyudy\PHPTutorial\WWW\10yue\weiphp4.0-master\Application\Common\Model\MenuModel.class.php 第 167 行.
NOTIC: [8] Undefined index: side E:\phpstyudy\PHPTutorial\WWW\10yue\weiphp4.0-master\Application\Common\Model\MenuModel.class.php 第 167 行.
NOTIC: [8] Undefined index: side E:\phpstyudy\PHPTutorial\WWW\10yue\weiphp4.0-master\Application\Common\Model\MenuModel.class.php 第 167 行.
NOTIC: [8] Undefined index: side E:\phpstyudy\PHPTutorial\WWW\10yue\weiphp4.0-master\Application\Common\Model\MenuModel.class.php 第 167 行.
NOTIC: [8] Undefined index: side E:\phpstyudy\PHPTutorial\WWW\10yue\weiphp4.0-master\Application\Common\Model\MenuModel.class.php 第 167 行.
NOTIC: [8] Undefined index: side E:\phpstyudy\PHPTutorial\WWW\10yue\weiphp4.0-master\Application\Common\Model\MenuModel.class.php 第 167 行.
NOTIC: [8] Undefined index: side E:\phpstyudy\PHPTutorial\WWW\10yue\weiphp4.0-master\Application\Common\Model\MenuModel.class.php 第 167 行.
NOTIC: [8] Undefined index: side E:\phpstyudy\PHPTutorial\WWW\10yue\weiphp4.0-master\Application\Common\Model\MenuModel.class.php 第 167 行.
NOTIC: [8] Undefined index: side E:\phpstyudy\PHPTutorial\WWW\10yue\weiphp4.0-master\Application\Common\Model\MenuModel.class.php 第 167 行.
NOTIC: [8] Undefined index: side E:\phpstyudy\PHPTutorial\WWW\10yue\weiphp4.0-master\Application\Common\Model\MenuModel.class.php 第 167 行.
NOTIC: [8] Undefined index: side E:\phpstyudy\PHPTutorial\WWW\10yue\weiphp4.0-master\Application\Common\Model\MenuModel.class.php 第 167 行.
NOTIC: [8] Undefined index: side E:\phpstyudy\PHPTutorial\WWW\10yue\weiphp4.0-master\Application\Common\Model\MenuModel.class.php 第 167 行.
NOTIC: [8] Undefined index: side E:\phpstyudy\PHPTutorial\WWW\10yue\weiphp4.0-master\Application\Common\Model\MenuModel.class.php 第 167 行.
NOTIC: [8] Undefined index: side E:\phpstyudy\PHPTutorial\WWW\10yue\weiphp4.0-master\Application\Common\Model\MenuModel.class.php 第 167 行.
NOTIC: [8] Undefined offset: 14 E:\phpstyudy\PHPTutorial\WWW\10yue\weiphp4.0-master\Application\Common\Model\MenuModel.class.php 第 173 行.
NOTIC: [8] Undefined index: Home E:\phpstyudy\PHPTutorial\WWW\10yue\weiphp4.0-master\Application\Home\Model\AddonsModel.class.php 第 67 行.
NOTIC: [2] Invalid argument supplied for foreach() E:\phpstyudy\PHPTutorial\WWW\10yue\weiphp4.0-master\Application\Common\Model\AppsModel.class.php 第 31 行.
NOTIC: [8] Undefined index: appid E:\phpstyudy\PHPTutorial\WWW\10yue\weiphp4.0-master\Application\Home\Model\QrCodeModel.class.php 第 30 行.
NOTIC: [8] Undefined index: secret E:\phpstyudy\PHPTutorial\WWW\10yue\weiphp4.0-master\Application\Home\Model\QrCodeModel.class.php 第 31 行.
NOTIC: [2] Invalid argument supplied for foreach() E:\phpstyudy\PHPTutorial\WWW\10yue\weiphp4.0-master\Application\Common\Model\AppsModel.class.php 第 31 行.
NOTIC: [8] Undefined index: is_bind E:\phpstyudy\PHPTutorial\WWW\10yue\weiphp4.0-master\Application\Common\Common\function.php 第 1444 行.
NOTIC: [8] Undefined index: appid E:\phpstyudy\PHPTutorial\WWW\10yue\weiphp4.0-master\Application\Common\Common\function.php 第 1447 行.
NOTIC: [8] Undefined index: secret E:\phpstyudy\PHPTutorial\WWW\10yue\weiphp4.0-master\Application\Common\Common\function.php 第 1447 行.
NOTIC: [2] Invalid argument supplied for foreach() E:\phpstyudy\PHPTutorial\WWW\10yue\weiphp4.0-master\Application\Common\Model\AppsModel.class.php 第 31 行.
NOTIC: [8] Undefined index: is_bind E:\phpstyudy\PHPTutorial\WWW\10yue\weiphp4.0-master\Application\Common\Common\function.php 第 1444 行.
NOTIC: [8] Undefined index: appid E:\phpstyudy\PHPTutorial\WWW\10yue\weiphp4.0-master\Application\Common\Common\function.php 第 1447 行.
NOTIC: [8] Undefined index: secret E:\phpstyudy\PHPTutorial\WWW\10yue\weiphp4.0-master\Application\Common\Common\function.php 第 1447 行.
NOTIC: [8] Undefined index: token E:\phpstyudy\PHPTutorial\WWW\10yue\weiphp4.0-master\Application\Home\Model\QrCodeModel.class.php 第 38 行.
NOTIC: [8] Undefined index: appid E:\phpstyudy\PHPTutorial\WWW\10yue\weiphp4.0-master\Application\Home\Model\QrCodeModel.class.php 第 40 行.
NOTIC: [8] Undefined index: secret E:\phpstyudy\PHPTutorial\WWW\10yue\weiphp4.0-master\Application\Home\Model\QrCodeModel.class.php 第 41 行.
NOTIC: [2] Invalid argument supplied for foreach() E:\phpstyudy\PHPTutorial\WWW\10yue\weiphp4.0-master\Application\Common\Model\AppsModel.class.php 第 31 行.
NOTIC: [8] Undefined index: is_bind E:\phpstyudy\PHPTutorial\WWW\10yue\weiphp4.0-master\Application\Common\Common\function.php 第 1444 行.
NOTIC: [8] Undefined index: appid E:\phpstyudy\PHPTutorial\WWW\10yue\weiphp4.0-master\Application\Common\Common\function.php 第 1447 行.
NOTIC: [8] Undefined index: secret E:\phpstyudy\PHPTutorial\WWW\10yue\weiphp4.0-master\Application\Common\Common\function.php 第 1447 行.
NOTIC: [2] Invalid argument supplied for foreach() E:\phpstyudy\PHPTutorial\WWW\10yue\weiphp4.0-master\Application\Common\Model\AppsModel.class.php 第 31 行.
NOTIC: [8] Undefined index: is_bind E:\phpstyudy\PHPTutorial\WWW\10yue\weiphp4.0-master\Application\Common\Common\function.php 第 1444 行.
NOTIC: [8] Undefined index: appid E:\phpstyudy\PHPTutorial\WWW\10yue\weiphp4.0-master\Application\Common\Common\function.php 第 1447 行.
NOTIC: [8] Undefined index: secret E:\phpstyudy\PHPTutorial\WWW\10yue\weiphp4.0-master\Application\Common\Common\function.php 第 1447 行.

[ 2018-01-10T15:57:53+08:00 ] ::1 /10yue/weiphp4.0-master/index.php?s=/w0/Home/User/login/from/1.html
NOTIC: [2] Cannot declare class Think\Action, because the name is already in use E:\phpstyudy\PHPTutorial\WWW\10yue\weiphp4.0-master\ThinkPHP\Library\Think\ManageBaseController.class.php 第 316 行.
NOTIC: [2] unlink(./Runtime/Temp/weiphp4_0-master_4958e123f81776b413821f455c4e717f.php): No such file or directory E:\phpstyudy\PHPTutorial\WWW\10yue\weiphp4.0-master\ThinkPHP\Library\Think\Cache\Driver\File.class.php 第 157 行.
NOTIC: [2] Invalid argument supplied for foreach() E:\phpstyudy\PHPTutorial\WWW\10yue\weiphp4.0-master\Addons\Card\Model\CardCustomModel.class.php 第 20 行.

[ 2018-01-10T15:57:53+08:00 ] ::1 /10yue/weiphp4.0-master/index.php?s=/w0/Home/Index/index.html
NOTIC: [2] Cannot declare class Think\Action, because the name is already in use E:\phpstyudy\PHPTutorial\WWW\10yue\weiphp4.0-master\ThinkPHP\Library\Think\ManageBaseController.class.php 第 316 行.
NOTIC: [2] unlink(./Runtime/Temp/weiphp4_0-master_4958e123f81776b413821f455c4e717f.php): No such file or directory E:\phpstyudy\PHPTutorial\WWW\10yue\weiphp4.0-master\ThinkPHP\Library\Think\Cache\Driver\File.class.php 第 157 行.
NOTIC: [2] Invalid argument supplied for foreach() E:\phpstyudy\PHPTutorial\WWW\10yue\weiphp4.0-master\Addons\Card\Model\CardCustomModel.class.php 第 20 行.
NOTIC: [8] Undefined variable: addons E:\phpstyudy\PHPTutorial\WWW\10yue\weiphp4.0-master\Application\Common\Common\function.php 第 501 行.
NOTIC: [8] Undefined variable: addons E:\phpstyudy\PHPTutorial\WWW\10yue\weiphp4.0-master\Application\Common\Common\function.php 第 501 行.
NOTIC: [8] Undefined variable: addons E:\phpstyudy\PHPTutorial\WWW\10yue\weiphp4.0-master\Application\Common\Common\function.php 第 501 行.
NOTIC: [8] Undefined variable: addons E:\phpstyudy\PHPTutorial\WWW\10yue\weiphp4.0-master\Application\Common\Common\function.php 第 501 行.
NOTIC: [8] Undefined variable: addons E:\phpstyudy\PHPTutorial\WWW\10yue\weiphp4.0-master\Application\Common\Common\function.php 第 501 行.
NOTIC: [8] Undefined variable: addons E:\phpstyudy\PHPTutorial\WWW\10yue\weiphp4.0-master\Application\Common\Common\function.php 第 501 行.
NOTIC: [8] Undefined variable: addons E:\phpstyudy\PHPTutorial\WWW\10yue\weiphp4.0-master\Application\Common\Common\function.php 第 501 行.
NOTIC: [8] Undefined variable: addons E:\phpstyudy\PHPTutorial\WWW\10yue\weiphp4.0-master\Application\Common\Common\function.php 第 501 行.
NOTIC: [8] Undefined variable: addons E:\phpstyudy\PHPTutorial\WWW\10yue\weiphp4.0-master\Application\Common\Common\function.php 第 501 行.
NOTIC: [8] Undefined variable: addons E:\phpstyudy\PHPTutorial\WWW\10yue\weiphp4.0-master\Application\Common\Common\function.php 第 501 行.
NOTIC: [8] Undefined variable: addons E:\phpstyudy\PHPTutorial\WWW\10yue\weiphp4.0-master\Application\Common\Common\function.php 第 501 行.
NOTIC: [8] Undefined variable: addons E:\phpstyudy\PHPTutorial\WWW\10yue\weiphp4.0-master\Application\Common\Common\function.php 第 501 行.
NOTIC: [8] Undefined variable: addons E:\phpstyudy\PHPTutorial\WWW\10yue\weiphp4.0-master\Application\Common\Common\function.php 第 501 行.
NOTIC: [8] Undefined variable: addons E:\phpstyudy\PHPTutorial\WWW\10yue\weiphp4.0-master\Application\Common\Common\function.php 第 501 行.
NOTIC: [8] Undefined variable: addons E:\phpstyudy\PHPTutorial\WWW\10yue\weiphp4.0-master\Application\Common\Common\function.php 第 501 行.
NOTIC: [8] Undefined variable: addons E:\phpstyudy\PHPTutorial\WWW\10yue\weiphp4.0-master\Application\Common\Common\function.php 第 501 行.
NOTIC: [8] Undefined variable: addons E:\phpstyudy\PHPTutorial\WWW\10yue\weiphp4.0-master\Application\Common\Common\function.php 第 501 行.
NOTIC: [8] Undefined variable: addons E:\phpstyudy\PHPTutorial\WWW\10yue\weiphp4.0-master\Application\Common\Common\function.php 第 501 行.
NOTIC: [8] Undefined variable: addons E:\phpstyudy\PHPTutorial\WWW\10yue\weiphp4.0-master\Application\Common\Common\function.php 第 501 行.
NOTIC: [8] Undefined variable: addons E:\phpstyudy\PHPTutorial\WWW\10yue\weiphp4.0-master\Application\Common\Common\function.php 第 501 行.
NOTIC: [8] Undefined variable: addons E:\phpstyudy\PHPTutorial\WWW\10yue\weiphp4.0-master\Application\Common\Common\function.php 第 501 行.
NOTIC: [8] Undefined variable: addons E:\phpstyudy\PHPTutorial\WWW\10yue\weiphp4.0-master\Application\Common\Common\function.php 第 501 行.
NOTIC: [8] Undefined variable: addons E:\phpstyudy\PHPTutorial\WWW\10yue\weiphp4.0-master\Application\Common\Common\function.php 第 501 行.
NOTIC: [8] Undefined variable: addons E:\phpstyudy\PHPTutorial\WWW\10yue\weiphp4.0-master\Application\Common\Common\function.php 第 501 行.
NOTIC: [8] Undefined variable: addons E:\phpstyudy\PHPTutorial\WWW\10yue\weiphp4.0-master\Application\Common\Common\function.php 第 501 行.
NOTIC: [8] Undefined variable: addons E:\phpstyudy\PHPTutorial\WWW\10yue\weiphp4.0-master\Application\Common\Common\function.php 第 501 行.
NOTIC: [8] Undefined variable: addons E:\phpstyudy\PHPTutorial\WWW\10yue\weiphp4.0-master\Application\Common\Common\function.php 第 501 行.
NOTIC: [8] Undefined variable: addons E:\phpstyudy\PHPTutorial\WWW\10yue\weiphp4.0-master\Application\Common\Common\function.php 第 501 行.
NOTIC: [8] Undefined variable: addons E:\phpstyudy\PHPTutorial\WWW\10yue\weiphp4.0-master\Application\Common\Common\function.php 第 501 行.
NOTIC: [8] Undefined variable: addons E:\phpstyudy\PHPTutorial\WWW\10yue\weiphp4.0-master\Application\Common\Common\function.php 第 501 行.
NOTIC: [8] Undefined variable: addons E:\phpstyudy\PHPTutorial\WWW\10yue\weiphp4.0-master\Application\Common\Common\function.php 第 501 行.
NOTIC: [8] Undefined variable: addons E:\phpstyudy\PHPTutorial\WWW\10yue\weiphp4.0-master\Application\Common\Common\function.php 第 501 行.
NOTIC: [8] Undefined variable: addons E:\phpstyudy\PHPTutorial\WWW\10yue\weiphp4.0-master\Application\Common\Common\function.php 第 501 行.
NOTIC: [8] Undefined variable: addons E:\phpstyudy\PHPTutorial\WWW\10yue\weiphp4.0-master\Application\Common\Common\function.php 第 501 行.
NOTIC: [8] Undefined variable: addons E:\phpstyudy\PHPTutorial\WWW\10yue\weiphp4.0-master\Application\Common\Common\function.php 第 501 行.
NOTIC: [8] Undefined variable: addons E:\phpstyudy\PHPTutorial\WWW\10yue\weiphp4.0-master\Application\Common\Common\function.php 第 501 行.
NOTIC: [8] Undefined variable: addons E:\phpstyudy\PHPTutorial\WWW\10yue\weiphp4.0-master\Application\Common\Common\function.php 第 501 行.
NOTIC: [8] Undefined variable: addons E:\phpstyudy\PHPTutorial\WWW\10yue\weiphp4.0-master\Application\Common\Common\function.php 第 501 行.
NOTIC: [8] Undefined variable: addons E:\phpstyudy\PHPTutorial\WWW\10yue\weiphp4.0-master\Application\Common\Common\function.php 第 501 行.
NOTIC: [8] Undefined variable: addons E:\phpstyudy\PHPTutorial\WWW\10yue\weiphp4.0-master\Application\Common\Common\function.php 第 501 行.
NOTIC: [8] Undefined variable: addons E:\phpstyudy\PHPTutorial\WWW\10yue\weiphp4.0-master\Application\Common\Common\function.php 第 501 行.
NOTIC: [8] Undefined variable: addons E:\phpstyudy\PHPTutorial\WWW\10yue\weiphp4.0-master\Application\Common\Common\function.php 第 501 行.
NOTIC: [8] Undefined variable: addons E:\phpstyudy\PHPTutorial\WWW\10yue\weiphp4.0-master\Application\Common\Common\function.php 第 501 行.
NOTIC: [8] Undefined variable: addons E:\phpstyudy\PHPTutorial\WWW\10yue\weiphp4.0-master\Application\Common\Common\function.php 第 501 行.
NOTIC: [8] Undefined variable: addons E:\phpstyudy\PHPTutorial\WWW\10yue\weiphp4.0-master\Application\Common\Common\function.php 第 501 行.
NOTIC: [8] Undefined variable: addons E:\phpstyudy\PHPTutorial\WWW\10yue\weiphp4.0-master\Application\Common\Common\function.php 第 501 行.
NOTIC: [8] Undefined variable: addons E:\phpstyudy\PHPTutorial\WWW\10yue\weiphp4.0-master\Application\Common\Common\function.php 第 501 行.
NOTIC: [8] Undefined variable: addons E:\phpstyudy\PHPTutorial\WWW\10yue\weiphp4.0-master\Application\Common\Common\function.php 第 501 行.
NOTIC: [8] Undefined variable: addons E:\phpstyudy\PHPTutorial\WWW\10yue\weiphp4.0-master\Application\Common\Common\function.php 第 501 行.
NOTIC: [8] Undefined offset: 14 E:\phpstyudy\PHPTutorial\WWW\10yue\weiphp4.0-master\Application\Common\Model\MenuModel.class.php 第 98 行.
NOTIC: [8] Undefined offset: 14 E:\phpstyudy\PHPTutorial\WWW\10yue\weiphp4.0-master\Application\Common\Model\MenuModel.class.php 第 109 行.
NOTIC: [8] Undefined offset: 60 E:\phpstyudy\PHPTutorial\WWW\10yue\weiphp4.0-master\Application\Common\Model\MenuModel.class.php 第 98 行.
NOTIC: [8] Undefined offset: 60 E:\phpstyudy\PHPTutorial\WWW\10yue\weiphp4.0-master\Application\Common\Model\MenuModel.class.php 第 109 行.
NOTIC: [8] Undefined index: side E:\phpstyudy\PHPTutorial\WWW\10yue\weiphp4.0-master\Application\Common\Model\MenuModel.class.php 第 167 行.
NOTIC: [8] Undefined index: side E:\phpstyudy\PHPTutorial\WWW\10yue\weiphp4.0-master\Application\Common\Model\MenuModel.class.php 第 167 行.
NOTIC: [8] Undefined index: side E:\phpstyudy\PHPTutorial\WWW\10yue\weiphp4.0-master\Application\Common\Model\MenuModel.class.php 第 167 行.
NOTIC: [8] Undefined index: side E:\phpstyudy\PHPTutorial\WWW\10yue\weiphp4.0-master\Application\Common\Model\MenuModel.class.php 第 167 行.
NOTIC: [8] Undefined index: side E:\phpstyudy\PHPTutorial\WWW\10yue\weiphp4.0-master\Application\Common\Model\MenuModel.class.php 第 167 行.
NOTIC: [8] Undefined index: side E:\phpstyudy\PHPTutorial\WWW\10yue\weiphp4.0-master\Application\Common\Model\MenuModel.class.php 第 167 行.
NOTIC: [8] Undefined index: side E:\phpstyudy\PHPTutorial\WWW\10yue\weiphp4.0-master\Application\Common\Model\MenuModel.class.php 第 167 行.
NOTIC: [8] Undefined index: side E:\phpstyudy\PHPTutorial\WWW\10yue\weiphp4.0-master\Application\Common\Model\MenuModel.class.php 第 167 行.
NOTIC: [8] Undefined index: side E:\phpstyudy\PHPTutorial\WWW\10yue\weiphp4.0-master\Application\Common\Model\MenuModel.class.php 第 167 行.
NOTIC: [8] Undefined index: side E:\phpstyudy\PHPTutorial\WWW\10yue\weiphp4.0-master\Application\Common\Model\MenuModel.class.php 第 167 行.
NOTIC: [8] Undefined index: side E:\phpstyudy\PHPTutorial\WWW\10yue\weiphp4.0-master\Application\Common\Model\MenuModel.class.php 第 167 行.
NOTIC: [8] Undefined index: side E:\phpstyudy\PHPTutorial\WWW\10yue\weiphp4.0-master\Application\Common\Model\MenuModel.class.php 第 167 行.
NOTIC: [8] Undefined index: side E:\phpstyudy\PHPTutorial\WWW\10yue\weiphp4.0-master\Application\Common\Model\MenuModel.class.php 第 167 行.
NOTIC: [8] Undefined index: side E:\phpstyudy\PHPTutorial\WWW\10yue\weiphp4.0-master\Application\Common\Model\MenuModel.class.php 第 167 行.
NOTIC: [8] Undefined index: side E:\phpstyudy\PHPTutorial\WWW\10yue\weiphp4.0-master\Application\Common\Model\MenuModel.class.php 第 167 行.
NOTIC: [8] Undefined index: side E:\phpstyudy\PHPTutorial\WWW\10yue\weiphp4.0-master\Application\Common\Model\MenuModel.class.php 第 167 行.
NOTIC: [8] Undefined index: side E:\phpstyudy\PHPTutorial\WWW\10yue\weiphp4.0-master\Application\Common\Model\MenuModel.class.php 第 167 行.
NOTIC: [8] Undefined index: side E:\phpstyudy\PHPTutorial\WWW\10yue\weiphp4.0-master\Application\Common\Model\MenuModel.class.php 第 167 行.
NOTIC: [8] Undefined index: side E:\phpstyudy\PHPTutorial\WWW\10yue\weiphp4.0-master\Application\Common\Model\MenuModel.class.php 第 167 行.
NOTIC: [8] Undefined index: side E:\phpstyudy\PHPTutorial\WWW\10yue\weiphp4.0-master\Application\Common\Model\MenuModel.class.php 第 167 行.
NOTIC: [8] Undefined index: side E:\phpstyudy\PHPTutorial\WWW\10yue\weiphp4.0-master\Application\Common\Model\MenuModel.class.php 第 167 行.
NOTIC: [8] Undefined index: side E:\phpstyudy\PHPTutorial\WWW\10yue\weiphp4.0-master\Application\Common\Model\MenuModel.class.php 第 167 行.
NOTIC: [8] Undefined index: side E:\phpstyudy\PHPTutorial\WWW\10yue\weiphp4.0-master\Application\Common\Model\MenuModel.class.php 第 167 行.
NOTIC: [8] Undefined index: side E:\phpstyudy\PHPTutorial\WWW\10yue\weiphp4.0-master\Application\Common\Model\MenuModel.class.php 第 167 行.
NOTIC: [8] Undefined index: side E:\phpstyudy\PHPTutorial\WWW\10yue\weiphp4.0-master\Application\Common\Model\MenuModel.class.php 第 167 行.
NOTIC: [8] Undefined index: side E:\phpstyudy\PHPTutorial\WWW\10yue\weiphp4.0-master\Application\Common\Model\MenuModel.class.php 第 167 行.
NOTIC: [8] Undefined index: side E:\phpstyudy\PHPTutorial\WWW\10yue\weiphp4.0-master\Application\Common\Model\MenuModel.class.php 第 167 行.
NOTIC: [8] Undefined index: side E:\phpstyudy\PHPTutorial\WWW\10yue\weiphp4.0-master\Application\Common\Model\MenuModel.class.php 第 167 行.
NOTIC: [8] Undefined index: side E:\phpstyudy\PHPTutorial\WWW\10yue\weiphp4.0-master\Application\Common\Model\MenuModel.class.php 第 167 行.
NOTIC: [8] Undefined index: side E:\phpstyudy\PHPTutorial\WWW\10yue\weiphp4.0-master\Application\Common\Model\MenuModel.class.php 第 167 行.
NOTIC: [8] Undefined index: side E:\phpstyudy\PHPTutorial\WWW\10yue\weiphp4.0-master\Application\Common\Model\MenuModel.class.php 第 167 行.
NOTIC: [8] Undefined index: side E:\phpstyudy\PHPTutorial\WWW\10yue\weiphp4.0-master\Application\Common\Model\MenuModel.class.php 第 167 行.
NOTIC: [8] Undefined index: side E:\phpstyudy\PHPTutorial\WWW\10yue\weiphp4.0-master\Application\Common\Model\MenuModel.class.php 第 167 行.
NOTIC: [8] Undefined index: side E:\phpstyudy\PHPTutorial\WWW\10yue\weiphp4.0-master\Application\Common\Model\MenuModel.class.php 第 167 行.
NOTIC: [8] Undefined index: side E:\phpstyudy\PHPTutorial\WWW\10yue\weiphp4.0-master\Application\Common\Model\MenuModel.class.php 第 167 行.
NOTIC: [8] Undefined index: side E:\phpstyudy\PHPTutorial\WWW\10yue\weiphp4.0-master\Application\Common\Model\MenuModel.class.php 第 167 行.
NOTIC: [8] Undefined index: side E:\phpstyudy\PHPTutorial\WWW\10yue\weiphp4.0-master\Application\Common\Model\MenuModel.class.php 第 167 行.
NOTIC: [8] Undefined index: side E:\phpstyudy\PHPTutorial\WWW\10yue\weiphp4.0-master\Application\Common\Model\MenuModel.class.php 第 167 行.
NOTIC: [8] Undefined index: side E:\phpstyudy\PHPTutorial\WWW\10yue\weiphp4.0-master\Application\Common\Model\MenuModel.class.php 第 167 行.
NOTIC: [8] Undefined offset: 14 E:\phpstyudy\PHPTutorial\WWW\10yue\weiphp4.0-master\Application\Common\Model\MenuModel.class.php 第 173 行.
NOTIC: [8] Undefined index: Home E:\phpstyudy\PHPTutorial\WWW\10yue\weiphp4.0-master\Application\Home\Model\AddonsModel.class.php 第 67 行.

[ 2018-01-10T15:57:53+08:00 ] ::1 /10yue/weiphp4.0-master/index.php?s=/w0/Home/User/login/from/1.html
NOTIC: [2] Cannot declare class Think\Action, because the name is already in use E:\phpstyudy\PHPTutorial\WWW\10yue\weiphp4.0-master\ThinkPHP\Library\Think\ManageBaseController.class.php 第 316 行.
NOTIC: [2] unlink(./Runtime/Temp/weiphp4_0-master_4958e123f81776b413821f455c4e717f.php): No such file or directory E:\phpstyudy\PHPTutorial\WWW\10yue\weiphp4.0-master\ThinkPHP\Library\Think\Cache\Driver\File.class.php 第 157 行.
NOTIC: [2] Invalid argument supplied for foreach() E:\phpstyudy\PHPTutorial\WWW\10yue\weiphp4.0-master\Addons\Card\Model\CardCustomModel.class.php 第 20 行.
NOTIC: [8] Undefined variable: addons E:\phpstyudy\PHPTutorial\WWW\10yue\weiphp4.0-master\Application\Common\Common\function.php 第 501 行.
NOTIC: [8] Undefined variable: addons E:\phpstyudy\PHPTutorial\WWW\10yue\weiphp4.0-master\Application\Common\Common\function.php 第 501 行.
NOTIC: [8] Undefined variable: addons E:\phpstyudy\PHPTutorial\WWW\10yue\weiphp4.0-master\Application\Common\Common\function.php 第 501 行.
NOTIC: [8] Undefined variable: addons E:\phpstyudy\PHPTutorial\WWW\10yue\weiphp4.0-master\Application\Common\Common\function.php 第 501 行.
NOTIC: [8] Undefined variable: addons E:\phpstyudy\PHPTutorial\WWW\10yue\weiphp4.0-master\Application\Common\Common\function.php 第 501 行.
NOTIC: [8] Undefined variable: addons E:\phpstyudy\PHPTutorial\WWW\10yue\weiphp4.0-master\Application\Common\Common\function.php 第 501 行.
NOTIC: [8] Undefined variable: addons E:\phpstyudy\PHPTutorial\WWW\10yue\weiphp4.0-master\Application\Common\Common\function.php 第 501 行.
NOTIC: [8] Undefined variable: addons E:\phpstyudy\PHPTutorial\WWW\10yue\weiphp4.0-master\Application\Common\Common\function.php 第 501 行.
NOTIC: [8] Undefined variable: addons E:\phpstyudy\PHPTutorial\WWW\10yue\weiphp4.0-master\Application\Common\Common\function.php 第 501 行.
NOTIC: [8] Undefined variable: addons E:\phpstyudy\PHPTutorial\WWW\10yue\weiphp4.0-master\Application\Common\Common\function.php 第 501 行.
NOTIC: [8] Undefined variable: addons E:\phpstyudy\PHPTutorial\WWW\10yue\weiphp4.0-master\Application\Common\Common\function.php 第 501 行.
NOTIC: [8] Undefined variable: addons E:\phpstyudy\PHPTutorial\WWW\10yue\weiphp4.0-master\Application\Common\Common\function.php 第 501 行.
NOTIC: [8] Undefined variable: addons E:\phpstyudy\PHPTutorial\WWW\10yue\weiphp4.0-master\Application\Common\Common\function.php 第 501 行.
NOTIC: [8] Undefined variable: addons E:\phpstyudy\PHPTutorial\WWW\10yue\weiphp4.0-master\Application\Common\Common\function.php 第 501 行.
NOTIC: [8] Undefined variable: addons E:\phpstyudy\PHPTutorial\WWW\10yue\weiphp4.0-master\Application\Common\Common\function.php 第 501 行.
NOTIC: [8] Undefined variable: addons E:\phpstyudy\PHPTutorial\WWW\10yue\weiphp4.0-master\Application\Common\Common\function.php 第 501 行.
NOTIC: [8] Undefined variable: addons E:\phpstyudy\PHPTutorial\WWW\10yue\weiphp4.0-master\Application\Common\Common\function.php 第 501 行.
NOTIC: [8] Undefined variable: addons E:\phpstyudy\PHPTutorial\WWW\10yue\weiphp4.0-master\Application\Common\Common\function.php 第 501 行.
NOTIC: [8] Undefined variable: addons E:\phpstyudy\PHPTutorial\WWW\10yue\weiphp4.0-master\Application\Common\Common\function.php 第 501 行.
NOTIC: [8] Undefined variable: addons E:\phpstyudy\PHPTutorial\WWW\10yue\weiphp4.0-master\Application\Common\Common\function.php 第 501 行.
NOTIC: [8] Undefined variable: addons E:\phpstyudy\PHPTutorial\WWW\10yue\weiphp4.0-master\Application\Common\Common\function.php 第 501 行.
NOTIC: [8] Undefined variable: addons E:\phpstyudy\PHPTutorial\WWW\10yue\weiphp4.0-master\Application\Common\Common\function.php 第 501 行.
NOTIC: [8] Undefined variable: addons E:\phpstyudy\PHPTutorial\WWW\10yue\weiphp4.0-master\Application\Common\Common\function.php 第 501 行.
NOTIC: [8] Undefined variable: addons E:\phpstyudy\PHPTutorial\WWW\10yue\weiphp4.0-master\Application\Common\Common\function.php 第 501 行.
NOTIC: [8] Undefined variable: addons E:\phpstyudy\PHPTutorial\WWW\10yue\weiphp4.0-master\Application\Common\Common\function.php 第 501 行.
NOTIC: [8] Undefined variable: addons E:\phpstyudy\PHPTutorial\WWW\10yue\weiphp4.0-master\Application\Common\Common\function.php 第 501 行.
NOTIC: [8] Undefined variable: addons E:\phpstyudy\PHPTutorial\WWW\10yue\weiphp4.0-master\Application\Common\Common\function.php 第 501 行.
NOTIC: [8] Undefined variable: addons E:\phpstyudy\PHPTutorial\WWW\10yue\weiphp4.0-master\Application\Common\Common\function.php 第 501 行.
NOTIC: [8] Undefined variable: addons E:\phpstyudy\PHPTutorial\WWW\10yue\weiphp4.0-master\Application\Common\Common\function.php 第 501 行.
NOTIC: [8] Undefined variable: addons E:\phpstyudy\PHPTutorial\WWW\10yue\weiphp4.0-master\Application\Common\Common\function.php 第 501 行.
NOTIC: [8] Undefined variable: addons E:\phpstyudy\PHPTutorial\WWW\10yue\weiphp4.0-master\Application\Common\Common\function.php 第 501 行.
NOTIC: [8] Undefined variable: addons E:\phpstyudy\PHPTutorial\WWW\10yue\weiphp4.0-master\Application\Common\Common\function.php 第 501 行.
NOTIC: [8] Undefined variable: addons E:\phpstyudy\PHPTutorial\WWW\10yue\weiphp4.0-master\Application\Common\Common\function.php 第 501 行.
NOTIC: [8] Undefined variable: addons E:\phpstyudy\PHPTutorial\WWW\10yue\weiphp4.0-master\Application\Common\Common\function.php 第 501 行.
NOTIC: [8] Undefined variable: addons E:\phpstyudy\PHPTutorial\WWW\10yue\weiphp4.0-master\Application\Common\Common\function.php 第 501 行.
NOTIC: [8] Undefined variable: addons E:\phpstyudy\PHPTutorial\WWW\10yue\weiphp4.0-master\Application\Common\Common\function.php 第 501 行.
NOTIC: [8] Undefined variable: addons E:\phpstyudy\PHPTutorial\WWW\10yue\weiphp4.0-master\Application\Common\Common\function.php 第 501 行.
NOTIC: [8] Undefined variable: addons E:\phpstyudy\PHPTutorial\WWW\10yue\weiphp4.0-master\Application\Common\Common\function.php 第 501 行.
NOTIC: [8] Undefined variable: addons E:\phpstyudy\PHPTutorial\WWW\10yue\weiphp4.0-master\Application\Common\Common\function.php 第 501 行.
NOTIC: [8] Undefined variable: addons E:\phpstyudy\PHPTutorial\WWW\10yue\weiphp4.0-master\Application\Common\Common\function.php 第 501 行.
NOTIC: [8] Undefined variable: addons E:\phpstyudy\PHPTutorial\WWW\10yue\weiphp4.0-master\Application\Common\Common\function.php 第 501 行.
NOTIC: [8] Undefined variable: addons E:\phpstyudy\PHPTutorial\WWW\10yue\weiphp4.0-master\Application\Common\Common\function.php 第 501 行.
NOTIC: [8] Undefined variable: addons E:\phpstyudy\PHPTutorial\WWW\10yue\weiphp4.0-master\Application\Common\Common\function.php 第 501 行.
NOTIC: [8] Undefined variable: addons E:\phpstyudy\PHPTutorial\WWW\10yue\weiphp4.0-master\Application\Common\Common\function.php 第 501 行.
NOTIC: [8] Undefined variable: addons E:\phpstyudy\PHPTutorial\WWW\10yue\weiphp4.0-master\Application\Common\Common\function.php 第 501 行.
NOTIC: [8] Undefined variable: addons E:\phpstyudy\PHPTutorial\WWW\10yue\weiphp4.0-master\Application\Common\Common\function.php 第 501 行.
NOTIC: [8] Undefined variable: addons E:\phpstyudy\PHPTutorial\WWW\10yue\weiphp4.0-master\Application\Common\Common\function.php 第 501 行.
NOTIC: [8] Undefined variable: addons E:\phpstyudy\PHPTutorial\WWW\10yue\weiphp4.0-master\Application\Common\Common\function.php 第 501 行.
NOTIC: [8] Undefined variable: addons E:\phpstyudy\PHPTutorial\WWW\10yue\weiphp4.0-master\Application\Common\Common\function.php 第 501 行.
NOTIC: [8] Undefined offset: 14 E:\phpstyudy\PHPTutorial\WWW\10yue\weiphp4.0-master\Application\Common\Model\MenuModel.class.php 第 98 行.
NOTIC: [8] Undefined offset: 14 E:\phpstyudy\PHPTutorial\WWW\10yue\weiphp4.0-master\Application\Common\Model\MenuModel.class.php 第 109 行.
NOTIC: [8] Undefined offset: 60 E:\phpstyudy\PHPTutorial\WWW\10yue\weiphp4.0-master\Application\Common\Model\MenuModel.class.php 第 98 行.
NOTIC: [8] Undefined offset: 60 E:\phpstyudy\PHPTutorial\WWW\10yue\weiphp4.0-master\Application\Common\Model\MenuModel.class.php 第 109 行.
NOTIC: [8] Undefined index: side E:\phpstyudy\PHPTutorial\WWW\10yue\weiphp4.0-master\Application\Common\Model\MenuModel.class.php 第 167 行.
NOTIC: [8] Undefined index: side E:\phpstyudy\PHPTutorial\WWW\10yue\weiphp4.0-master\Application\Common\Model\MenuModel.class.php 第 167 行.
NOTIC: [8] Undefined index: side E:\phpstyudy\PHPTutorial\WWW\10yue\weiphp4.0-master\Application\Common\Model\MenuModel.class.php 第 167 行.
NOTIC: [8] Undefined index: side E:\phpstyudy\PHPTutorial\WWW\10yue\weiphp4.0-master\Application\Common\Model\MenuModel.class.php 第 167 行.
NOTIC: [8] Undefined index: side E:\phpstyudy\PHPTutorial\WWW\10yue\weiphp4.0-master\Application\Common\Model\MenuModel.class.php 第 167 行.
NOTIC: [8] Undefined index: side E:\phpstyudy\PHPTutorial\WWW\10yue\weiphp4.0-master\Application\Common\Model\MenuModel.class.php 第 167 行.
NOTIC: [8] Undefined index: side E:\phpstyudy\PHPTutorial\WWW\10yue\weiphp4.0-master\Application\Common\Model\MenuModel.class.php 第 167 行.
NOTIC: [8] Undefined index: side E:\phpstyudy\PHPTutorial\WWW\10yue\weiphp4.0-master\Application\Common\Model\MenuModel.class.php 第 167 行.
NOTIC: [8] Undefined index: side E:\phpstyudy\PHPTutorial\WWW\10yue\weiphp4.0-master\Application\Common\Model\MenuModel.class.php 第 167 行.
NOTIC: [8] Undefined index: side E:\phpstyudy\PHPTutorial\WWW\10yue\weiphp4.0-master\Application\Common\Model\MenuModel.class.php 第 167 行.
NOTIC: [8] Undefined index: side E:\phpstyudy\PHPTutorial\WWW\10yue\weiphp4.0-master\Application\Common\Model\MenuModel.class.php 第 167 行.
NOTIC: [8] Undefined index: side E:\phpstyudy\PHPTutorial\WWW\10yue\weiphp4.0-master\Application\Common\Model\MenuModel.class.php 第 167 行.
NOTIC: [8] Undefined index: side E:\phpstyudy\PHPTutorial\WWW\10yue\weiphp4.0-master\Application\Common\Model\MenuModel.class.php 第 167 行.
NOTIC: [8] Undefined index: side E:\phpstyudy\PHPTutorial\WWW\10yue\weiphp4.0-master\Application\Common\Model\MenuModel.class.php 第 167 行.
NOTIC: [8] Undefined index: side E:\phpstyudy\PHPTutorial\WWW\10yue\weiphp4.0-master\Application\Common\Model\MenuModel.class.php 第 167 行.
NOTIC: [8] Undefined index: side E:\phpstyudy\PHPTutorial\WWW\10yue\weiphp4.0-master\Application\Common\Model\MenuModel.class.php 第 167 行.
NOTIC: [8] Undefined index: side E:\phpstyudy\PHPTutorial\WWW\10yue\weiphp4.0-master\Application\Common\Model\MenuModel.class.php 第 167 行.
NOTIC: [8] Undefined index: side E:\phpstyudy\PHPTutorial\WWW\10yue\weiphp4.0-master\Application\Common\Model\MenuModel.class.php 第 167 行.
NOTIC: [8] Undefined index: side E:\phpstyudy\PHPTutorial\WWW\10yue\weiphp4.0-master\Application\Common\Model\MenuModel.class.php 第 167 行.
NOTIC: [8] Undefined index: side E:\phpstyudy\PHPTutorial\WWW\10yue\weiphp4.0-master\Application\Common\Model\MenuModel.class.php 第 167 行.
NOTIC: [8] Undefined index: side E:\phpstyudy\PHPTutorial\WWW\10yue\weiphp4.0-master\Application\Common\Model\MenuModel.class.php 第 167 行.
NOTIC: [8] Undefined index: side E:\phpstyudy\PHPTutorial\WWW\10yue\weiphp4.0-master\Application\Common\Model\MenuModel.class.php 第 167 行.
NOTIC: [8] Undefined index: side E:\phpstyudy\PHPTutorial\WWW\10yue\weiphp4.0-master\Application\Common\Model\MenuModel.class.php 第 167 行.
NOTIC: [8] Undefined index: side E:\phpstyudy\PHPTutorial\WWW\10yue\weiphp4.0-master\Application\Common\Model\MenuModel.class.php 第 167 行.
NOTIC: [8] Undefined index: side E:\phpstyudy\PHPTutorial\WWW\10yue\weiphp4.0-master\Application\Common\Model\MenuModel.class.php 第 167 行.
NOTIC: [8] Undefined index: side E:\phpstyudy\PHPTutorial\WWW\10yue\weiphp4.0-master\Application\Common\Model\MenuModel.class.php 第 167 行.
NOTIC: [8] Undefined index: side E:\phpstyudy\PHPTutorial\WWW\10yue\weiphp4.0-master\Application\Common\Model\MenuModel.class.php 第 167 行.
NOTIC: [8] Undefined index: side E:\phpstyudy\PHPTutorial\WWW\10yue\weiphp4.0-master\Application\Common\Model\MenuModel.class.php 第 167 行.
NOTIC: [8] Undefined index: side E:\phpstyudy\PHPTutorial\WWW\10yue\weiphp4.0-master\Application\Common\Model\MenuModel.class.php 第 167 行.
NOTIC: [8] Undefined index: side E:\phpstyudy\PHPTutorial\WWW\10yue\weiphp4.0-master\Application\Common\Model\MenuModel.class.php 第 167 行.
NOTIC: [8] Undefined index: side E:\phpstyudy\PHPTutorial\WWW\10yue\weiphp4.0-master\Application\Common\Model\MenuModel.class.php 第 167 行.
NOTIC: [8] Undefined index: side E:\phpstyudy\PHPTutorial\WWW\10yue\weiphp4.0-master\Application\Common\Model\MenuModel.class.php 第 167 行.
NOTIC: [8] Undefined index: side E:\phpstyudy\PHPTutorial\WWW\10yue\weiphp4.0-master\Application\Common\Model\MenuModel.class.php 第 167 行.
NOTIC: [8] Undefined index: side E:\phpstyudy\PHPTutorial\WWW\10yue\weiphp4.0-master\Application\Common\Model\MenuModel.class.php 第 167 行.
NOTIC: [8] Undefined index: side E:\phpstyudy\PHPTutorial\WWW\10yue\weiphp4.0-master\Application\Common\Model\MenuModel.class.php 第 167 行.
NOTIC: [8] Undefined index: side E:\phpstyudy\PHPTutorial\WWW\10yue\weiphp4.0-master\Application\Common\Model\MenuModel.class.php 第 167 行.
NOTIC: [8] Undefined index: side E:\phpstyudy\PHPTutorial\WWW\10yue\weiphp4.0-master\Application\Common\Model\MenuModel.class.php 第 167 行.
NOTIC: [8] Undefined index: side E:\phpstyudy\PHPTutorial\WWW\10yue\weiphp4.0-master\Application\Common\Model\MenuModel.class.php 第 167 行.
NOTIC: [8] Undefined index: side E:\phpstyudy\PHPTutorial\WWW\10yue\weiphp4.0-master\Application\Common\Model\MenuModel.class.php 第 167 行.
NOTIC: [8] Undefined offset: 14 E:\phpstyudy\PHPTutorial\WWW\10yue\weiphp4.0-master\Application\Common\Model\MenuModel.class.php 第 173 行.
NOTIC: [8] Undefined index: Home E:\phpstyudy\PHPTutorial\WWW\10yue\weiphp4.0-master\Application\Home\Model\AddonsModel.class.php 第 67 行.

[ 2018-01-10T15:57:54+08:00 ] ::1 /10yue/weiphp4.0-master/index.php?s=/w0/Home/Apps/lists/from/3.html
NOTIC: [2] Cannot declare class Think\Action, because the name is already in use E:\phpstyudy\PHPTutorial\WWW\10yue\weiphp4.0-master\ThinkPHP\Library\Think\ManageBaseController.class.php 第 316 行.
NOTIC: [2] Declaration of Home\Controller\AppsController::lists() should be compatible with Think\ManageBaseController::lists($model = NULL, $page = 0) E:\phpstyudy\PHPTutorial\WWW\10yue\weiphp4.0-master\Application\Home\Controller\AppsController.class.php 第 17 行.
NOTIC: [2] Declaration of Home\Controller\AppsController::del() should be compatible with Think\ManageBaseController::del($model = NULL, $ids = NULL) E:\phpstyudy\PHPTutorial\WWW\10yue\weiphp4.0-master\Application\Home\Controller\AppsController.class.php 第 17 行.
NOTIC: [2] unlink(./Runtime/Temp/weiphp4_0-master_4958e123f81776b413821f455c4e717f.php): No such file or directory E:\phpstyudy\PHPTutorial\WWW\10yue\weiphp4.0-master\ThinkPHP\Library\Think\Cache\Driver\File.class.php 第 157 行.
NOTIC: [2] Invalid argument supplied for foreach() E:\phpstyudy\PHPTutorial\WWW\10yue\weiphp4.0-master\Addons\Card\Model\CardCustomModel.class.php 第 20 行.
NOTIC: [2] Invalid argument supplied for foreach() E:\phpstyudy\PHPTutorial\WWW\10yue\weiphp4.0-master\Application\Common\Model\UserModel.class.php 第 241 行.
NOTIC: [2] Invalid argument supplied for foreach() E:\phpstyudy\PHPTutorial\WWW\10yue\weiphp4.0-master\Application\Common\Model\UserModel.class.php 第 249 行.
NOTIC: [8] Undefined index:  E:\phpstyudy\PHPTutorial\WWW\10yue\weiphp4.0-master\Application\Common\Model\UserModel.class.php 第 269 行.
NOTIC: [8] Undefined index:  E:\phpstyudy\PHPTutorial\WWW\10yue\weiphp4.0-master\Application\Common\Model\UserModel.class.php 第 270 行.
NOTIC: [8] Undefined index: uid E:\phpstyudy\PHPTutorial\WWW\10yue\weiphp4.0-master\ThinkPHP\Library\Think\ManageBaseController.class.php 第 155 行.
NOTIC: [8] Undefined variable: addons E:\phpstyudy\PHPTutorial\WWW\10yue\weiphp4.0-master\Application\Common\Common\function.php 第 501 行.
NOTIC: [8] Undefined variable: addons E:\phpstyudy\PHPTutorial\WWW\10yue\weiphp4.0-master\Application\Common\Common\function.php 第 501 行.
NOTIC: [8] Undefined variable: addons E:\phpstyudy\PHPTutorial\WWW\10yue\weiphp4.0-master\Application\Common\Common\function.php 第 501 行.
NOTIC: [8] Undefined variable: addons E:\phpstyudy\PHPTutorial\WWW\10yue\weiphp4.0-master\Application\Common\Common\function.php 第 501 行.
NOTIC: [8] Undefined variable: addons E:\phpstyudy\PHPTutorial\WWW\10yue\weiphp4.0-master\Application\Common\Common\function.php 第 501 行.
NOTIC: [8] Undefined variable: addons E:\phpstyudy\PHPTutorial\WWW\10yue\weiphp4.0-master\Application\Common\Common\function.php 第 501 行.
NOTIC: [8] Undefined variable: addons E:\phpstyudy\PHPTutorial\WWW\10yue\weiphp4.0-master\Application\Common\Common\function.php 第 501 行.
NOTIC: [8] Undefined variable: addons E:\phpstyudy\PHPTutorial\WWW\10yue\weiphp4.0-master\Application\Common\Common\function.php 第 501 行.
NOTIC: [8] Undefined variable: addons E:\phpstyudy\PHPTutorial\WWW\10yue\weiphp4.0-master\Application\Common\Common\function.php 第 501 行.
NOTIC: [8] Undefined variable: addons E:\phpstyudy\PHPTutorial\WWW\10yue\weiphp4.0-master\Application\Common\Common\function.php 第 501 行.
NOTIC: [8] Undefined variable: addons E:\phpstyudy\PHPTutorial\WWW\10yue\weiphp4.0-master\Application\Common\Common\function.php 第 501 行.
NOTIC: [8] Undefined variable: addons E:\phpstyudy\PHPTutorial\WWW\10yue\weiphp4.0-master\Application\Common\Common\function.php 第 501 行.
NOTIC: [8] Undefined variable: addons E:\phpstyudy\PHPTutorial\WWW\10yue\weiphp4.0-master\Application\Common\Common\function.php 第 501 行.
NOTIC: [8] Undefined variable: addons E:\phpstyudy\PHPTutorial\WWW\10yue\weiphp4.0-master\Application\Common\Common\function.php 第 501 行.
NOTIC: [8] Undefined variable: addons E:\phpstyudy\PHPTutorial\WWW\10yue\weiphp4.0-master\Application\Common\Common\function.php 第 501 行.
NOTIC: [8] Undefined variable: addons E:\phpstyudy\PHPTutorial\WWW\10yue\weiphp4.0-master\Application\Common\Common\function.php 第 501 行.
NOTIC: [8] Undefined variable: addons E:\phpstyudy\PHPTutorial\WWW\10yue\weiphp4.0-master\Application\Common\Common\function.php 第 501 行.
NOTIC: [8] Undefined variable: addons E:\phpstyudy\PHPTutorial\WWW\10yue\weiphp4.0-master\Application\Common\Common\function.php 第 501 行.
NOTIC: [8] Undefined variable: addons E:\phpstyudy\PHPTutorial\WWW\10yue\weiphp4.0-master\Application\Common\Common\function.php 第 501 行.
NOTIC: [8] Undefined variable: addons E:\phpstyudy\PHPTutorial\WWW\10yue\weiphp4.0-master\Application\Common\Common\function.php 第 501 行.
NOTIC: [8] Undefined variable: addons E:\phpstyudy\PHPTutorial\WWW\10yue\weiphp4.0-master\Application\Common\Common\function.php 第 501 行.
NOTIC: [8] Undefined variable: addons E:\phpstyudy\PHPTutorial\WWW\10yue\weiphp4.0-master\Application\Common\Common\function.php 第 501 行.
NOTIC: [8] Undefined variable: addons E:\phpstyudy\PHPTutorial\WWW\10yue\weiphp4.0-master\Application\Common\Common\function.php 第 501 行.
NOTIC: [8] Undefined variable: addons E:\phpstyudy\PHPTutorial\WWW\10yue\weiphp4.0-master\Application\Common\Common\function.php 第 501 行.
NOTIC: [8] Undefined variable: addons E:\phpstyudy\PHPTutorial\WWW\10yue\weiphp4.0-master\Application\Common\Common\function.php 第 501 行.
NOTIC: [8] Undefined variable: addons E:\phpstyudy\PHPTutorial\WWW\10yue\weiphp4.0-master\Application\Common\Common\function.php 第 501 行.
NOTIC: [8] Undefined variable: addons E:\phpstyudy\PHPTutorial\WWW\10yue\weiphp4.0-master\Application\Common\Common\function.php 第 501 行.
NOTIC: [8] Undefined variable: addons E:\phpstyudy\PHPTutorial\WWW\10yue\weiphp4.0-master\Application\Common\Common\function.php 第 501 行.
NOTIC: [8] Undefined variable: addons E:\phpstyudy\PHPTutorial\WWW\10yue\weiphp4.0-master\Application\Common\Common\function.php 第 501 行.
NOTIC: [8] Undefined variable: addons E:\phpstyudy\PHPTutorial\WWW\10yue\weiphp4.0-master\Application\Common\Common\function.php 第 501 行.
NOTIC: [8] Undefined variable: addons E:\phpstyudy\PHPTutorial\WWW\10yue\weiphp4.0-master\Application\Common\Common\function.php 第 501 行.
NOTIC: [8] Undefined variable: addons E:\phpstyudy\PHPTutorial\WWW\10yue\weiphp4.0-master\Application\Common\Common\function.php 第 501 行.
NOTIC: [8] Undefined variable: addons E:\phpstyudy\PHPTutorial\WWW\10yue\weiphp4.0-master\Application\Common\Common\function.php 第 501 行.
NOTIC: [8] Undefined variable: addons E:\phpstyudy\PHPTutorial\WWW\10yue\weiphp4.0-master\Application\Common\Common\function.php 第 501 行.
NOTIC: [8] Undefined variable: addons E:\phpstyudy\PHPTutorial\WWW\10yue\weiphp4.0-master\Application\Common\Common\function.php 第 501 行.
NOTIC: [8] Undefined variable: addons E:\phpstyudy\PHPTutorial\WWW\10yue\weiphp4.0-master\Application\Common\Common\function.php 第 501 行.
NOTIC: [8] Undefined variable: addons E:\phpstyudy\PHPTutorial\WWW\10yue\weiphp4.0-master\Application\Common\Common\function.php 第 501 行.
NOTIC: [8] Undefined variable: addons E:\phpstyudy\PHPTutorial\WWW\10yue\weiphp4.0-master\Application\Common\Common\function.php 第 501 行.
NOTIC: [8] Undefined variable: addons E:\phpstyudy\PHPTutorial\WWW\10yue\weiphp4.0-master\Application\Common\Common\function.php 第 501 行.
NOTIC: [8] Undefined variable: addons E:\phpstyudy\PHPTutorial\WWW\10yue\weiphp4.0-master\Application\Common\Common\function.php 第 501 行.
NOTIC: [8] Undefined variable: addons E:\phpstyudy\PHPTutorial\WWW\10yue\weiphp4.0-master\Application\Common\Common\function.php 第 501 行.
NOTIC: [8] Undefined variable: addons E:\phpstyudy\PHPTutorial\WWW\10yue\weiphp4.0-master\Application\Common\Common\function.php 第 501 行.
NOTIC: [8] Undefined variable: addons E:\phpstyudy\PHPTutorial\WWW\10yue\weiphp4.0-master\Application\Common\Common\function.php 第 501 行.
NOTIC: [8] Undefined variable: addons E:\phpstyudy\PHPTutorial\WWW\10yue\weiphp4.0-master\Application\Common\Common\function.php 第 501 行.
NOTIC: [8] Undefined variable: addons E:\phpstyudy\PHPTutorial\WWW\10yue\weiphp4.0-master\Application\Common\Common\function.php 第 501 行.
NOTIC: [8] Undefined variable: addons E:\phpstyudy\PHPTutorial\WWW\10yue\weiphp4.0-master\Application\Common\Common\function.php 第 501 行.
NOTIC: [8] Undefined variable: addons E:\phpstyudy\PHPTutorial\WWW\10yue\weiphp4.0-master\Application\Common\Common\function.php 第 501 行.
NOTIC: [8] Undefined variable: addons E:\phpstyudy\PHPTutorial\WWW\10yue\weiphp4.0-master\Application\Common\Common\function.php 第 501 行.
NOTIC: [8] Undefined variable: addons E:\phpstyudy\PHPTutorial\WWW\10yue\weiphp4.0-master\Application\Common\Common\function.php 第 501 行.
NOTIC: [8] Undefined offset: 14 E:\phpstyudy\PHPTutorial\WWW\10yue\weiphp4.0-master\Application\Common\Model\MenuModel.class.php 第 98 行.
NOTIC: [8] Undefined offset: 14 E:\phpstyudy\PHPTutorial\WWW\10yue\weiphp4.0-master\Application\Common\Model\MenuModel.class.php 第 109 行.
NOTIC: [8] Undefined offset: 60 E:\phpstyudy\PHPTutorial\WWW\10yue\weiphp4.0-master\Application\Common\Model\MenuModel.class.php 第 98 行.
NOTIC: [8] Undefined offset: 60 E:\phpstyudy\PHPTutorial\WWW\10yue\weiphp4.0-master\Application\Common\Model\MenuModel.class.php 第 109 行.
NOTIC: [8] Undefined index: side E:\phpstyudy\PHPTutorial\WWW\10yue\weiphp4.0-master\Application\Common\Model\MenuModel.class.php 第 167 行.
NOTIC: [8] Undefined index: side E:\phpstyudy\PHPTutorial\WWW\10yue\weiphp4.0-master\Application\Common\Model\MenuModel.class.php 第 167 行.
NOTIC: [8] Undefined index: side E:\phpstyudy\PHPTutorial\WWW\10yue\weiphp4.0-master\Application\Common\Model\MenuModel.class.php 第 167 行.
NOTIC: [8] Undefined index: side E:\phpstyudy\PHPTutorial\WWW\10yue\weiphp4.0-master\Application\Common\Model\MenuModel.class.php 第 167 行.
NOTIC: [8] Undefined index: side E:\phpstyudy\PHPTutorial\WWW\10yue\weiphp4.0-master\Application\Common\Model\MenuModel.class.php 第 167 行.
NOTIC: [8] Undefined index: side E:\phpstyudy\PHPTutorial\WWW\10yue\weiphp4.0-master\Application\Common\Model\MenuModel.class.php 第 167 行.
NOTIC: [8] Undefined index: side E:\phpstyudy\PHPTutorial\WWW\10yue\weiphp4.0-master\Application\Common\Model\MenuModel.class.php 第 167 行.
NOTIC: [8] Undefined index: side E:\phpstyudy\PHPTutorial\WWW\10yue\weiphp4.0-master\Application\Common\Model\MenuModel.class.php 第 167 行.
NOTIC: [8] Undefined index: side E:\phpstyudy\PHPTutorial\WWW\10yue\weiphp4.0-master\Application\Common\Model\MenuModel.class.php 第 167 行.
NOTIC: [8] Undefined index: side E:\phpstyudy\PHPTutorial\WWW\10yue\weiphp4.0-master\Application\Common\Model\MenuModel.class.php 第 167 行.
NOTIC: [8] Undefined index: side E:\phpstyudy\PHPTutorial\WWW\10yue\weiphp4.0-master\Application\Common\Model\MenuModel.class.php 第 167 行.
NOTIC: [8] Undefined index: side E:\phpstyudy\PHPTutorial\WWW\10yue\weiphp4.0-master\Application\Common\Model\MenuModel.class.php 第 167 行.
NOTIC: [8] Undefined index: side E:\phpstyudy\PHPTutorial\WWW\10yue\weiphp4.0-master\Application\Common\Model\MenuModel.class.php 第 167 行.
NOTIC: [8] Undefined index: side E:\phpstyudy\PHPTutorial\WWW\10yue\weiphp4.0-master\Application\Common\Model\MenuModel.class.php 第 167 行.
NOTIC: [8] Undefined index: side E:\phpstyudy\PHPTutorial\WWW\10yue\weiphp4.0-master\Application\Common\Model\MenuModel.class.php 第 167 行.
NOTIC: [8] Undefined index: side E:\phpstyudy\PHPTutorial\WWW\10yue\weiphp4.0-master\Application\Common\Model\MenuModel.class.php 第 167 行.
NOTIC: [8] Undefined index: side E:\phpstyudy\PHPTutorial\WWW\10yue\weiphp4.0-master\Application\Common\Model\MenuModel.class.php 第 167 行.
NOTIC: [8] Undefined index: side E:\phpstyudy\PHPTutorial\WWW\10yue\weiphp4.0-master\Application\Common\Model\MenuModel.class.php 第 167 行.
NOTIC: [8] Undefined index: side E:\phpstyudy\PHPTutorial\WWW\10yue\weiphp4.0-master\Application\Common\Model\MenuModel.class.php 第 167 行.
NOTIC: [8] Undefined index: side E:\phpstyudy\PHPTutorial\WWW\10yue\weiphp4.0-master\Application\Common\Model\MenuModel.class.php 第 167 行.
NOTIC: [8] Undefined index: side E:\phpstyudy\PHPTutorial\WWW\10yue\weiphp4.0-master\Application\Common\Model\MenuModel.class.php 第 167 行.
NOTIC: [8] Undefined index: side E:\phpstyudy\PHPTutorial\WWW\10yue\weiphp4.0-master\Application\Common\Model\MenuModel.class.php 第 167 行.
NOTIC: [8] Undefined index: side E:\phpstyudy\PHPTutorial\WWW\10yue\weiphp4.0-master\Application\Common\Model\MenuModel.class.php 第 167 行.
NOTIC: [8] Undefined index: side E:\phpstyudy\PHPTutorial\WWW\10yue\weiphp4.0-master\Application\Common\Model\MenuModel.class.php 第 167 行.
NOTIC: [8] Undefined index: side E:\phpstyudy\PHPTutorial\WWW\10yue\weiphp4.0-master\Application\Common\Model\MenuModel.class.php 第 167 行.
NOTIC: [8] Undefined index: side E:\phpstyudy\PHPTutorial\WWW\10yue\weiphp4.0-master\Application\Common\Model\MenuModel.class.php 第 167 行.
NOTIC: [8] Undefined index: side E:\phpstyudy\PHPTutorial\WWW\10yue\weiphp4.0-master\Application\Common\Model\MenuModel.class.php 第 167 行.
NOTIC: [8] Undefined index: side E:\phpstyudy\PHPTutorial\WWW\10yue\weiphp4.0-master\Application\Common\Model\MenuModel.class.php 第 167 行.
NOTIC: [8] Undefined index: side E:\phpstyudy\PHPTutorial\WWW\10yue\weiphp4.0-master\Application\Common\Model\MenuModel.class.php 第 167 行.
NOTIC: [8] Undefined index: side E:\phpstyudy\PHPTutorial\WWW\10yue\weiphp4.0-master\Application\Common\Model\MenuModel.class.php 第 167 行.
NOTIC: [8] Undefined index: side E:\phpstyudy\PHPTutorial\WWW\10yue\weiphp4.0-master\Application\Common\Model\MenuModel.class.php 第 167 行.
NOTIC: [8] Undefined index: side E:\phpstyudy\PHPTutorial\WWW\10yue\weiphp4.0-master\Application\Common\Model\MenuModel.class.php 第 167 行.
NOTIC: [8] Undefined index: side E:\phpstyudy\PHPTutorial\WWW\10yue\weiphp4.0-master\Application\Common\Model\MenuModel.class.php 第 167 行.
NOTIC: [8] Undefined index: side E:\phpstyudy\PHPTutorial\WWW\10yue\weiphp4.0-master\Application\Common\Model\MenuModel.class.php 第 167 行.
NOTIC: [8] Undefined index: side E:\phpstyudy\PHPTutorial\WWW\10yue\weiphp4.0-master\Application\Common\Model\MenuModel.class.php 第 167 行.
NOTIC: [8] Undefined index: side E:\phpstyudy\PHPTutorial\WWW\10yue\weiphp4.0-master\Application\Common\Model\MenuModel.class.php 第 167 行.
NOTIC: [8] Undefined index: side E:\phpstyudy\PHPTutorial\WWW\10yue\weiphp4.0-master\Application\Common\Model\MenuModel.class.php 第 167 行.
NOTIC: [8] Undefined index: side E:\phpstyudy\PHPTutorial\WWW\10yue\weiphp4.0-master\Application\Common\Model\MenuModel.class.php 第 167 行.
NOTIC: [8] Undefined index: side E:\phpstyudy\PHPTutorial\WWW\10yue\weiphp4.0-master\Application\Common\Model\MenuModel.class.php 第 167 行.
NOTIC: [8] Undefined offset: 14 E:\phpstyudy\PHPTutorial\WWW\10yue\weiphp4.0-master\Application\Common\Model\MenuModel.class.php 第 173 行.
NOTIC: [8] Undefined index: Home E:\phpstyudy\PHPTutorial\WWW\10yue\weiphp4.0-master\Application\Home\Model\AddonsModel.class.php 第 67 行.
NOTIC: [8] Constant ADDON_PUBLIC_PATH already defined E:\phpstyudy\PHPTutorial\WWW\10yue\weiphp4.0-master\Application\Home\Controller\AppsController.class.php 第 29 行.
NOTIC: [2] Invalid argument supplied for foreach() E:\phpstyudy\PHPTutorial\WWW\10yue\weiphp4.0-master\ThinkPHP\Library\Think\Controller.class.php 第 816 行.
NOTIC: [2] Invalid argument supplied for foreach() E:\phpstyudy\PHPTutorial\WWW\10yue\weiphp4.0-master\Application\Home\Controller\AppsController.class.php 第 73 行.
NOTIC: [8] Undefined variable: listArr E:\phpstyudy\PHPTutorial\WWW\10yue\weiphp4.0-master\Application\Home\Controller\AppsController.class.php 第 79 行.
NOTIC: [8] Use of undefined constant website_logo - assumed 'website_logo' E:\phpstyudy\PHPTutorial\WWW\10yue\weiphp4.0-master\Runtime\Cache\Home\bdb0ff372d28384d59ed9c653dd3c824.php 第 64 行.
NOTIC: [8] Undefined variable: myPublics E:\phpstyudy\PHPTutorial\WWW\10yue\weiphp4.0-master\Runtime\Cache\Home\bdb0ff372d28384d59ed9c653dd3c824.php 第 73 行.
NOTIC: [8] Use of undefined constant headimgurl - assumed 'headimgurl' E:\phpstyudy\PHPTutorial\WWW\10yue\weiphp4.0-master\Runtime\Cache\Home\bdb0ff372d28384d59ed9c653dd3c824.php 第 92 行.
NOTIC: [8] Undefined variable: output E:\phpstyudy\PHPTutorial\WWW\10yue\weiphp4.0-master\Application\Common\Common\function.php 第 1651 行.
NOTIC: [8] Undefined variable: tongji_code E:\phpstyudy\PHPTutorial\WWW\10yue\weiphp4.0-master\Runtime\Cache\Home\bdb0ff372d28384d59ed9c653dd3c824.php 第 271 行.

