[ 2017-07-24T10:50:19+08:00 ] 127.0.0.1 /4yue/rikao/xiangmu/index.php/Admin/Control/control.html
INFO: [ app_init ] --START--
INFO: Run Behavior\BuildLiteBehavior [ RunTime:0.000012s ]
INFO: [ app_init ] --END-- [ RunTime:0.000474s ]
INFO: [ app_begin ] --START--
INFO: Run Behavior\ReadHtmlCacheBehavior [ RunTime:0.000548s ]
INFO: [ app_begin ] --END-- [ RunTime:0.000603s ]
NOTIC: [8] A session had already been started - ignoring session_start() E:\web\Apache\htdocs\4yue\rikao\xiangmu\ThinkPHP\Common\functions.php 第 1263 行.
NOTIC: [8] Undefined index: name E:\web\Apache\htdocs\4yue\rikao\xiangmu\Application\Admin\Controller\CommonController.class.php 第 7 行.
NOTIC: [8] Undefined index: name E:\web\Apache\htdocs\4yue\rikao\xiangmu\Application\Admin\Controller\CommonController.class.php 第 8 行.
INFO: [ view_parse ] --START--
INFO: [ template_filter ] --START--
INFO: Run Behavior\ContentReplaceBehavior [ RunTime:0.000040s ]
INFO: [ template_filter ] --END-- [ RunTime:0.000094s ]
INFO: Run Behavior\ParseTemplateBehavior [ RunTime:0.010206s ]
INFO: [ view_parse ] --END-- [ RunTime:0.010268s ]
INFO: [ view_filter ] --START--
INFO: Run Behavior\WriteHtmlCacheBehavior [ RunTime:0.000479s ]
INFO: [ view_filter ] --END-- [ RunTime:0.000524s ]

[ 2017-07-24T10:50:21+08:00 ] 127.0.0.1 /4yue/rikao/xiangmu/index.php/Admin/Login/login.html
INFO: [ app_init ] --START--
INFO: Run Behavior\BuildLiteBehavior [ RunTime:0.000029s ]
INFO: [ app_init ] --END-- [ RunTime:0.001071s ]
INFO: [ app_begin ] --START--
INFO: Run Behavior\ReadHtmlCacheBehavior [ RunTime:0.000735s ]
INFO: [ app_begin ] --END-- [ RunTime:0.000805s ]
NOTIC: [8] A session had already been started - ignoring session_start() E:\web\Apache\htdocs\4yue\rikao\xiangmu\ThinkPHP\Common\functions.php 第 1263 行.
INFO: [ view_parse ] --START--
INFO: [ template_filter ] --START--
INFO: Run Behavior\ContentReplaceBehavior [ RunTime:0.000063s ]
INFO: [ template_filter ] --END-- [ RunTime:0.000159s ]
INFO: Run Behavior\ParseTemplateBehavior [ RunTime:0.010952s ]
INFO: [ view_parse ] --END-- [ RunTime:0.011035s ]
INFO: [ view_filter ] --START--
INFO: Run Behavior\WriteHtmlCacheBehavior [ RunTime:0.000511s ]
INFO: [ view_filter ] --END-- [ RunTime:0.000572s ]
INFO: [ app_end ] --START--
INFO: Run Behavior\ShowPageTraceBehavior [ RunTime:0.000702s ]
INFO: [ app_end ] --END-- [ RunTime:0.000762s ]

[ 2017-07-24T11:16:19+08:00 ] 127.0.0.1 /4yue/rikao/xiangmu/index.php/Admin/login/login
INFO: [ app_init ] --START--
INFO: Run Behavior\BuildLiteBehavior [ RunTime:0.000013s ]
INFO: [ app_init ] --END-- [ RunTime:0.000550s ]
INFO: [ app_begin ] --START--
INFO: Run Behavior\ReadHtmlCacheBehavior [ RunTime:0.000851s ]
INFO: [ app_begin ] --END-- [ RunTime:0.000929s ]
NOTIC: [8] A session had already been started - ignoring session_start() E:\web\Apache\htdocs\4yue\rikao\xiangmu\ThinkPHP\Common\functions.php 第 1263 行.
INFO: [ view_parse ] --START--
INFO: [ template_filter ] --START--
INFO: Run Behavior\ContentReplaceBehavior [ RunTime:0.000068s ]
INFO: [ template_filter ] --END-- [ RunTime:0.000145s ]
INFO: Run Behavior\ParseTemplateBehavior [ RunTime:0.010034s ]
INFO: [ view_parse ] --END-- [ RunTime:0.010099s ]
INFO: [ view_filter ] --START--
INFO: Run Behavior\WriteHtmlCacheBehavior [ RunTime:0.000609s ]
INFO: [ view_filter ] --END-- [ RunTime:0.000694s ]
INFO: [ app_end ] --START--
INFO: Run Behavior\ShowPageTraceBehavior [ RunTime:0.001109s ]
INFO: [ app_end ] --END-- [ RunTime:0.001158s ]

[ 2017-07-24T11:16:22+08:00 ] 127.0.0.1 /4yue/rikao/xiangmu/index.php/Admin/login/login
INFO: [ app_init ] --START--
INFO: Run Behavior\BuildLiteBehavior [ RunTime:0.000012s ]
INFO: [ app_init ] --END-- [ RunTime:0.000492s ]
INFO: [ app_begin ] --START--
INFO: Run Behavior\ReadHtmlCacheBehavior [ RunTime:0.000529s ]
INFO: [ app_begin ] --END-- [ RunTime:0.000579s ]
NOTIC: [8] A session had already been started - ignoring session_start() E:\web\Apache\htdocs\4yue\rikao\xiangmu\ThinkPHP\Common\functions.php 第 1263 行.
INFO: [ view_parse ] --START--
INFO: [ template_filter ] --START--
INFO: Run Behavior\ContentReplaceBehavior [ RunTime:0.000130s ]
INFO: [ template_filter ] --END-- [ RunTime:0.000190s ]
INFO: Run Behavior\ParseTemplateBehavior [ RunTime:0.009748s ]
INFO: [ view_parse ] --END-- [ RunTime:0.009802s ]
INFO: [ view_filter ] --START--
INFO: Run Behavior\WriteHtmlCacheBehavior [ RunTime:0.000379s ]
INFO: [ view_filter ] --END-- [ RunTime:0.000423s ]
INFO: [ app_end ] --START--
INFO: Run Behavior\ShowPageTraceBehavior [ RunTime:0.000659s ]
INFO: [ app_end ] --END-- [ RunTime:0.000705s ]

[ 2017-07-24T11:16:26+08:00 ] 127.0.0.1 /4yue/rikao/xiangmu/index.php/Admin/Login/exam.html
INFO: [ app_init ] --START--
INFO: Run Behavior\BuildLiteBehavior [ RunTime:0.000039s ]
INFO: [ app_init ] --END-- [ RunTime:0.000730s ]
INFO: [ app_begin ] --START--
INFO: Run Behavior\ReadHtmlCacheBehavior [ RunTime:0.000666s ]
INFO: [ app_begin ] --END-- [ RunTime:0.000737s ]
NOTIC: [8] A session had already been started - ignoring session_start() E:\web\Apache\htdocs\4yue\rikao\xiangmu\ThinkPHP\Common\functions.php 第 1263 行.
NOTIC: [2048] Declaration of Admin\Model\LoginModel::add() should be compatible with that of Think\Model::add() E:\web\Apache\htdocs\4yue\rikao\xiangmu\Application\Admin\Model\LoginModel.class.php 第 4 行.
SQL: SHOW COLUMNS FROM `login` [ RunTime:0.0891s ]
SQL: SHOW COLUMNS FROM `login` [ RunTime:0.0323s ]
SQL: SELECT * FROM `login` WHERE ( login_name='张三' ) LIMIT 1   [ RunTime:0.0028s ]
NOTIC: [8] Undefined index: 7 E:\web\Apache\htdocs\4yue\rikao\xiangmu\Application\Admin\Controller\LoginController.class.php 第 29 行.
INFO: [ view_parse ] --START--
INFO: [ template_filter ] --START--
INFO: Run Behavior\ContentReplaceBehavior [ RunTime:0.000114s ]
INFO: [ template_filter ] --END-- [ RunTime:0.000221s ]
INFO: Run Behavior\ParseTemplateBehavior [ RunTime:0.009970s ]
INFO: [ view_parse ] --END-- [ RunTime:0.010072s ]
INFO: [ view_filter ] --START--
INFO: Run Behavior\WriteHtmlCacheBehavior [ RunTime:0.000427s ]
INFO: [ view_filter ] --END-- [ RunTime:0.000474s ]
INFO: [ app_end ] --START--
INFO: Run Behavior\ShowPageTraceBehavior [ RunTime:0.000708s ]
INFO: [ app_end ] --END-- [ RunTime:0.000755s ]

[ 2017-07-24T11:16:29+08:00 ] 127.0.0.1 /4yue/rikao/xiangmu/index.php/Admin/Control/control.html
INFO: [ app_init ] --START--
INFO: Run Behavior\BuildLiteBehavior [ RunTime:0.000025s ]
INFO: [ app_init ] --END-- [ RunTime:0.000906s ]
INFO: [ app_begin ] --START--
INFO: Run Behavior\ReadHtmlCacheBehavior [ RunTime:0.001162s ]
INFO: [ app_begin ] --END-- [ RunTime:0.001268s ]
NOTIC: [8] A session had already been started - ignoring session_start() E:\web\Apache\htdocs\4yue\rikao\xiangmu\ThinkPHP\Common\functions.php 第 1263 行.
NOTIC: [8] Undefined index: name E:\web\Apache\htdocs\4yue\rikao\xiangmu\Application\Admin\Controller\CommonController.class.php 第 8 行.
INFO: [ view_parse ] --START--
INFO: [ template_filter ] --START--
INFO: Run Behavior\ContentReplaceBehavior [ RunTime:0.000177s ]
INFO: [ template_filter ] --END-- [ RunTime:0.000274s ]
INFO: Run Behavior\ParseTemplateBehavior [ RunTime:0.055045s ]
INFO: [ view_parse ] --END-- [ RunTime:0.055169s ]
INFO: [ view_filter ] --START--
INFO: Run Behavior\WriteHtmlCacheBehavior [ RunTime:0.000667s ]
INFO: [ view_filter ] --END-- [ RunTime:0.000747s ]
INFO: [ app_end ] --START--
INFO: Run Behavior\ShowPageTraceBehavior [ RunTime:0.001163s ]
INFO: [ app_end ] --END-- [ RunTime:0.001272s ]

[ 2017-07-24T11:16:31+08:00 ] 127.0.0.1 /4yue/rikao/xiangmu/index.php/Admin/Type/type.html
INFO: [ app_init ] --START--
INFO: Run Behavior\BuildLiteBehavior [ RunTime:0.000017s ]
INFO: [ app_init ] --END-- [ RunTime:0.000996s ]
INFO: [ app_begin ] --START--
INFO: Run Behavior\ReadHtmlCacheBehavior [ RunTime:0.000865s ]
INFO: [ app_begin ] --END-- [ RunTime:0.001011s ]
NOTIC: [8] A session had already been started - ignoring session_start() E:\web\Apache\htdocs\4yue\rikao\xiangmu\ThinkPHP\Common\functions.php 第 1263 行.
NOTIC: [2048] Declaration of Admin\Controller\TypeController::show() should be compatible with that of Think\Controller::show() E:\web\Apache\htdocs\4yue\rikao\xiangmu\Application\Admin\Controller\TypeController.class.php 第 4 行.
NOTIC: [8] Undefined index: name E:\web\Apache\htdocs\4yue\rikao\xiangmu\Application\Admin\Controller\CommonController.class.php 第 8 行.
INFO: [ view_parse ] --START--
INFO: [ template_filter ] --START--
INFO: Run Behavior\ContentReplaceBehavior [ RunTime:0.000192s ]
INFO: [ template_filter ] --END-- [ RunTime:0.000245s ]
INFO: Run Behavior\ParseTemplateBehavior [ RunTime:0.015938s ]
INFO: [ view_parse ] --END-- [ RunTime:0.016015s ]
INFO: [ view_filter ] --START--
INFO: Run Behavior\WriteHtmlCacheBehavior [ RunTime:0.000410s ]
INFO: [ view_filter ] --END-- [ RunTime:0.000454s ]
INFO: [ app_end ] --START--
INFO: Run Behavior\ShowPageTraceBehavior [ RunTime:0.000684s ]
INFO: [ app_end ] --END-- [ RunTime:0.000747s ]

[ 2017-07-24T11:16:34+08:00 ] 127.0.0.1 /4yue/rikao/xiangmu/index.php/Admin/Blog/notice.html
INFO: [ app_init ] --START--
INFO: Run Behavior\BuildLiteBehavior [ RunTime:0.000013s ]
INFO: [ app_init ] --END-- [ RunTime:0.000553s ]
INFO: [ app_begin ] --START--
INFO: Run Behavior\ReadHtmlCacheBehavior [ RunTime:0.000960s ]
INFO: [ app_begin ] --END-- [ RunTime:0.001018s ]
NOTIC: [8] A session had already been started - ignoring session_start() E:\web\Apache\htdocs\4yue\rikao\xiangmu\ThinkPHP\Common\functions.php 第 1263 行.
NOTIC: [8] Undefined index: name E:\web\Apache\htdocs\4yue\rikao\xiangmu\Application\Admin\Controller\CommonController.class.php 第 8 行.
INFO: [ view_parse ] --START--
INFO: [ template_filter ] --START--
INFO: Run Behavior\ContentReplaceBehavior [ RunTime:0.000116s ]
INFO: [ template_filter ] --END-- [ RunTime:0.000227s ]
INFO: Run Behavior\ParseTemplateBehavior [ RunTime:0.035117s ]
INFO: [ view_parse ] --END-- [ RunTime:0.035213s ]
INFO: [ view_filter ] --START--
INFO: Run Behavior\WriteHtmlCacheBehavior [ RunTime:0.000697s ]
INFO: [ view_filter ] --END-- [ RunTime:0.000779s ]
INFO: [ app_end ] --START--
INFO: Run Behavior\ShowPageTraceBehavior [ RunTime:0.000759s ]
INFO: [ app_end ] --END-- [ RunTime:0.000825s ]

[ 2017-07-24T11:16:38+08:00 ] 127.0.0.1 /4yue/rikao/xiangmu/index.php/Admin/Blog/blog.html
INFO: [ app_init ] --START--
INFO: Run Behavior\BuildLiteBehavior [ RunTime:0.000012s ]
INFO: [ app_init ] --END-- [ RunTime:0.000545s ]
INFO: [ app_begin ] --START--
INFO: Run Behavior\ReadHtmlCacheBehavior [ RunTime:0.000555s ]
INFO: [ app_begin ] --END-- [ RunTime:0.000605s ]
NOTIC: [8] A session had already been started - ignoring session_start() E:\web\Apache\htdocs\4yue\rikao\xiangmu\ThinkPHP\Common\functions.php 第 1263 行.
NOTIC: [8] Undefined index: name E:\web\Apache\htdocs\4yue\rikao\xiangmu\Application\Admin\Controller\CommonController.class.php 第 8 行.
INFO: [ view_parse ] --START--
INFO: [ template_filter ] --START--
INFO: Run Behavior\ContentReplaceBehavior [ RunTime:0.000166s ]
INFO: [ template_filter ] --END-- [ RunTime:0.000228s ]
INFO: Run Behavior\ParseTemplateBehavior [ RunTime:0.013116s ]
INFO: [ view_parse ] --END-- [ RunTime:0.013191s ]
INFO: [ view_filter ] --START--
INFO: Run Behavior\WriteHtmlCacheBehavior [ RunTime:0.000462s ]
INFO: [ view_filter ] --END-- [ RunTime:0.000504s ]
INFO: [ app_end ] --START--
INFO: Run Behavior\ShowPageTraceBehavior [ RunTime:0.001579s ]
INFO: [ app_end ] --END-- [ RunTime:0.001735s ]

[ 2017-07-24T11:16:41+08:00 ] 127.0.0.1 /4yue/rikao/xiangmu/index.php/Admin/Comment/show.html
INFO: [ app_init ] --START--
INFO: Run Behavior\BuildLiteBehavior [ RunTime:0.000013s ]
INFO: [ app_init ] --END-- [ RunTime:0.000562s ]
INFO: [ app_begin ] --START--
INFO: Run Behavior\ReadHtmlCacheBehavior [ RunTime:0.000587s ]
INFO: [ app_begin ] --END-- [ RunTime:0.000676s ]
NOTIC: [8] A session had already been started - ignoring session_start() E:\web\Apache\htdocs\4yue\rikao\xiangmu\ThinkPHP\Common\functions.php 第 1263 行.
NOTIC: [2048] Declaration of Admin\Controller\CommentController::show() should be compatible with that of Think\Controller::show() E:\web\Apache\htdocs\4yue\rikao\xiangmu\Application\Admin\Controller\CommentController.class.php 第 4 行.
NOTIC: [8] Undefined index: name E:\web\Apache\htdocs\4yue\rikao\xiangmu\Application\Admin\Controller\CommonController.class.php 第 8 行.
INFO: [ view_parse ] --START--
INFO: [ template_filter ] --START--
INFO: Run Behavior\ContentReplaceBehavior [ RunTime:0.000121s ]
INFO: [ template_filter ] --END-- [ RunTime:0.000175s ]
INFO: Run Behavior\ParseTemplateBehavior [ RunTime:0.045238s ]
INFO: [ view_parse ] --END-- [ RunTime:0.045297s ]
INFO: [ view_filter ] --START--
INFO: Run Behavior\WriteHtmlCacheBehavior [ RunTime:0.000561s ]
INFO: [ view_filter ] --END-- [ RunTime:0.000607s ]
INFO: [ app_end ] --START--
INFO: Run Behavior\ShowPageTraceBehavior [ RunTime:0.001246s ]
INFO: [ app_end ] --END-- [ RunTime:0.001345s ]

[ 2017-07-24T11:16:43+08:00 ] 127.0.0.1 /4yue/rikao/xiangmu/index.php/Admin/Comment/comment.html
INFO: [ app_init ] --START--
INFO: Run Behavior\BuildLiteBehavior [ RunTime:0.000043s ]
INFO: [ app_init ] --END-- [ RunTime:0.001056s ]
INFO: [ app_begin ] --START--
INFO: Run Behavior\ReadHtmlCacheBehavior [ RunTime:0.001019s ]
INFO: [ app_begin ] --END-- [ RunTime:0.001089s ]
NOTIC: [8] A session had already been started - ignoring session_start() E:\web\Apache\htdocs\4yue\rikao\xiangmu\ThinkPHP\Common\functions.php 第 1263 行.
NOTIC: [2048] Declaration of Admin\Controller\CommentController::show() should be compatible with that of Think\Controller::show() E:\web\Apache\htdocs\4yue\rikao\xiangmu\Application\Admin\Controller\CommentController.class.php 第 4 行.
NOTIC: [8] Undefined index: name E:\web\Apache\htdocs\4yue\rikao\xiangmu\Application\Admin\Controller\CommonController.class.php 第 8 行.
INFO: [ view_parse ] --START--
INFO: [ template_filter ] --START--
INFO: Run Behavior\ContentReplaceBehavior [ RunTime:0.000122s ]
INFO: [ template_filter ] --END-- [ RunTime:0.000168s ]
INFO: Run Behavior\ParseTemplateBehavior [ RunTime:0.014137s ]
INFO: [ view_parse ] --END-- [ RunTime:0.014194s ]
INFO: [ view_filter ] --START--
INFO: Run Behavior\WriteHtmlCacheBehavior [ RunTime:0.000377s ]
INFO: [ view_filter ] --END-- [ RunTime:0.000423s ]
INFO: [ app_end ] --START--
INFO: Run Behavior\ShowPageTraceBehavior [ RunTime:0.000670s ]
INFO: [ app_end ] --END-- [ RunTime:0.000727s ]

[ 2017-07-24T11:16:45+08:00 ] 127.0.0.1 /4yue/rikao/xiangmu/index.php/Admin/Type/type.html
INFO: [ app_init ] --START--
INFO: Run Behavior\BuildLiteBehavior [ RunTime:0.000012s ]
INFO: [ app_init ] --END-- [ RunTime:0.000544s ]
INFO: [ app_begin ] --START--
INFO: Run Behavior\ReadHtmlCacheBehavior [ RunTime:0.001309s ]
INFO: [ app_begin ] --END-- [ RunTime:0.001377s ]
NOTIC: [8] A session had already been started - ignoring session_start() E:\web\Apache\htdocs\4yue\rikao\xiangmu\ThinkPHP\Common\functions.php 第 1263 行.
NOTIC: [2048] Declaration of Admin\Controller\TypeController::show() should be compatible with that of Think\Controller::show() E:\web\Apache\htdocs\4yue\rikao\xiangmu\Application\Admin\Controller\TypeController.class.php 第 4 行.
NOTIC: [8] Undefined index: name E:\web\Apache\htdocs\4yue\rikao\xiangmu\Application\Admin\Controller\CommonController.class.php 第 8 行.
INFO: [ view_parse ] --START--
INFO: [ template_filter ] --START--
INFO: Run Behavior\ContentReplaceBehavior [ RunTime:0.000275s ]
INFO: [ template_filter ] --END-- [ RunTime:0.000441s ]
INFO: Run Behavior\ParseTemplateBehavior [ RunTime:0.012787s ]
INFO: [ view_parse ] --END-- [ RunTime:0.012853s ]
INFO: [ view_filter ] --START--
INFO: Run Behavior\WriteHtmlCacheBehavior [ RunTime:0.000526s ]
INFO: [ view_filter ] --END-- [ RunTime:0.000573s ]
INFO: [ app_end ] --START--
INFO: Run Behavior\ShowPageTraceBehavior [ RunTime:0.000645s ]
INFO: [ app_end ] --END-- [ RunTime:0.000705s ]

[ 2017-07-24T11:16:46+08:00 ] 127.0.0.1 /4yue/rikao/xiangmu/index.php/Admin/Type/show.html
INFO: [ app_init ] --START--
INFO: Run Behavior\BuildLiteBehavior [ RunTime:0.000012s ]
INFO: [ app_init ] --END-- [ RunTime:0.000595s ]
INFO: [ app_begin ] --START--
INFO: Run Behavior\ReadHtmlCacheBehavior [ RunTime:0.001183s ]
INFO: [ app_begin ] --END-- [ RunTime:0.001312s ]
NOTIC: [8] A session had already been started - ignoring session_start() E:\web\Apache\htdocs\4yue\rikao\xiangmu\ThinkPHP\Common\functions.php 第 1263 行.
NOTIC: [2048] Declaration of Admin\Controller\TypeController::show() should be compatible with that of Think\Controller::show() E:\web\Apache\htdocs\4yue\rikao\xiangmu\Application\Admin\Controller\TypeController.class.php 第 4 行.
NOTIC: [8] Undefined index: name E:\web\Apache\htdocs\4yue\rikao\xiangmu\Application\Admin\Controller\CommonController.class.php 第 8 行.
NOTIC: [2048] Declaration of Admin\Model\TypeModel::select() should be compatible with that of Think\Model::select() E:\web\Apache\htdocs\4yue\rikao\xiangmu\Application\Admin\Model\TypeModel.class.php 第 4 行.
SQL: SHOW COLUMNS FROM `type` [ RunTime:0.0695s ]
SQL: SHOW COLUMNS FROM `type` [ RunTime:0.0280s ]
SQL: SELECT * FROM `type`  [ RunTime:0.0027s ]
NOTIC: [8] Undefined index: type_time E:\web\Apache\htdocs\4yue\rikao\xiangmu\Application\Admin\Model\TypeModel.class.php 第 19 行.
NOTIC: [8] Undefined index: type_time E:\web\Apache\htdocs\4yue\rikao\xiangmu\Application\Admin\Model\TypeModel.class.php 第 19 行.
INFO: [ view_parse ] --START--
INFO: [ template_filter ] --START--
INFO: Run Behavior\ContentReplaceBehavior [ RunTime:0.000152s ]
INFO: [ template_filter ] --END-- [ RunTime:0.000240s ]
NOTIC: [8] Undefined index: label_id E:\web\Apache\htdocs\4yue\rikao\xiangmu\Application\Runtime\Cache\Admin\7d56aadaca03fec8c3ed3282a7e1a53a.php 第 311 行.
NOTIC: [8] Undefined index: label_id E:\web\Apache\htdocs\4yue\rikao\xiangmu\Application\Runtime\Cache\Admin\7d56aadaca03fec8c3ed3282a7e1a53a.php 第 311 行.
INFO: Run Behavior\ParseTemplateBehavior [ RunTime:0.054194s ]
INFO: [ view_parse ] --END-- [ RunTime:0.054285s ]
INFO: [ view_filter ] --START--
INFO: Run Behavior\WriteHtmlCacheBehavior [ RunTime:0.000400s ]
INFO: [ view_filter ] --END-- [ RunTime:0.000444s ]
INFO: [ app_end ] --START--
INFO: Run Behavior\ShowPageTraceBehavior [ RunTime:0.000875s ]
INFO: [ app_end ] --END-- [ RunTime:0.000986s ]

[ 2017-07-24T11:16:48+08:00 ] 127.0.0.1 /4yue/rikao/xiangmu/index.php/Admin/Label/label.html
INFO: [ app_init ] --START--
INFO: Run Behavior\BuildLiteBehavior [ RunTime:0.000013s ]
INFO: [ app_init ] --END-- [ RunTime:0.000480s ]
INFO: [ app_begin ] --START--
INFO: Run Behavior\ReadHtmlCacheBehavior [ RunTime:0.000635s ]
INFO: [ app_begin ] --END-- [ RunTime:0.000688s ]
NOTIC: [8] A session had already been started - ignoring session_start() E:\web\Apache\htdocs\4yue\rikao\xiangmu\ThinkPHP\Common\functions.php 第 1263 行.
NOTIC: [2048] Declaration of Admin\Controller\LabelController::show() should be compatible with that of Think\Controller::show() E:\web\Apache\htdocs\4yue\rikao\xiangmu\Application\Admin\Controller\LabelController.class.php 第 4 行.
NOTIC: [8] Undefined index: name E:\web\Apache\htdocs\4yue\rikao\xiangmu\Application\Admin\Controller\CommonController.class.php 第 8 行.
INFO: [ view_parse ] --START--
INFO: [ template_filter ] --START--
INFO: Run Behavior\ContentReplaceBehavior [ RunTime:0.000125s ]
INFO: [ template_filter ] --END-- [ RunTime:0.000174s ]
INFO: Run Behavior\ParseTemplateBehavior [ RunTime:0.013729s ]
INFO: [ view_parse ] --END-- [ RunTime:0.013785s ]
INFO: [ view_filter ] --START--
INFO: Run Behavior\WriteHtmlCacheBehavior [ RunTime:0.000477s ]
INFO: [ view_filter ] --END-- [ RunTime:0.000523s ]
INFO: [ app_end ] --START--
INFO: Run Behavior\ShowPageTraceBehavior [ RunTime:0.000741s ]
INFO: [ app_end ] --END-- [ RunTime:0.000799s ]

[ 2017-07-24T11:16:50+08:00 ] 127.0.0.1 /4yue/rikao/xiangmu/index.php/Admin/Label/show.html
INFO: [ app_init ] --START--
INFO: Run Behavior\BuildLiteBehavior [ RunTime:0.000011s ]
INFO: [ app_init ] --END-- [ RunTime:0.000639s ]
INFO: [ app_begin ] --START--
INFO: Run Behavior\ReadHtmlCacheBehavior [ RunTime:0.000578s ]
INFO: [ app_begin ] --END-- [ RunTime:0.000667s ]
NOTIC: [8] A session had already been started - ignoring session_start() E:\web\Apache\htdocs\4yue\rikao\xiangmu\ThinkPHP\Common\functions.php 第 1263 行.
NOTIC: [2048] Declaration of Admin\Controller\LabelController::show() should be compatible with that of Think\Controller::show() E:\web\Apache\htdocs\4yue\rikao\xiangmu\Application\Admin\Controller\LabelController.class.php 第 4 行.
NOTIC: [8] Undefined index: name E:\web\Apache\htdocs\4yue\rikao\xiangmu\Application\Admin\Controller\CommonController.class.php 第 8 行.
NOTIC: [2048] Declaration of Admin\Model\labelModel::find() should be compatible with that of Think\Model::find() E:\web\Apache\htdocs\4yue\rikao\xiangmu\Application\Admin\Model\LabelModel.class.php 第 4 行.
SQL: SHOW COLUMNS FROM `label` [ RunTime:0.0553s ]
SQL: SELECT * FROM `label`  [ RunTime:0.0025s ]
INFO: [ view_parse ] --START--
INFO: [ template_filter ] --START--
INFO: Run Behavior\ContentReplaceBehavior [ RunTime:0.000122s ]
INFO: [ template_filter ] --END-- [ RunTime:0.000171s ]
INFO: Run Behavior\ParseTemplateBehavior [ RunTime:0.015111s ]
INFO: [ view_parse ] --END-- [ RunTime:0.015168s ]
INFO: [ view_filter ] --START--
INFO: Run Behavior\WriteHtmlCacheBehavior [ RunTime:0.000405s ]
INFO: [ view_filter ] --END-- [ RunTime:0.000444s ]
INFO: [ app_end ] --START--
INFO: Run Behavior\ShowPageTraceBehavior [ RunTime:0.001485s ]
INFO: [ app_end ] --END-- [ RunTime:0.001657s ]

[ 2017-07-24T11:16:53+08:00 ] 127.0.0.1 /4yue/rikao/xiangmu/index.php/Admin/Blog/notice.html
INFO: [ app_init ] --START--
INFO: Run Behavior\BuildLiteBehavior [ RunTime:0.000014s ]
INFO: [ app_init ] --END-- [ RunTime:0.000543s ]
INFO: [ app_begin ] --START--
INFO: Run Behavior\ReadHtmlCacheBehavior [ RunTime:0.001236s ]
INFO: [ app_begin ] --END-- [ RunTime:0.001354s ]
NOTIC: [8] A session had already been started - ignoring session_start() E:\web\Apache\htdocs\4yue\rikao\xiangmu\ThinkPHP\Common\functions.php 第 1263 行.
NOTIC: [8] Undefined index: name E:\web\Apache\htdocs\4yue\rikao\xiangmu\Application\Admin\Controller\CommonController.class.php 第 8 行.
INFO: [ view_parse ] --START--
INFO: [ template_filter ] --START--
INFO: Run Behavior\ContentReplaceBehavior [ RunTime:0.000091s ]
INFO: [ template_filter ] --END-- [ RunTime:0.000139s ]
INFO: Run Behavior\ParseTemplateBehavior [ RunTime:0.013041s ]
INFO: [ view_parse ] --END-- [ RunTime:0.013100s ]
INFO: [ view_filter ] --START--
INFO: Run Behavior\WriteHtmlCacheBehavior [ RunTime:0.000510s ]
INFO: [ view_filter ] --END-- [ RunTime:0.000554s ]
INFO: [ app_end ] --START--
INFO: Run Behavior\ShowPageTraceBehavior [ RunTime:0.000678s ]
INFO: [ app_end ] --END-- [ RunTime:0.000738s ]

[ 2017-07-24T11:17:02+08:00 ] 127.0.0.1 /4yue/rikao/xiangmu/index.php/Admin/Label/label.html
INFO: [ app_init ] --START--
INFO: Run Behavior\BuildLiteBehavior [ RunTime:0.000043s ]
INFO: [ app_init ] --END-- [ RunTime:0.000529s ]
INFO: [ app_begin ] --START--
INFO: Run Behavior\ReadHtmlCacheBehavior [ RunTime:0.000555s ]
INFO: [ app_begin ] --END-- [ RunTime:0.000605s ]
NOTIC: [8] A session had already been started - ignoring session_start() E:\web\Apache\htdocs\4yue\rikao\xiangmu\ThinkPHP\Common\functions.php 第 1263 行.
NOTIC: [2048] Declaration of Admin\Controller\LabelController::show() should be compatible with that of Think\Controller::show() E:\web\Apache\htdocs\4yue\rikao\xiangmu\Application\Admin\Controller\LabelController.class.php 第 4 行.
NOTIC: [8] Undefined index: name E:\web\Apache\htdocs\4yue\rikao\xiangmu\Application\Admin\Controller\CommonController.class.php 第 8 行.
INFO: [ view_parse ] --START--
INFO: [ template_filter ] --START--
INFO: Run Behavior\ContentReplaceBehavior [ RunTime:0.000164s ]
INFO: [ template_filter ] --END-- [ RunTime:0.000215s ]
INFO: Run Behavior\ParseTemplateBehavior [ RunTime:0.012678s ]
INFO: [ view_parse ] --END-- [ RunTime:0.012735s ]
INFO: [ view_filter ] --START--
INFO: Run Behavior\WriteHtmlCacheBehavior [ RunTime:0.000495s ]
INFO: [ view_filter ] --END-- [ RunTime:0.000542s ]
INFO: [ app_end ] --START--
INFO: Run Behavior\ShowPageTraceBehavior [ RunTime:0.000704s ]
INFO: [ app_end ] --END-- [ RunTime:0.000779s ]

[ 2017-07-24T11:17:05+08:00 ] 127.0.0.1 /4yue/rikao/xiangmu/index.php/Admin/Type/type.html
INFO: [ app_init ] --START--
INFO: Run Behavior\BuildLiteBehavior [ RunTime:0.000012s ]
INFO: [ app_init ] --END-- [ RunTime:0.000435s ]
INFO: [ app_begin ] --START--
INFO: Run Behavior\ReadHtmlCacheBehavior [ RunTime:0.000608s ]
INFO: [ app_begin ] --END-- [ RunTime:0.000657s ]
NOTIC: [8] A session had already been started - ignoring session_start() E:\web\Apache\htdocs\4yue\rikao\xiangmu\ThinkPHP\Common\functions.php 第 1263 行.
NOTIC: [2048] Declaration of Admin\Controller\TypeController::show() should be compatible with that of Think\Controller::show() E:\web\Apache\htdocs\4yue\rikao\xiangmu\Application\Admin\Controller\TypeController.class.php 第 4 行.
NOTIC: [8] Undefined index: name E:\web\Apache\htdocs\4yue\rikao\xiangmu\Application\Admin\Controller\CommonController.class.php 第 8 行.
INFO: [ view_parse ] --START--
INFO: [ template_filter ] --START--
INFO: Run Behavior\ContentReplaceBehavior [ RunTime:0.000131s ]
INFO: [ template_filter ] --END-- [ RunTime:0.000185s ]
INFO: Run Behavior\ParseTemplateBehavior [ RunTime:0.013275s ]
INFO: [ view_parse ] --END-- [ RunTime:0.013325s ]
INFO: [ view_filter ] --START--
INFO: Run Behavior\WriteHtmlCacheBehavior [ RunTime:0.000467s ]
INFO: [ view_filter ] --END-- [ RunTime:0.000510s ]
INFO: [ app_end ] --START--
INFO: Run Behavior\ShowPageTraceBehavior [ RunTime:0.001441s ]
INFO: [ app_end ] --END-- [ RunTime:0.001641s ]

[ 2017-07-24T11:17:11+08:00 ] 127.0.0.1 /4yue/rikao/xiangmu/index.php/Admin/Label/label.html
INFO: [ app_init ] --START--
INFO: Run Behavior\BuildLiteBehavior [ RunTime:0.000012s ]
INFO: [ app_init ] --END-- [ RunTime:0.000541s ]
INFO: [ app_begin ] --START--
INFO: Run Behavior\ReadHtmlCacheBehavior [ RunTime:0.001035s ]
INFO: [ app_begin ] --END-- [ RunTime:0.001086s ]
NOTIC: [8] A session had already been started - ignoring session_start() E:\web\Apache\htdocs\4yue\rikao\xiangmu\ThinkPHP\Common\functions.php 第 1263 行.
NOTIC: [2048] Declaration of Admin\Controller\LabelController::show() should be compatible with that of Think\Controller::show() E:\web\Apache\htdocs\4yue\rikao\xiangmu\Application\Admin\Controller\LabelController.class.php 第 4 行.
NOTIC: [8] Undefined index: name E:\web\Apache\htdocs\4yue\rikao\xiangmu\Application\Admin\Controller\CommonController.class.php 第 8 行.
INFO: [ view_parse ] --START--
INFO: [ template_filter ] --START--
INFO: Run Behavior\ContentReplaceBehavior [ RunTime:0.000121s ]
INFO: [ template_filter ] --END-- [ RunTime:0.000170s ]
INFO: Run Behavior\ParseTemplateBehavior [ RunTime:0.012000s ]
INFO: [ view_parse ] --END-- [ RunTime:0.012053s ]
INFO: [ view_filter ] --START--
INFO: Run Behavior\WriteHtmlCacheBehavior [ RunTime:0.000465s ]
INFO: [ view_filter ] --END-- [ RunTime:0.000509s ]
INFO: [ app_end ] --START--
INFO: Run Behavior\ShowPageTraceBehavior [ RunTime:0.000728s ]
INFO: [ app_end ] --END-- [ RunTime:0.000793s ]

[ 2017-07-24T11:17:12+08:00 ] 127.0.0.1 /4yue/rikao/xiangmu/index.php/Admin/Label/show.html
INFO: [ app_init ] --START--
INFO: Run Behavior\BuildLiteBehavior [ RunTime:0.000011s ]
INFO: [ app_init ] --END-- [ RunTime:0.000530s ]
INFO: [ app_begin ] --START--
INFO: Run Behavior\ReadHtmlCacheBehavior [ RunTime:0.000935s ]
INFO: [ app_begin ] --END-- [ RunTime:0.001087s ]
NOTIC: [8] A session had already been started - ignoring session_start() E:\web\Apache\htdocs\4yue\rikao\xiangmu\ThinkPHP\Common\functions.php 第 1263 行.
NOTIC: [2048] Declaration of Admin\Controller\LabelController::show() should be compatible with that of Think\Controller::show() E:\web\Apache\htdocs\4yue\rikao\xiangmu\Application\Admin\Controller\LabelController.class.php 第 4 行.
NOTIC: [8] Undefined index: name E:\web\Apache\htdocs\4yue\rikao\xiangmu\Application\Admin\Controller\CommonController.class.php 第 8 行.
NOTIC: [2048] Declaration of Admin\Model\labelModel::find() should be compatible with that of Think\Model::find() E:\web\Apache\htdocs\4yue\rikao\xiangmu\Application\Admin\Model\LabelModel.class.php 第 4 行.
SQL: SHOW COLUMNS FROM `label` [ RunTime:0.0773s ]
SQL: SELECT * FROM `label`  [ RunTime:0.0032s ]
INFO: [ view_parse ] --START--
INFO: [ template_filter ] --START--
INFO: Run Behavior\ContentReplaceBehavior [ RunTime:0.000116s ]
INFO: [ template_filter ] --END-- [ RunTime:0.000165s ]
INFO: Run Behavior\ParseTemplateBehavior [ RunTime:0.014997s ]
INFO: [ view_parse ] --END-- [ RunTime:0.015057s ]
INFO: [ view_filter ] --START--
INFO: Run Behavior\WriteHtmlCacheBehavior [ RunTime:0.000475s ]
INFO: [ view_filter ] --END-- [ RunTime:0.000517s ]
INFO: [ app_end ] --START--
INFO: Run Behavior\ShowPageTraceBehavior [ RunTime:0.000701s ]
INFO: [ app_end ] --END-- [ RunTime:0.000762s ]

