[ 2017-07-19T09:35:40+08:00 ] 127.0.0.1 /4yue/rikao/7.19/index.php/Public/Uploads/2017-07-19/596eb5da3a620.jpg.html
INFO: [ app_init ] --START--
INFO: Run Behavior\BuildLiteBehavior [ RunTime:0.000013s ]
INFO: [ app_init ] --END-- [ RunTime:0.000547s ]
ERR: 无法加载模块:Public

[ 2017-07-19T09:35:41+08:00 ] 127.0.0.1 /4yue/rikao/7.19/index.php/Public/Uploads/2017-07-19/596eb5da3a620.jpg.html
INFO: [ app_init ] --START--
INFO: Run Behavior\BuildLiteBehavior [ RunTime:0.000017s ]
INFO: [ app_init ] --END-- [ RunTime:0.001493s ]
ERR: 无法加载模块:Public

[ 2017-07-19T09:35:53+08:00 ] 127.0.0.1 /4yue/rikao/7.19/index.php/Public/Uploads/2017-07-19/596eb5da3a620.jpg.html
INFO: [ app_init ] --START--
INFO: Run Behavior\BuildLiteBehavior [ RunTime:0.000013s ]
INFO: [ app_init ] --END-- [ RunTime:0.000563s ]
ERR: 无法加载模块:Public

[ 2017-07-19T09:36:26+08:00 ] 127.0.0.1 /4yue/rikao/7.19/index.php/Public/Uploads/2017-07-19/596eb5da3a620.jpg.html
INFO: [ app_init ] --START--
INFO: Run Behavior\BuildLiteBehavior [ RunTime:0.000014s ]
INFO: [ app_init ] --END-- [ RunTime:0.000708s ]
ERR: 无法加载模块:Public

[ 2017-07-19T09:36:46+08:00 ] 127.0.0.1 /4yue/rikao/7.19/index.php/4yue/rikao/7.19./Public/Uploads/2017-07-19/596eb5da3a620.jpg.html
INFO: [ app_init ] --START--
INFO: Run Behavior\BuildLiteBehavior [ RunTime:0.000018s ]
INFO: [ app_init ] --END-- [ RunTime:0.000700s ]
ERR: 无法加载模块:4yue

[ 2017-07-19T09:37:01+08:00 ] 127.0.0.1 /4yue/rikao/7.19/index.php/4yue/rikao/7.19./Public/Uploads/2017-07-19/596eb5da3a620.jpg.html
INFO: [ app_init ] --START--
INFO: Run Behavior\BuildLiteBehavior [ RunTime:0.000033s ]
INFO: [ app_init ] --END-- [ RunTime:0.000564s ]
ERR: 无法加载模块:4yue

[ 2017-07-19T09:37:05+08:00 ] 127.0.0.1 /4yue/rikao/7.19/index.php/4yue/rikao/7.19/$v.file.html
INFO: [ app_init ] --START--
INFO: Run Behavior\BuildLiteBehavior [ RunTime:0.000013s ]
INFO: [ app_init ] --END-- [ RunTime:0.000623s ]
ERR: 无法加载模块:4yue

[ 2017-07-19T09:37:07+08:00 ] 127.0.0.1 /4yue/rikao/7.19/index.php/4yue/rikao/7.19/$v.file.html
INFO: [ app_init ] --START--
INFO: Run Behavior\BuildLiteBehavior [ RunTime:0.000012s ]
INFO: [ app_init ] --END-- [ RunTime:0.000536s ]
ERR: 无法加载模块:4yue

