[ 2017-07-05T20:30:56+08:00 ] 127.0.0.1 /3yue/yuekao/index.php
INFO: [ app_init ] --START--
INFO: Run Behavior\BuildLiteBehavior [ RunTime:0.000042s ]
INFO: [ app_init ] --END-- [ RunTime:0.002202s ]
INFO: [ app_begin ] --START--
INFO: Run Behavior\ReadHtmlCacheBehavior [ RunTime:0.003666s ]
INFO: [ app_begin ] --END-- [ RunTime:0.003869s ]
NOTIC: [2048] Declaration of Home\Controller\IndexController::show() should be compatible with that of Think\Controller::show() E:\web\Apache\htdocs\3yue\yuekao\Application\Home\Controller\IndexController.class.php 第 67 行.
INFO: [ view_parse ] --START--
INFO: [ template_filter ] --START--
INFO: Run Behavior\ContentReplaceBehavior [ RunTime:0.000127s ]
INFO: [ template_filter ] --END-- [ RunTime:0.000331s ]
INFO: Run Behavior\ParseTemplateBehavior [ RunTime:0.034115s ]
INFO: [ view_parse ] --END-- [ RunTime:0.034316s ]
INFO: [ view_filter ] --START--
INFO: Run Behavior\WriteHtmlCacheBehavior [ RunTime:0.003054s ]
INFO: [ view_filter ] --END-- [ RunTime:0.003242s ]
INFO: [ app_end ] --START--
INFO: Run Behavior\ShowPageTraceBehavior [ RunTime:0.003280s ]
INFO: [ app_end ] --END-- [ RunTime:0.003448s ]

[ 2017-07-05T20:30:56+08:00 ] 127.0.0.1 /3yue/yuekao/index.php/Home/Index/ajax/p/1/shang/2/sou/
INFO: [ app_init ] --START--
INFO: Run Behavior\BuildLiteBehavior [ RunTime:0.000046s ]
INFO: [ app_init ] --END-- [ RunTime:0.001569s ]
INFO: [ app_begin ] --START--
INFO: Run Behavior\ReadHtmlCacheBehavior [ RunTime:0.001872s ]
INFO: [ app_begin ] --END-- [ RunTime:0.002028s ]
NOTIC: [2048] Declaration of Home\Controller\IndexController::show() should be compatible with that of Think\Controller::show() E:\web\Apache\htdocs\3yue\yuekao\Application\Home\Controller\IndexController.class.php 第 67 行.
SQL: SHOW COLUMNS FROM `yuekao` [ RunTime:0.0468s ]
SQL: SELECT COUNT(*) AS tp_count FROM `yuekao` LIMIT 1   [ RunTime:0.0050s ]
SQL: SELECT * FROM `yuekao` LIMIT 0,3   [ RunTime:0.0014s ]
INFO: [ view_parse ] --START--
INFO: [ template_filter ] --START--
INFO: Run Behavior\ContentReplaceBehavior [ RunTime:0.000074s ]
INFO: [ template_filter ] --END-- [ RunTime:0.000175s ]
INFO: Run Behavior\ParseTemplateBehavior [ RunTime:0.017479s ]
INFO: [ view_parse ] --END-- [ RunTime:0.017602s ]
INFO: [ view_filter ] --START--
INFO: Run Behavior\WriteHtmlCacheBehavior [ RunTime:0.001217s ]
INFO: [ view_filter ] --END-- [ RunTime:0.001321s ]
INFO: [ app_end ] --START--
INFO: Run Behavior\ShowPageTraceBehavior [ RunTime:0.001673s ]
INFO: [ app_end ] --END-- [ RunTime:0.001777s ]

[ 2017-07-05T20:30:58+08:00 ] 127.0.0.1 /3yue/yuekao/index.php/Home/Index/ajax/p/1/shang/2/sou/
INFO: [ app_init ] --START--
INFO: Run Behavior\BuildLiteBehavior [ RunTime:0.000012s ]
INFO: [ app_init ] --END-- [ RunTime:0.000559s ]
INFO: [ app_begin ] --START--
INFO: Run Behavior\ReadHtmlCacheBehavior [ RunTime:0.000814s ]
INFO: [ app_begin ] --END-- [ RunTime:0.000864s ]
NOTIC: [2048] Declaration of Home\Controller\IndexController::show() should be compatible with that of Think\Controller::show() E:\web\Apache\htdocs\3yue\yuekao\Application\Home\Controller\IndexController.class.php 第 67 行.
SQL: SHOW COLUMNS FROM `yuekao` [ RunTime:0.0220s ]
SQL: SELECT COUNT(*) AS tp_count FROM `yuekao` LIMIT 1   [ RunTime:0.0029s ]
SQL: SELECT * FROM `yuekao` LIMIT 0,3   [ RunTime:0.0014s ]
INFO: [ view_parse ] --START--
INFO: [ template_filter ] --START--
INFO: Run Behavior\ContentReplaceBehavior [ RunTime:0.000117s ]
INFO: [ template_filter ] --END-- [ RunTime:0.000279s ]
INFO: Run Behavior\ParseTemplateBehavior [ RunTime:0.022178s ]
INFO: [ view_parse ] --END-- [ RunTime:0.022323s ]
INFO: [ view_filter ] --START--
INFO: Run Behavior\WriteHtmlCacheBehavior [ RunTime:0.001939s ]
INFO: [ view_filter ] --END-- [ RunTime:0.002098s ]
INFO: [ app_end ] --START--
INFO: Run Behavior\ShowPageTraceBehavior [ RunTime:0.002743s ]
INFO: [ app_end ] --END-- [ RunTime:0.002905s ]

[ 2017-07-05T20:31:02+08:00 ] 127.0.0.1 /3yue/yuekao/index.php/Home/Index/ajax/p/1/shang/2/sou/
INFO: [ app_init ] --START--
INFO: Run Behavior\BuildLiteBehavior [ RunTime:0.000014s ]
INFO: [ app_init ] --END-- [ RunTime:0.000608s ]
INFO: [ app_begin ] --START--
INFO: Run Behavior\ReadHtmlCacheBehavior [ RunTime:0.000796s ]
INFO: [ app_begin ] --END-- [ RunTime:0.000853s ]
NOTIC: [2048] Declaration of Home\Controller\IndexController::show() should be compatible with that of Think\Controller::show() E:\web\Apache\htdocs\3yue\yuekao\Application\Home\Controller\IndexController.class.php 第 67 行.
SQL: SHOW COLUMNS FROM `yuekao` [ RunTime:0.0643s ]
SQL: SELECT COUNT(*) AS tp_count FROM `yuekao` LIMIT 1   [ RunTime:0.0073s ]
SQL: SELECT * FROM `yuekao` LIMIT 0,3   [ RunTime:0.0037s ]
INFO: [ view_parse ] --START--
INFO: [ template_filter ] --START--
INFO: Run Behavior\ContentReplaceBehavior [ RunTime:0.000119s ]
INFO: [ template_filter ] --END-- [ RunTime:0.000283s ]
INFO: Run Behavior\ParseTemplateBehavior [ RunTime:0.023843s ]
INFO: [ view_parse ] --END-- [ RunTime:0.024000s ]
INFO: [ view_filter ] --START--
INFO: Run Behavior\WriteHtmlCacheBehavior [ RunTime:0.001241s ]
INFO: [ view_filter ] --END-- [ RunTime:0.001337s ]
INFO: [ app_end ] --START--
INFO: Run Behavior\ShowPageTraceBehavior [ RunTime:0.001630s ]
INFO: [ app_end ] --END-- [ RunTime:0.001733s ]

[ 2017-07-05T20:33:45+08:00 ] 127.0.0.1 /3yue/yuekao/index.php/Home/Index/ajax/p/1/shang/1/sou/
INFO: [ app_init ] --START--
INFO: Run Behavior\BuildLiteBehavior [ RunTime:0.000011s ]
INFO: [ app_init ] --END-- [ RunTime:0.000569s ]
INFO: [ app_begin ] --START--
INFO: Run Behavior\ReadHtmlCacheBehavior [ RunTime:0.001726s ]
INFO: [ app_begin ] --END-- [ RunTime:0.001851s ]
NOTIC: [2048] Declaration of Home\Controller\IndexController::show() should be compatible with that of Think\Controller::show() E:\web\Apache\htdocs\3yue\yuekao\Application\Home\Controller\IndexController.class.php 第 67 行.
SQL: SHOW COLUMNS FROM `yuekao` [ RunTime:0.0235s ]
SQL: SELECT COUNT(*) AS tp_count FROM `yuekao` WHERE ( hh='1' ) LIMIT 1   [ RunTime:0.0045s ]
SQL: SELECT * FROM `yuekao` WHERE ( hh='1' ) LIMIT 0,3   [ RunTime:0.0010s ]
INFO: [ view_parse ] --START--
INFO: [ template_filter ] --START--
INFO: Run Behavior\ContentReplaceBehavior [ RunTime:0.000071s ]
INFO: [ template_filter ] --END-- [ RunTime:0.000138s ]
INFO: Run Behavior\ParseTemplateBehavior [ RunTime:0.010089s ]
INFO: [ view_parse ] --END-- [ RunTime:0.010154s ]
INFO: [ view_filter ] --START--
INFO: Run Behavior\WriteHtmlCacheBehavior [ RunTime:0.000653s ]
INFO: [ view_filter ] --END-- [ RunTime:0.000698s ]
INFO: [ app_end ] --START--
INFO: Run Behavior\ShowPageTraceBehavior [ RunTime:0.000777s ]
INFO: [ app_end ] --END-- [ RunTime:0.000823s ]

[ 2017-07-05T20:33:51+08:00 ] 127.0.0.1 /3yue/yuekao/index.php/Home/Index/ajax/p/1/shang/0/sou/
INFO: [ app_init ] --START--
INFO: Run Behavior\BuildLiteBehavior [ RunTime:0.000017s ]
INFO: [ app_init ] --END-- [ RunTime:0.000560s ]
INFO: [ app_begin ] --START--
INFO: Run Behavior\ReadHtmlCacheBehavior [ RunTime:0.000633s ]
INFO: [ app_begin ] --END-- [ RunTime:0.000755s ]
NOTIC: [2048] Declaration of Home\Controller\IndexController::show() should be compatible with that of Think\Controller::show() E:\web\Apache\htdocs\3yue\yuekao\Application\Home\Controller\IndexController.class.php 第 67 行.
SQL: SHOW COLUMNS FROM `yuekao` [ RunTime:0.0295s ]
SQL: SELECT COUNT(*) AS tp_count FROM `yuekao` WHERE ( hh='0' ) LIMIT 1   [ RunTime:0.0029s ]
SQL: SELECT * FROM `yuekao` WHERE ( hh='0' ) LIMIT 0,3   [ RunTime:0.0018s ]
INFO: [ view_parse ] --START--
INFO: [ template_filter ] --START--
INFO: Run Behavior\ContentReplaceBehavior [ RunTime:0.000036s ]
INFO: [ template_filter ] --END-- [ RunTime:0.000086s ]
INFO: Run Behavior\ParseTemplateBehavior [ RunTime:0.008316s ]
INFO: [ view_parse ] --END-- [ RunTime:0.008394s ]
INFO: [ view_filter ] --START--
INFO: Run Behavior\WriteHtmlCacheBehavior [ RunTime:0.000590s ]
INFO: [ view_filter ] --END-- [ RunTime:0.000634s ]
INFO: [ app_end ] --START--
INFO: Run Behavior\ShowPageTraceBehavior [ RunTime:0.000828s ]
INFO: [ app_end ] --END-- [ RunTime:0.000872s ]

[ 2017-07-05T20:33:53+08:00 ] 127.0.0.1 /3yue/yuekao/index.php/Home/Index/ajax/p/1/shang/2/sou/
INFO: [ app_init ] --START--
INFO: Run Behavior\BuildLiteBehavior [ RunTime:0.000013s ]
INFO: [ app_init ] --END-- [ RunTime:0.000485s ]
INFO: [ app_begin ] --START--
INFO: Run Behavior\ReadHtmlCacheBehavior [ RunTime:0.000575s ]
INFO: [ app_begin ] --END-- [ RunTime:0.000626s ]
NOTIC: [2048] Declaration of Home\Controller\IndexController::show() should be compatible with that of Think\Controller::show() E:\web\Apache\htdocs\3yue\yuekao\Application\Home\Controller\IndexController.class.php 第 67 行.
SQL: SHOW COLUMNS FROM `yuekao` [ RunTime:0.0259s ]
SQL: SELECT COUNT(*) AS tp_count FROM `yuekao` LIMIT 1   [ RunTime:0.0057s ]
SQL: SELECT * FROM `yuekao` LIMIT 0,3   [ RunTime:0.0010s ]
INFO: [ view_parse ] --START--
INFO: [ template_filter ] --START--
INFO: Run Behavior\ContentReplaceBehavior [ RunTime:0.000038s ]
INFO: [ template_filter ] --END-- [ RunTime:0.000088s ]
INFO: Run Behavior\ParseTemplateBehavior [ RunTime:0.008331s ]
INFO: [ view_parse ] --END-- [ RunTime:0.008390s ]
INFO: [ view_filter ] --START--
INFO: Run Behavior\WriteHtmlCacheBehavior [ RunTime:0.000852s ]
INFO: [ view_filter ] --END-- [ RunTime:0.000910s ]
INFO: [ app_end ] --START--
INFO: Run Behavior\ShowPageTraceBehavior [ RunTime:0.001354s ]
INFO: [ app_end ] --END-- [ RunTime:0.001438s ]

[ 2017-07-05T20:33:59+08:00 ] 127.0.0.1 /3yue/yuekao/index.php/Home/Index/ajax/p/1/shang/2/sou/%E7%9A%84
INFO: [ app_init ] --START--
INFO: Run Behavior\BuildLiteBehavior [ RunTime:0.000012s ]
INFO: [ app_init ] --END-- [ RunTime:0.000597s ]
INFO: [ app_begin ] --START--
INFO: Run Behavior\ReadHtmlCacheBehavior [ RunTime:0.000910s ]
INFO: [ app_begin ] --END-- [ RunTime:0.001009s ]
NOTIC: [2048] Declaration of Home\Controller\IndexController::show() should be compatible with that of Think\Controller::show() E:\web\Apache\htdocs\3yue\yuekao\Application\Home\Controller\IndexController.class.php 第 67 行.
SQL: SHOW COLUMNS FROM `yuekao` [ RunTime:0.0255s ]
SQL: SELECT COUNT(*) AS tp_count FROM `yuekao` WHERE ( name like '%的%' ) LIMIT 1   [ RunTime:0.0042s ]
SQL: SELECT * FROM `yuekao` WHERE ( name like '%的%' ) LIMIT 0,3   [ RunTime:0.0022s ]
INFO: [ view_parse ] --START--
INFO: [ template_filter ] --START--
INFO: Run Behavior\ContentReplaceBehavior [ RunTime:0.000037s ]
INFO: [ template_filter ] --END-- [ RunTime:0.000087s ]
INFO: Run Behavior\ParseTemplateBehavior [ RunTime:0.008932s ]
INFO: [ view_parse ] --END-- [ RunTime:0.008990s ]
INFO: [ view_filter ] --START--
INFO: Run Behavior\WriteHtmlCacheBehavior [ RunTime:0.000660s ]
INFO: [ view_filter ] --END-- [ RunTime:0.000706s ]
INFO: [ app_end ] --START--
INFO: Run Behavior\ShowPageTraceBehavior [ RunTime:0.000833s ]
INFO: [ app_end ] --END-- [ RunTime:0.000877s ]

