[ 2017-06-22T08:24:15+08:00 ] 127.0.0.1 /3yue/thinkPHP/index.php/index
INFO: [ app_init ] --START--
INFO: Run Behavior\BuildLiteBehavior [ RunTime:0.000019s ]
INFO: [ app_init ] --END-- [ RunTime:0.000533s ]
ERR: 无法加载模块:Index

[ 2017-06-22T08:27:20+08:00 ] 127.0.0.1 /3yue/thinkPHP/index.php/index
INFO: [ app_init ] --START--
INFO: Run Behavior\BuildLiteBehavior [ RunTime:0.000025s ]
INFO: [ app_init ] --END-- [ RunTime:0.000731s ]
ERR: 无法加载模块:Index

[ 2017-06-22T08:27:58+08:00 ] 127.0.0.1 /3yue/thinkPHP/index.php/index/index
INFO: [ app_init ] --START--
INFO: Run Behavior\BuildLiteBehavior [ RunTime:0.000016s ]
INFO: [ app_init ] --END-- [ RunTime:0.000723s ]
ERR: 无法加载模块:Index

[ 2017-06-22T15:11:00+08:00 ] 127.0.0.1 /3yue/thinkPHP/index.php/show
INFO: [ app_init ] --START--
INFO: Run Behavior\BuildLiteBehavior [ RunTime:0.000018s ]
INFO: [ app_init ] --END-- [ RunTime:0.000605s ]
ERR: 无法加载模块:Show

[ 2017-06-22T21:35:43+08:00 ] 127.0.0.1 /3yue/thinkPHP/index.php/IndexController.class.php?id=12
INFO: [ app_init ] --START--
INFO: Run Behavior\BuildLiteBehavior [ RunTime:0.000015s ]
INFO: [ app_init ] --END-- [ RunTime:0.000530s ]
ERR: 无法加载模块:IndexController.class

[ 2017-06-22T21:36:08+08:00 ] 127.0.0.1 /3yue/thinkPHP/index.php/IndexController.class.php?id=12
INFO: [ app_init ] --START--
INFO: Run Behavior\BuildLiteBehavior [ RunTime:0.000014s ]
INFO: [ app_init ] --END-- [ RunTime:0.000567s ]
ERR: 无法加载模块:IndexController.class

[ 2017-06-22T21:36:19+08:00 ] 127.0.0.1 /3yue/thinkPHP/index.php/IndexController.class.php?id=12
INFO: [ app_init ] --START--
INFO: Run Behavior\BuildLiteBehavior [ RunTime:0.000014s ]
INFO: [ app_init ] --END-- [ RunTime:0.000632s ]
ERR: 无法加载模块:IndexController.class

[ 2017-06-22T21:36:22+08:00 ] 127.0.0.1 /3yue/thinkPHP/index.php/IndexController.class.php?id=13
INFO: [ app_init ] --START--
INFO: Run Behavior\BuildLiteBehavior [ RunTime:0.000014s ]
INFO: [ app_init ] --END-- [ RunTime:0.000612s ]
ERR: 无法加载模块:IndexController.class

[ 2017-06-22T21:36:31+08:00 ] 127.0.0.1 /3yue/thinkPHP/index.php/IndexController.class.php?id=12
INFO: [ app_init ] --START--
INFO: Run Behavior\BuildLiteBehavior [ RunTime:0.000018s ]
INFO: [ app_init ] --END-- [ RunTime:0.000769s ]
ERR: 无法加载模块:IndexController.class

[ 2017-06-22T21:36:48+08:00 ] 127.0.0.1 /3yue/thinkPHP/index.php/IndexController.class.php/delete?id=12
INFO: [ app_init ] --START--
INFO: Run Behavior\BuildLiteBehavior [ RunTime:0.000016s ]
INFO: [ app_init ] --END-- [ RunTime:0.000565s ]
ERR: 无法加载模块:IndexController.class.php

