[ 2017-07-24T10:46:55+08:00 ] 127.0.0.1 /4yue/rikao/class/index.php
INFO: [ app_init ] --START--
INFO: Run Behavior\BuildLiteBehavior [ RunTime:0.000013s ]
INFO: [ app_init ] --END-- [ RunTime:0.001177s ]
INFO: [ app_begin ] --START--
INFO: Run Behavior\ReadHtmlCacheBehavior [ RunTime:0.001191s ]
INFO: [ app_begin ] --END-- [ RunTime:0.001245s ]
NOTIC: [8] A session had already been started - ignoring session_start() E:\web\Apache\htdocs\4yue\rikao\class\ThinkPHP\Common\functions.php 第 1263 行.
ERR: 非法操作:index

[ 2017-07-24T10:47:01+08:00 ] 127.0.0.1 /4yue/rikao/class/index.php/Home/Class/choice.html
INFO: [ app_init ] --START--
INFO: Run Behavior\BuildLiteBehavior [ RunTime:0.000014s ]
INFO: [ app_init ] --END-- [ RunTime:0.000569s ]
INFO: [ app_begin ] --START--
INFO: Run Behavior\ReadHtmlCacheBehavior [ RunTime:0.000610s ]
INFO: [ app_begin ] --END-- [ RunTime:0.000663s ]
NOTIC: [8] A session had already been started - ignoring session_start() E:\web\Apache\htdocs\4yue\rikao\class\ThinkPHP\Common\functions.php 第 1263 行.
NOTIC: [2048] Declaration of Home\Controller\ClassController::show() should be compatible with that of Think\Controller::show() E:\web\Apache\htdocs\4yue\rikao\class\Application\Home\Controller\ClassController.class.php 第 4 行.
NOTIC: [8] Undefined index: name E:\web\Apache\htdocs\4yue\rikao\class\Application\Home\Controller\CommonController.class.php 第 8 行.
INFO: [ view_parse ] --START--
INFO: [ template_filter ] --START--
INFO: Run Behavior\ContentReplaceBehavior [ RunTime:0.000038s ]
INFO: [ template_filter ] --END-- [ RunTime:0.000117s ]
INFO: Run Behavior\ParseTemplateBehavior [ RunTime:0.033815s ]
INFO: [ view_parse ] --END-- [ RunTime:0.033923s ]
INFO: [ view_filter ] --START--
INFO: Run Behavior\WriteHtmlCacheBehavior [ RunTime:0.003220s ]
INFO: [ view_filter ] --END-- [ RunTime:0.003295s ]
INFO: [ app_end ] --START--
INFO: Run Behavior\ShowPageTraceBehavior [ RunTime:0.001729s ]
INFO: [ app_end ] --END-- [ RunTime:0.001778s ]

[ 2017-07-24T10:49:31+08:00 ] 127.0.0.1 /4yue/rikao/class/index.php/Home/Class/choice.html
INFO: [ app_init ] --START--
INFO: Run Behavior\BuildLiteBehavior [ RunTime:0.000013s ]
INFO: [ app_init ] --END-- [ RunTime:0.000616s ]
INFO: [ app_begin ] --START--
INFO: Run Behavior\ReadHtmlCacheBehavior [ RunTime:0.000779s ]
INFO: [ app_begin ] --END-- [ RunTime:0.000829s ]
NOTIC: [8] A session had already been started - ignoring session_start() E:\web\Apache\htdocs\4yue\rikao\class\ThinkPHP\Common\functions.php 第 1263 行.
NOTIC: [2048] Declaration of Home\Controller\ClassController::show() should be compatible with that of Think\Controller::show() E:\web\Apache\htdocs\4yue\rikao\class\Application\Home\Controller\ClassController.class.php 第 4 行.
NOTIC: [8] Undefined index: name E:\web\Apache\htdocs\4yue\rikao\class\Application\Home\Controller\CommonController.class.php 第 8 行.
NOTIC: [8] Undefined index: name E:\web\Apache\htdocs\4yue\rikao\class\Application\Home\Controller\CommonController.class.php 第 9 行.
INFO: [ view_parse ] --START--
INFO: [ template_filter ] --START--
INFO: Run Behavior\ContentReplaceBehavior [ RunTime:0.000113s ]
INFO: [ template_filter ] --END-- [ RunTime:0.000166s ]
INFO: Run Behavior\ParseTemplateBehavior [ RunTime:0.012478s ]
INFO: [ view_parse ] --END-- [ RunTime:0.012537s ]
INFO: [ view_filter ] --START--
INFO: Run Behavior\WriteHtmlCacheBehavior [ RunTime:0.000579s ]
INFO: [ view_filter ] --END-- [ RunTime:0.000622s ]

[ 2017-07-24T10:49:33+08:00 ] 127.0.0.1 /4yue/rikao/class/index.php/Home/Admin/admin.html
INFO: [ app_init ] --START--
INFO: Run Behavior\BuildLiteBehavior [ RunTime:0.000012s ]
INFO: [ app_init ] --END-- [ RunTime:0.000440s ]
INFO: [ app_begin ] --START--
INFO: Run Behavior\ReadHtmlCacheBehavior [ RunTime:0.000626s ]
INFO: [ app_begin ] --END-- [ RunTime:0.000692s ]
NOTIC: [8] A session had already been started - ignoring session_start() E:\web\Apache\htdocs\4yue\rikao\class\ThinkPHP\Common\functions.php 第 1263 行.
INFO: [ view_parse ] --START--
INFO: [ template_filter ] --START--
INFO: Run Behavior\ContentReplaceBehavior [ RunTime:0.000036s ]
INFO: [ template_filter ] --END-- [ RunTime:0.000089s ]
INFO: Run Behavior\ParseTemplateBehavior [ RunTime:0.008609s ]
INFO: [ view_parse ] --END-- [ RunTime:0.008755s ]
INFO: [ view_filter ] --START--
INFO: Run Behavior\WriteHtmlCacheBehavior [ RunTime:0.000485s ]
INFO: [ view_filter ] --END-- [ RunTime:0.000567s ]
INFO: [ app_end ] --START--
INFO: Run Behavior\ShowPageTraceBehavior [ RunTime:0.000749s ]
INFO: [ app_end ] --END-- [ RunTime:0.000796s ]

[ 2017-07-24T10:49:53+08:00 ] 127.0.0.1 /4yue/rikao/class/index.php/Home/Class/add.html
INFO: [ app_init ] --START--
INFO: Run Behavior\BuildLiteBehavior [ RunTime:0.000015s ]
INFO: [ app_init ] --END-- [ RunTime:0.000946s ]
INFO: [ app_begin ] --START--
INFO: Run Behavior\ReadHtmlCacheBehavior [ RunTime:0.000749s ]
INFO: [ app_begin ] --END-- [ RunTime:0.000804s ]
NOTIC: [8] A session had already been started - ignoring session_start() E:\web\Apache\htdocs\4yue\rikao\class\ThinkPHP\Common\functions.php 第 1263 行.
NOTIC: [2048] Declaration of Home\Controller\ClassController::show() should be compatible with that of Think\Controller::show() E:\web\Apache\htdocs\4yue\rikao\class\Application\Home\Controller\ClassController.class.php 第 4 行.
NOTIC: [8] Undefined index: name E:\web\Apache\htdocs\4yue\rikao\class\Application\Home\Controller\CommonController.class.php 第 8 行.
NOTIC: [8] Undefined index: name E:\web\Apache\htdocs\4yue\rikao\class\Application\Home\Controller\CommonController.class.php 第 9 行.
INFO: [ view_parse ] --START--
INFO: [ template_filter ] --START--
INFO: Run Behavior\ContentReplaceBehavior [ RunTime:0.000040s ]
INFO: [ template_filter ] --END-- [ RunTime:0.000154s ]
INFO: Run Behavior\ParseTemplateBehavior [ RunTime:0.011372s ]
INFO: [ view_parse ] --END-- [ RunTime:0.011475s ]
INFO: [ view_filter ] --START--
INFO: Run Behavior\WriteHtmlCacheBehavior [ RunTime:0.000374s ]
INFO: [ view_filter ] --END-- [ RunTime:0.000414s ]

[ 2017-07-24T10:49:56+08:00 ] 127.0.0.1 /4yue/rikao/class/index.php/Home/Admin/admin.html
INFO: [ app_init ] --START--
INFO: Run Behavior\BuildLiteBehavior [ RunTime:0.000038s ]
INFO: [ app_init ] --END-- [ RunTime:0.000905s ]
INFO: [ app_begin ] --START--
INFO: Run Behavior\ReadHtmlCacheBehavior [ RunTime:0.000842s ]
INFO: [ app_begin ] --END-- [ RunTime:0.000916s ]
NOTIC: [8] A session had already been started - ignoring session_start() E:\web\Apache\htdocs\4yue\rikao\class\ThinkPHP\Common\functions.php 第 1263 行.
INFO: [ view_parse ] --START--
INFO: [ template_filter ] --START--
INFO: Run Behavior\ContentReplaceBehavior [ RunTime:0.000059s ]
INFO: [ template_filter ] --END-- [ RunTime:0.000126s ]
INFO: Run Behavior\ParseTemplateBehavior [ RunTime:0.009126s ]
INFO: [ view_parse ] --END-- [ RunTime:0.009198s ]
INFO: [ view_filter ] --START--
INFO: Run Behavior\WriteHtmlCacheBehavior [ RunTime:0.000612s ]
INFO: [ view_filter ] --END-- [ RunTime:0.000672s ]
INFO: [ app_end ] --START--
INFO: Run Behavior\ShowPageTraceBehavior [ RunTime:0.000865s ]
INFO: [ app_end ] --END-- [ RunTime:0.000929s ]

