[ 2017-07-22T16:22:43+08:00 ] 127.0.0.1 /4yue/rikao/blog/index.php/Home/Blog/show.html
INFO: [ app_init ] --START--
INFO: Run Behavior\BuildLiteBehavior [ RunTime:0.000023s ]
INFO: [ app_init ] --END-- [ RunTime:0.001761s ]
INFO: [ app_begin ] --START--
INFO: Run Behavior\ReadHtmlCacheBehavior [ RunTime:0.001432s ]
INFO: [ app_begin ] --END-- [ RunTime:0.001498s ]
NOTIC: [2048] Declaration of Home\Controller\BlogController::show() should be compatible with that of Think\Controller::show() E:\web\Apache\htdocs\4yue\rikao\blog\Application\Home\Controller\BlogController.class.php 第 75 行.
NOTIC: [2048] Declaration of Home\Model\BlogModel::select() should be compatible with that of Think\Model::select() E:\web\Apache\htdocs\4yue\rikao\blog\Application\Home\Model\BlogModel.class.php 第 4 行.
SQL: SHOW COLUMNS FROM `blog` [ RunTime:0.0314s ]
SQL: SHOW COLUMNS FROM `blog` [ RunTime:0.0320s ]
SQL: SELECT * FROM `blog`  [ RunTime:0.0045s ]
SQL: SHOW COLUMNS FROM `blog_label` [ RunTime:0.0282s ]
SQL: SELECT `label_name` FROM `blog_label` INNER JOIN label on blog_label.label_id=label.label_id  WHERE ( blog_id=66 )  [ RunTime:0.0056s ]
SQL: SELECT `label_name` FROM `blog_label` INNER JOIN label on blog_label.label_id=label.label_id  WHERE ( blog_id=67 )  [ RunTime:0.0010s ]
SQL: SELECT `label_name` FROM `blog_label` INNER JOIN label on blog_label.label_id=label.label_id  WHERE ( blog_id=69 )  [ RunTime:0.0016s ]
SQL: SELECT `label_name` FROM `blog_label` INNER JOIN label on blog_label.label_id=label.label_id  WHERE ( blog_id=70 )  [ RunTime:0.0010s ]
INFO: [ view_parse ] --START--
INFO: [ template_filter ] --START--
INFO: Run Behavior\ContentReplaceBehavior [ RunTime:0.000037s ]
INFO: [ template_filter ] --END-- [ RunTime:0.000089s ]
INFO: Run Behavior\ParseTemplateBehavior [ RunTime:0.012705s ]
INFO: [ view_parse ] --END-- [ RunTime:0.012786s ]
INFO: [ view_filter ] --START--
INFO: Run Behavior\WriteHtmlCacheBehavior [ RunTime:0.001046s ]
INFO: [ view_filter ] --END-- [ RunTime:0.001114s ]
INFO: [ app_end ] --START--
INFO: Run Behavior\ShowPageTraceBehavior [ RunTime:0.001438s ]
INFO: [ app_end ] --END-- [ RunTime:0.001491s ]

